2023-09-19T21:28:40.418+0800	info	raft/util.go:13	  投票  收到 5 的投票邀请,term为 98
2023-09-19T21:28:40.418+0800	info	raft/util.go:13	  投票  本节点已经投票给 2 故拒绝
2023-09-19T21:28:40.481+0800	info	raft/util.go:13	  投票  收到 2 的投票邀请,term为 99
2023-09-19T21:28:40.481+0800	info	raft/util.go:13	  状态更新  节点 3 遇到更高term,更新term为 99 
2023-09-19T21:28:40.481+0800	info	raft/util.go:13	  投票  符合要求,投给 2 
2023-09-19T21:28:40.481+0800	info	raft/util.go:13	  投票  收到 4 的投票邀请,term为 99
2023-09-19T21:28:40.481+0800	info	raft/util.go:13	  投票  本节点已经投票给 2 故拒绝
2023-09-19T21:28:40.512+0800	info	raft/util.go:13	  心跳  收到权威leader心跳,来自 1   leader 的commit index为2237我的commit index为2003
2023-09-19T21:28:40.512+0800	info	raft/util.go:13	  日志对齐  发现log比leader落后
2023-09-19T21:28:40.558+0800	info	raft/util.go:13	  leader_snapshot  收到的snapshot的index为2237  现在我的log为|  index:2237 term:90 cmd:-1 | 
2023-09-19T21:28:40.620+0800	info	raft/util.go:13	  心跳  收到权威leader心跳,来自 1   leader 的commit index为2237我的commit index为2237
2023-09-19T21:28:40.620+0800	info	raft/util.go:13	  日志对齐  本节点日志和leader已经对齐,本节点日志为|  index:2237 term:90 cmd:-1 | 
2023-09-19T21:28:40.676+0800	info	raft/util.go:13	  心跳  收到权威leader心跳,来自 1   leader 的commit index为2237我的commit index为2237
2023-09-19T21:28:40.676+0800	info	raft/util.go:13	  日志对齐  本节点日志和leader已经对齐,本节点日志为|  index:2237 term:90 cmd:-1 | 
2023-09-19T21:28:40.737+0800	info	raft/util.go:13	  心跳  收到权威leader心跳,来自 1   leader 的commit index为2237我的commit index为2237
2023-09-19T21:28:40.737+0800	info	raft/util.go:13	  日志对齐  本节点日志和leader已经对齐,本节点日志为|  index:2237 term:90 cmd:-1 | 
2023-09-19T21:28:40.784+0800	info	raft/util.go:13	  投票  收到 2 的投票邀请,term为 100
2023-09-19T21:28:40.784+0800	info	raft/util.go:13	  状态更新  节点 3 遇到更高term,更新term为 100 
2023-09-19T21:28:40.784+0800	info	raft/util.go:13	  投票  符合要求,投给 2 
2023-09-19T21:28:40.799+0800	info	raft/util.go:13	  投票  收到 4 的投票邀请,term为 100
2023-09-19T21:28:40.799+0800	info	raft/util.go:13	  投票  本节点已经投票给 2 故拒绝
2023-09-19T21:28:40.953+0800	info	raft/util.go:13	  投票  发起term为 101 的选举
2023-09-19T21:28:40.953+0800	info	raft/util.go:13	  投票  向节点6发送投票邀请
2023-09-19T21:28:40.953+0800	info	raft/util.go:13	  投票  向节点2发送投票邀请
2023-09-19T21:28:40.953+0800	info	raft/util.go:13	  投票  向节点5发送投票邀请
2023-09-19T21:28:40.953+0800	info	raft/util.go:13	  投票  向节点4发送投票邀请
2023-09-19T21:28:40.953+0800	info	raft/util.go:13	  投票  向节点0发送投票邀请
2023-09-19T21:28:40.953+0800	info	raft/util.go:13	  投票  向节点1发送投票邀请
2023-09-19T21:28:40.968+0800	info	raft/util.go:13	  投票  收到 6 的投票
2023-09-19T21:28:40.968+0800	info	raft/util.go:13	  投票  收到 4 的投票
2023-09-19T21:28:40.968+0800	info	raft/util.go:13	  投票  收到 1 的投票
2023-09-19T21:28:40.968+0800	info	raft/util.go:13	  投票  节点 3 成为leader
2023-09-19T21:28:40.984+0800	info	raft/util.go:13	  心跳  给节点 4 发送心跳成功
2023-09-19T21:28:40.984+0800	info	raft/util.go:13	  日志对齐  4的日志落后
2023-09-19T21:28:40.984+0800	info	raft/util.go:13	  心跳  给节点 6 发送心跳成功
2023-09-19T21:28:40.984+0800	info	raft/util.go:13	  日志对齐  6 日志没有冲突
2023-09-19T21:28:40.984+0800	info	raft/util.go:13	  心跳  给节点 2 发送心跳成功
2023-09-19T21:28:40.984+0800	info	raft/util.go:13	  日志对齐  2 日志没有冲突
2023-09-19T21:28:40.999+0800	info	raft/util.go:13	  心跳  给节点 0 发送心跳成功
2023-09-19T21:28:40.999+0800	info	raft/util.go:13	  心跳  给节点 5 发送心跳成功
2023-09-19T21:28:40.999+0800	info	raft/util.go:13	  心跳  给节点 1 发送心跳成功
2023-09-19T21:28:40.999+0800	info	raft/util.go:13	  日志对齐  5 日志没有冲突
2023-09-19T21:28:40.999+0800	info	raft/util.go:13	  日志对齐  1 日志没有冲突
2023-09-19T21:28:41.031+0800	info	raft/util.go:13	  心跳  给节点 2 发送心跳成功
2023-09-19T21:28:41.031+0800	info	raft/util.go:13	  日志对齐  2 日志没有冲突
2023-09-19T21:28:41.031+0800	info	raft/util.go:13	  心跳  给节点 5 发送心跳成功
2023-09-19T21:28:41.031+0800	info	raft/util.go:13	  日志对齐  5 日志没有冲突
2023-09-19T21:28:41.047+0800	info	raft/util.go:13	  心跳  给节点 6 发送心跳成功
2023-09-19T21:28:41.047+0800	info	raft/util.go:13	  日志对齐  6 日志没有冲突
2023-09-19T21:28:41.047+0800	info	raft/util.go:13	  心跳  给节点 0 发送心跳成功
2023-09-19T21:28:41.047+0800	info	raft/util.go:13	  日志对齐  0 日志没有冲突
2023-09-19T21:28:41.047+0800	info	raft/util.go:13	  心跳  给节点 4 发送心跳成功
2023-09-19T21:28:41.047+0800	info	raft/util.go:13	  日志对齐  4 日志没有冲突
2023-09-19T21:28:41.063+0800	info	raft/util.go:13	  新日志  leader接收到新的cmd,新的log为 : |  index:2237 term:90 cmd:-1 | 
2023-09-19T21:28:41.079+0800	info	raft/util.go:13	  心跳  给节点 2 发送心跳成功
2023-09-19T21:28:41.079+0800	info	raft/util.go:13	  日志对齐  2 日志没有冲突
2023-09-19T21:28:41.079+0800	info	raft/util.go:13	  心跳  给节点 4 发送心跳成功
2023-09-19T21:28:41.079+0800	info	raft/util.go:13	  心跳  给节点 5 发送心跳成功
2023-09-19T21:28:41.079+0800	info	raft/util.go:13	  日志对齐  4 日志没有冲突
2023-09-19T21:28:41.079+0800	info	raft/util.go:13	  日志对齐  5 日志没有冲突
2023-09-19T21:28:41.079+0800	info	raft/util.go:13	  日志提交  leader尝试发起commitindex=2250
2023-09-19T21:28:41.079+0800	info	raft/util.go:13	  日志提交  提交的index: 2237
2023-09-19T21:28:41.079+0800	info	raft/util.go:13	  日志提交  提交的index: 2238
2023-09-19T21:28:41.080+0800	info	raft/util.go:13	  snapshot  收到的index为 2238 安装snapshot,新的log为 : |  index:2238 term:101 cmd:-1 | 
2023-09-19T21:28:41.080+0800	info	raft/util.go:13	  日志提交  提交的index: 2239
2023-09-19T21:28:41.080+0800	info	raft/util.go:13	  日志提交  提交的index: 2240
2023-09-19T21:28:41.080+0800	info	raft/util.go:13	  日志提交  提交的index: 2241
2023-09-19T21:28:41.080+0800	info	raft/util.go:13	  日志提交  提交的index: 2242
2023-09-19T21:28:41.080+0800	info	raft/util.go:13	  日志提交  提交的index: 2243
2023-09-19T21:28:41.080+0800	info	raft/util.go:13	  日志提交  提交的index: 2244
2023-09-19T21:28:41.080+0800	info	raft/util.go:13	  日志提交  提交的index: 2245
2023-09-19T21:28:41.080+0800	info	raft/util.go:13	  日志提交  提交的index: 2246
2023-09-19T21:28:41.080+0800	info	raft/util.go:13	  日志提交  提交的index: 2247
2023-09-19T21:28:41.080+0800	info	raft/util.go:13	  日志提交  提交的index: 2248
2023-09-19T21:28:41.080+0800	info	raft/util.go:13	  日志提交  提交的index: 2249
2023-09-19T21:28:41.083+0800	info	raft/util.go:13	  心跳  给节点 0 发送心跳成功
2023-09-19T21:28:41.083+0800	info	raft/util.go:13	  日志对齐  0 日志没有冲突
2023-09-19T21:28:41.094+0800	info	raft/util.go:13	  心跳  给节点 4 发送心跳成功
2023-09-19T21:28:41.094+0800	info	raft/util.go:13	  日志对齐  4 日志没有冲突
2023-09-19T21:28:41.094+0800	info	raft/util.go:13	  心跳  给节点 1 发送心跳成功
2023-09-19T21:28:41.094+0800	info	raft/util.go:13	  日志对齐  1 日志没有冲突
2023-09-19T21:28:41.094+0800	info	raft/util.go:13	  心跳  给节点 6 发送心跳成功
2023-09-19T21:28:41.094+0800	info	raft/util.go:13	  日志对齐  6 日志没有冲突
2023-09-19T21:28:41.110+0800	info	raft/util.go:13	  心跳  给节点 5 发送心跳成功
2023-09-19T21:28:41.110+0800	info	raft/util.go:13	  日志对齐  5 日志没有冲突
2023-09-19T21:28:41.110+0800	info	raft/util.go:13	  心跳  给节点 2 发送心跳成功
2023-09-19T21:28:41.110+0800	info	raft/util.go:13	  日志对齐  2 日志没有冲突
2023-09-19T21:28:41.156+0800	info	raft/util.go:13	  心跳  给节点 4 发送心跳成功
2023-09-19T21:28:41.156+0800	info	raft/util.go:13	  日志对齐  4 日志没有冲突
2023-09-19T21:28:41.156+0800	info	raft/util.go:13	  心跳  给节点 0 发送心跳成功
2023-09-19T21:28:41.156+0800	info	raft/util.go:13	  日志对齐  0 日志没有冲突
2023-09-19T21:28:41.156+0800	info	raft/util.go:13	  心跳  给节点 1 发送心跳成功
2023-09-19T21:28:41.156+0800	info	raft/util.go:13	  日志对齐  1 日志没有冲突
2023-09-19T21:28:41.171+0800	info	raft/util.go:13	  心跳  给节点 2 发送心跳成功
2023-09-19T21:28:41.171+0800	info	raft/util.go:13	  日志对齐  2 日志没有冲突
2023-09-19T21:28:41.203+0800	info	raft/util.go:13	  心跳  给节点 0 发送心跳成功
2023-09-19T21:28:41.203+0800	info	raft/util.go:13	  日志对齐  0 日志没有冲突
2023-09-19T21:28:41.218+0800	info	raft/util.go:13	  心跳  给节点 2 发送心跳成功
2023-09-19T21:28:41.218+0800	info	raft/util.go:13	  日志对齐  2 日志没有冲突
2023-09-19T21:28:41.234+0800	info	raft/util.go:13	  心跳  给节点 6 发送心跳成功
2023-09-19T21:28:41.234+0800	info	raft/util.go:13	  日志对齐  6 日志没有冲突
2023-09-19T21:28:41.234+0800	info	raft/util.go:13	  心跳  给节点 4 发送心跳成功
2023-09-19T21:28:41.234+0800	info	raft/util.go:13	  日志对齐  4 日志没有冲突
2023-09-19T21:28:41.249+0800	info	raft/util.go:13	  新日志  leader接收到新的cmd,新的log为 : |  index:2238 term:101 cmd:-1 | 
2023-09-19T21:28:41.265+0800	info	raft/util.go:13	  心跳  给节点 4 发送心跳成功
2023-09-19T21:28:41.265+0800	info	raft/util.go:13	  心跳  给节点 2 发送心跳成功
2023-09-19T21:28:41.265+0800	info	raft/util.go:13	  日志对齐  2 日志没有冲突
2023-09-19T21:28:41.265+0800	info	raft/util.go:13	  心跳  给节点 6 发送心跳成功
2023-09-19T21:28:41.265+0800	info	raft/util.go:13	  日志对齐  6 日志没有冲突
2023-09-19T21:28:41.265+0800	info	raft/util.go:13	  心跳  给节点 0 发送心跳成功
2023-09-19T21:28:41.265+0800	info	raft/util.go:13	  日志对齐  4 日志没有冲突
2023-09-19T21:28:41.265+0800	info	raft/util.go:13	  日志对齐  0 日志没有冲突
2023-09-19T21:28:41.265+0800	info	raft/util.go:13	  日志提交  leader尝试发起commitindex=2251
2023-09-19T21:28:41.265+0800	info	raft/util.go:13	  日志提交  提交的index: 2250
2023-09-19T21:28:41.269+0800	info	raft/util.go:13	  心跳  给节点 5 发送心跳成功
2023-09-19T21:28:41.269+0800	info	raft/util.go:13	  日志对齐  5 日志没有冲突
2023-09-19T21:28:41.281+0800	info	raft/util.go:13	  新日志  leader接收到新的cmd,新的log为 : |  index:2238 term:101 cmd:-1 | 
2023-09-19T21:28:41.281+0800	info	raft/util.go:13	  心跳  给节点 4 发送心跳成功
2023-09-19T21:28:41.281+0800	info	raft/util.go:13	  心跳  给节点 0 发送心跳成功
2023-09-19T21:28:41.281+0800	info	raft/util.go:13	  日志对齐  4 日志没有冲突
2023-09-19T21:28:41.281+0800	info	raft/util.go:13	  日志对齐  0 日志没有冲突
2023-09-19T21:28:41.297+0800	info	raft/util.go:13	  心跳  给节点 6 发送心跳成功
2023-09-19T21:28:41.297+0800	info	raft/util.go:13	  日志对齐  6 日志没有冲突
2023-09-19T21:28:41.297+0800	info	raft/util.go:13	  心跳  给节点 2 发送心跳成功
2023-09-19T21:28:41.297+0800	info	raft/util.go:13	  日志对齐  2 日志没有冲突
2023-09-19T21:28:41.297+0800	info	raft/util.go:13	  心跳  给节点 0 发送心跳成功
2023-09-19T21:28:41.297+0800	info	raft/util.go:13	  日志对齐  0 日志没有冲突
2023-09-19T21:28:41.297+0800	info	raft/util.go:13	  心跳  给节点 1 发送心跳成功
2023-09-19T21:28:41.297+0800	info	raft/util.go:13	  日志对齐  1 日志没有冲突
2023-09-19T21:28:41.297+0800	info	raft/util.go:13	  心跳  给节点 5 发送心跳成功
2023-09-19T21:28:41.297+0800	info	raft/util.go:13	  日志对齐  5的日志落后
2023-09-19T21:28:41.297+0800	info	raft/util.go:13	  心跳  给节点 6 发送心跳成功
2023-09-19T21:28:41.298+0800	info	raft/util.go:13	  日志对齐  6 日志没有冲突
2023-09-19T21:28:41.298+0800	info	raft/util.go:13	  日志提交  leader尝试发起commitindex=2252
2023-09-19T21:28:41.298+0800	info	raft/util.go:13	  日志提交  提交的index: 2251
2023-09-19T21:28:41.298+0800	info	raft/util.go:13	  snapshot  收到的index为 2252 安装snapshot,新的log为 : |  index:2252 term:101 cmd:-1 | 
2023-09-19T21:28:41.312+0800	info	raft/util.go:13	  新日志  leader接收到新的cmd,新的log为 : |  index:2252 term:101 cmd:-1 | 
2023-09-19T21:28:41.312+0800	info	raft/util.go:13	  心跳  给节点 4 发送心跳成功
2023-09-19T21:28:41.312+0800	info	raft/util.go:13	  日志对齐  4 日志没有冲突
2023-09-19T21:28:41.312+0800	info	raft/util.go:13	  心跳  给节点 2 发送心跳成功
2023-09-19T21:28:41.312+0800	info	raft/util.go:13	  日志对齐  2 日志没有冲突
2023-09-19T21:28:41.327+0800	info	raft/util.go:13	  心跳  给节点 0 发送心跳成功
2023-09-19T21:28:41.327+0800	info	raft/util.go:13	  日志对齐  0 日志没有冲突
2023-09-19T21:28:41.327+0800	info	raft/util.go:13	  心跳  给节点 1 发送心跳成功
2023-09-19T21:28:41.327+0800	info	raft/util.go:13	  日志对齐  1 日志没有冲突
2023-09-19T21:28:41.343+0800	info	raft/util.go:13	  心跳  给节点 1 发送心跳成功
2023-09-19T21:28:41.343+0800	info	raft/util.go:13	  日志对齐  1 日志没有冲突
2023-09-19T21:28:41.343+0800	info	raft/util.go:13	  心跳  给节点 5 发送心跳成功
2023-09-19T21:28:41.343+0800	info	raft/util.go:13	  日志对齐  5 日志没有冲突
2023-09-19T21:28:41.343+0800	info	raft/util.go:13	  日志提交  leader尝试发起commitindex=2253
2023-09-19T21:28:41.343+0800	info	raft/util.go:13	  心跳  给节点 6 发送心跳成功
2023-09-19T21:28:41.343+0800	info	raft/util.go:13	  日志提交  提交的index: 2252
2023-09-19T21:28:41.343+0800	info	raft/util.go:13	  日志对齐  6 日志没有冲突
2023-09-19T21:28:41.343+0800	info	raft/util.go:13	  心跳  给节点 6 发送心跳成功
2023-09-19T21:28:41.343+0800	info	raft/util.go:13	  日志对齐  6 日志没有冲突
2023-09-19T21:28:41.363+0800	info	raft/util.go:13	  心跳  给节点 0 发送心跳成功
2023-09-19T21:28:41.363+0800	info	raft/util.go:13	  日志对齐  0 日志没有冲突
2023-09-19T21:28:41.363+0800	info	raft/util.go:13	  心跳  给节点 5 发送心跳成功
2023-09-19T21:28:41.363+0800	info	raft/util.go:13	  日志对齐  5 日志没有冲突
2023-09-19T21:28:41.363+0800	info	raft/util.go:13	  心跳  给节点 2 发送心跳成功
2023-09-19T21:28:41.363+0800	info	raft/util.go:13	  日志对齐  2 日志没有冲突
2023-09-19T21:28:41.378+0800	info	raft/util.go:13	  新日志  leader接收到新的cmd,新的log为 : |  index:2252 term:101 cmd:-1 | 
2023-09-19T21:28:41.393+0800	info	raft/util.go:13	  心跳  给节点 5 发送心跳成功
2023-09-19T21:28:41.393+0800	info	raft/util.go:13	  日志对齐  5 日志没有冲突
2023-09-19T21:28:41.393+0800	info	raft/util.go:13	  心跳  给节点 4 发送心跳成功
2023-09-19T21:28:41.393+0800	info	raft/util.go:13	  日志对齐  4 日志没有冲突
2023-09-19T21:28:41.393+0800	info	raft/util.go:13	  心跳  给节点 0 发送心跳成功
2023-09-19T21:28:41.393+0800	info	raft/util.go:13	  日志对齐  0 日志没有冲突
2023-09-19T21:28:41.393+0800	info	raft/util.go:13	  心跳  给节点 6 发送心跳成功
2023-09-19T21:28:41.393+0800	info	raft/util.go:13	  日志对齐  6 日志没有冲突
2023-09-19T21:28:41.393+0800	info	raft/util.go:13	  心跳  给节点 4 发送心跳成功
2023-09-19T21:28:41.393+0800	info	raft/util.go:13	  心跳  给节点 1 发送心跳成功
2023-09-19T21:28:41.393+0800	info	raft/util.go:13	  日志对齐  1 日志没有冲突
2023-09-19T21:28:41.393+0800	info	raft/util.go:13	  日志对齐  4 日志没有冲突
2023-09-19T21:28:41.393+0800	info	raft/util.go:13	  心跳  给节点 5 发送心跳成功
2023-09-19T21:28:41.393+0800	info	raft/util.go:13	  心跳  给节点 1 发送心跳成功
2023-09-19T21:28:41.394+0800	info	raft/util.go:13	  日志对齐  1 日志没有冲突
2023-09-19T21:28:41.394+0800	info	raft/util.go:13	  日志提交  leader尝试发起commitindex=2254
2023-09-19T21:28:41.393+0800	info	raft/util.go:13	  日志对齐  5 日志没有冲突
2023-09-19T21:28:41.394+0800	info	raft/util.go:13	  日志提交  提交的index: 2253
2023-09-19T21:28:41.409+0800	info	raft/util.go:13	  心跳  给节点 2 发送心跳成功
2023-09-19T21:28:41.409+0800	info	raft/util.go:13	  日志对齐  2 日志没有冲突
2023-09-19T21:28:41.409+0800	info	raft/util.go:13	  心跳  给节点 6 发送心跳成功
2023-09-19T21:28:41.409+0800	info	raft/util.go:13	  日志对齐  6 日志没有冲突
2023-09-19T21:28:41.409+0800	info	raft/util.go:13	  心跳  给节点 0 发送心跳成功
2023-09-19T21:28:41.409+0800	info	raft/util.go:13	  日志对齐  0 日志没有冲突
2023-09-19T21:28:41.409+0800	info	raft/util.go:13	  心跳  给节点 2 发送心跳成功
2023-09-19T21:28:41.409+0800	info	raft/util.go:13	  日志对齐  2 日志没有冲突
2023-09-19T21:28:41.456+0800	info	raft/util.go:13	  心跳  给节点 0 发送心跳成功
2023-09-19T21:28:41.456+0800	info	raft/util.go:13	  日志对齐  0 日志没有冲突
2023-09-19T21:28:41.456+0800	info	raft/util.go:13	  心跳  给节点 2 发送心跳成功
2023-09-19T21:28:41.456+0800	info	raft/util.go:13	  日志对齐  2 日志没有冲突
2023-09-19T21:28:41.456+0800	info	raft/util.go:13	  心跳  给节点 5 发送心跳成功
2023-09-19T21:28:41.456+0800	info	raft/util.go:13	  日志对齐  5 日志没有冲突
2023-09-19T21:28:41.456+0800	info	raft/util.go:13	  心跳  给节点 4 发送心跳成功
2023-09-19T21:28:41.456+0800	info	raft/util.go:13	  日志对齐  4 日志没有冲突
2023-09-19T21:28:41.456+0800	info	raft/util.go:13	  心跳  给节点 6 发送心跳成功
2023-09-19T21:28:41.456+0800	info	raft/util.go:13	  日志对齐  6 日志没有冲突
2023-09-19T21:28:41.472+0800	info	raft/util.go:13	  心跳  给节点 1 发送心跳成功
2023-09-19T21:28:41.472+0800	info	raft/util.go:13	  日志对齐  1 日志没有冲突
2023-09-19T21:28:41.518+0800	info	raft/util.go:13	  心跳  给节点 1 发送心跳成功
2023-09-19T21:28:41.518+0800	info	raft/util.go:13	  日志对齐  1 日志没有冲突
2023-09-19T21:28:41.518+0800	info	raft/util.go:13	  心跳  给节点 4 发送心跳成功
2023-09-19T21:28:41.518+0800	info	raft/util.go:13	  日志对齐  4 日志没有冲突
2023-09-19T21:28:41.518+0800	info	raft/util.go:13	  心跳  给节点 2 发送心跳成功
2023-09-19T21:28:41.518+0800	info	raft/util.go:13	  日志对齐  2 日志没有冲突
2023-09-19T21:28:41.534+0800	info	raft/util.go:13	  心跳  给节点 5 发送心跳成功
2023-09-19T21:28:41.534+0800	info	raft/util.go:13	  日志对齐  5 日志没有冲突
2023-09-19T21:28:41.534+0800	info	raft/util.go:13	  心跳  给节点 0 发送心跳成功
2023-09-19T21:28:41.534+0800	info	raft/util.go:13	  日志对齐  0 日志没有冲突
2023-09-19T21:28:41.580+0800	info	raft/util.go:13	  心跳  给节点 0 发送心跳成功
2023-09-19T21:28:41.580+0800	info	raft/util.go:13	  日志对齐  0 日志没有冲突
2023-09-19T21:28:41.580+0800	info	raft/util.go:13	  心跳  给节点 2 发送心跳成功
2023-09-19T21:28:41.580+0800	info	raft/util.go:13	  日志对齐  2 日志没有冲突
2023-09-19T21:28:41.596+0800	info	raft/util.go:13	  心跳  给节点 6 发送心跳成功
2023-09-19T21:28:41.596+0800	info	raft/util.go:13	  日志对齐  6 日志没有冲突
2023-09-19T21:28:41.596+0800	info	raft/util.go:13	  心跳  给节点 1 发送心跳成功
2023-09-19T21:28:41.596+0800	info	raft/util.go:13	  心跳  给节点 5 发送心跳成功
2023-09-19T21:28:41.596+0800	info	raft/util.go:13	  日志对齐  5 日志没有冲突
2023-09-19T21:28:41.596+0800	info	raft/util.go:13	  日志对齐  1 日志没有冲突
2023-09-19T21:28:41.642+0800	info	raft/util.go:13	  心跳  给节点 2 发送心跳成功
2023-09-19T21:28:41.642+0800	info	raft/util.go:13	  日志对齐  2 日志没有冲突
2023-09-19T21:28:41.642+0800	info	raft/util.go:13	  心跳  给节点 1 发送心跳成功
2023-09-19T21:28:41.642+0800	info	raft/util.go:13	  心跳  给节点 0 发送心跳成功
2023-09-19T21:28:41.642+0800	info	raft/util.go:13	  日志对齐  1 日志没有冲突
2023-09-19T21:28:41.642+0800	info	raft/util.go:13	  心跳  给节点 4 发送心跳成功
2023-09-19T21:28:41.642+0800	info	raft/util.go:13	  日志对齐  0 日志没有冲突
2023-09-19T21:28:41.642+0800	info	raft/util.go:13	  日志对齐  4 日志没有冲突
2023-09-19T21:28:41.642+0800	info	raft/util.go:13	  心跳  给节点 6 发送心跳成功
2023-09-19T21:28:41.642+0800	info	raft/util.go:13	  日志对齐  6 日志没有冲突
2023-09-19T21:28:41.703+0800	info	raft/util.go:13	  新日志  leader接收到新的cmd,新的log为 : |  index:2252 term:101 cmd:-1 | 
2023-09-19T21:28:41.703+0800	info	raft/util.go:13	  心跳  给节点 0 发送心跳成功
2023-09-19T21:28:41.703+0800	info	raft/util.go:13	  日志对齐  0 日志没有冲突
2023-09-19T21:28:41.703+0800	info	raft/util.go:13	  心跳  给节点 4 发送心跳成功
2023-09-19T21:28:41.703+0800	info	raft/util.go:13	  日志对齐  4 日志没有冲突
2023-09-19T21:28:41.703+0800	info	raft/util.go:13	  心跳  给节点 5 发送心跳成功
2023-09-19T21:28:41.703+0800	info	raft/util.go:13	  日志对齐  5 日志没有冲突
2023-09-19T21:28:41.719+0800	info	raft/util.go:13	  心跳  给节点 2 发送心跳成功
2023-09-19T21:28:41.719+0800	info	raft/util.go:13	  心跳  给节点 6 发送心跳成功
2023-09-19T21:28:41.719+0800	info	raft/util.go:13	  日志对齐  6 日志没有冲突
2023-09-19T21:28:41.719+0800	info	raft/util.go:13	  日志对齐  2 日志没有冲突
2023-09-19T21:28:41.719+0800	info	raft/util.go:13	  心跳  给节点 2 发送心跳成功
2023-09-19T21:28:41.719+0800	info	raft/util.go:13	  日志对齐  2 日志没有冲突
2023-09-19T21:28:41.734+0800	info	raft/util.go:13	  心跳  给节点 4 发送心跳成功
2023-09-19T21:28:41.734+0800	info	raft/util.go:13	  日志对齐  4 日志没有冲突
2023-09-19T21:28:41.734+0800	info	raft/util.go:13	  心跳  给节点 1 发送心跳成功
2023-09-19T21:28:41.734+0800	info	raft/util.go:13	  日志对齐  1 日志没有冲突
2023-09-19T21:28:41.734+0800	info	raft/util.go:13	  日志提交  leader尝试发起commitindex=2255
2023-09-19T21:28:41.734+0800	info	raft/util.go:13	  日志提交  提交的index: 2254
2023-09-19T21:28:41.749+0800	info	raft/util.go:13	  新日志  leader接收到新的cmd,新的log为 : |  index:2252 term:101 cmd:-1 | 
2023-09-19T21:28:41.749+0800	info	raft/util.go:13	  心跳  给节点 6 发送心跳成功
2023-09-19T21:28:41.749+0800	info	raft/util.go:13	  日志对齐  6 日志没有冲突
2023-09-19T21:28:41.764+0800	info	raft/util.go:13	  心跳  给节点 2 发送心跳成功
2023-09-19T21:28:41.764+0800	info	raft/util.go:13	  日志对齐  2 日志没有冲突
2023-09-19T21:28:41.764+0800	info	raft/util.go:13	  心跳  给节点 0 发送心跳成功
2023-09-19T21:28:41.764+0800	info	raft/util.go:13	  心跳  给节点 5 发送心跳成功
2023-09-19T21:28:41.764+0800	info	raft/util.go:13	  日志对齐  5 日志没有冲突
2023-09-19T21:28:41.764+0800	info	raft/util.go:13	  心跳  给节点 6 发送心跳成功
2023-09-19T21:28:41.764+0800	info	raft/util.go:13	  日志对齐  0的日志落后
2023-09-19T21:28:41.764+0800	info	raft/util.go:13	  日志对齐  6 日志没有冲突
2023-09-19T21:28:41.764+0800	info	raft/util.go:13	  心跳  给节点 5 发送心跳成功
2023-09-19T21:28:41.764+0800	info	raft/util.go:13	  日志对齐  5 日志没有冲突
2023-09-19T21:28:41.779+0800	info	raft/util.go:13	  心跳  给节点 1 发送心跳成功
2023-09-19T21:28:41.779+0800	info	raft/util.go:13	  心跳  给节点 4 发送心跳成功
2023-09-19T21:28:41.779+0800	info	raft/util.go:13	  日志对齐  4 日志没有冲突
2023-09-19T21:28:41.779+0800	info	raft/util.go:13	  日志对齐  1 日志没有冲突
2023-09-19T21:28:41.779+0800	info	raft/util.go:13	  心跳  给节点 2 发送心跳成功
2023-09-19T21:28:41.779+0800	info	raft/util.go:13	  心跳  给节点 1 发送心跳成功
2023-09-19T21:28:41.779+0800	info	raft/util.go:13	  日志对齐  2 日志没有冲突
2023-09-19T21:28:41.779+0800	info	raft/util.go:13	  日志对齐  1 日志没有冲突
2023-09-19T21:28:41.779+0800	info	raft/util.go:13	  日志提交  leader尝试发起commitindex=2256
2023-09-19T21:28:41.779+0800	info	raft/util.go:13	  日志提交  提交的index: 2255
2023-09-19T21:28:41.811+0800	info	raft/util.go:13	  新日志  leader接收到新的cmd,新的log为 : |  index:2252 term:101 cmd:-1 | 
2023-09-19T21:28:41.811+0800	info	raft/util.go:13	  心跳  给节点 1 发送心跳成功
2023-09-19T21:28:41.811+0800	info	raft/util.go:13	  日志对齐  1 日志没有冲突
2023-09-19T21:28:41.811+0800	info	raft/util.go:13	  心跳  给节点 6 发送心跳成功
2023-09-19T21:28:41.811+0800	info	raft/util.go:13	  日志对齐  6 日志没有冲突
2023-09-19T21:28:41.826+0800	info	raft/util.go:13	  心跳  给节点 0 发送心跳成功
2023-09-19T21:28:41.826+0800	info	raft/util.go:13	  日志对齐  0 日志没有冲突
2023-09-19T21:28:41.826+0800	info	raft/util.go:13	  心跳  给节点 5 发送心跳成功
2023-09-19T21:28:41.826+0800	info	raft/util.go:13	  日志对齐  5 日志没有冲突
2023-09-19T21:28:41.826+0800	info	raft/util.go:13	  日志提交  leader尝试发起commitindex=2257
2023-09-19T21:28:41.826+0800	info	raft/util.go:13	  日志提交  提交的index: 2256
2023-09-19T21:28:41.826+0800	info	raft/util.go:13	  心跳  给节点 0 发送心跳成功
2023-09-19T21:28:41.826+0800	info	raft/util.go:13	  日志对齐  0 日志没有冲突
2023-09-19T21:28:41.830+0800	info	raft/util.go:13	  心跳  给节点 4 发送心跳成功
2023-09-19T21:28:41.830+0800	info	raft/util.go:13	  日志对齐  4 日志没有冲突
2023-09-19T21:28:41.842+0800	info	raft/util.go:13	  心跳  给节点 6 发送心跳成功
2023-09-19T21:28:41.842+0800	info	raft/util.go:13	  日志对齐  6 日志没有冲突
2023-09-19T21:28:41.842+0800	info	raft/util.go:13	  心跳  给节点 5 发送心跳成功
2023-09-19T21:28:41.842+0800	info	raft/util.go:13	  日志对齐  5 日志没有冲突
2023-09-19T21:28:41.842+0800	info	raft/util.go:13	  心跳  给节点 2 发送心跳成功
2023-09-19T21:28:41.842+0800	info	raft/util.go:13	  日志对齐  2 日志没有冲突
2023-09-19T21:28:41.842+0800	info	raft/util.go:13	  心跳  给节点 4 发送心跳成功
2023-09-19T21:28:41.842+0800	info	raft/util.go:13	  日志对齐  4 日志没有冲突
2023-09-19T21:28:41.842+0800	info	raft/util.go:13	  心跳  给节点 1 发送心跳成功
2023-09-19T21:28:41.842+0800	info	raft/util.go:13	  日志对齐  1 日志没有冲突
2023-09-19T21:28:41.872+0800	info	raft/util.go:13	  心跳  给节点 1 发送心跳成功
2023-09-19T21:28:41.872+0800	info	raft/util.go:13	  日志对齐  1 日志没有冲突
2023-09-19T21:28:41.888+0800	info	raft/util.go:13	  心跳  给节点 0 发送心跳成功
2023-09-19T21:28:41.888+0800	info	raft/util.go:13	  日志对齐  0 日志没有冲突
2023-09-19T21:28:41.888+0800	info	raft/util.go:13	  心跳  给节点 5 发送心跳成功
2023-09-19T21:28:41.888+0800	info	raft/util.go:13	  日志对齐  5 日志没有冲突
2023-09-19T21:28:41.888+0800	info	raft/util.go:13	  心跳  给节点 2 发送心跳成功
2023-09-19T21:28:41.888+0800	info	raft/util.go:13	  日志对齐  2 日志没有冲突
2023-09-19T21:28:41.903+0800	info	raft/util.go:13	  心跳  给节点 6 发送心跳成功
2023-09-19T21:28:41.903+0800	info	raft/util.go:13	  日志对齐  6 日志没有冲突
2023-09-19T21:28:41.933+0800	info	raft/util.go:13	  心跳  给节点 1 发送心跳成功
2023-09-19T21:28:41.933+0800	info	raft/util.go:13	  日志对齐  1 日志没有冲突
2023-09-19T21:28:41.949+0800	info	raft/util.go:13	  心跳  给节点 6 发送心跳成功
2023-09-19T21:28:41.949+0800	info	raft/util.go:13	  日志对齐  6 日志没有冲突
2023-09-19T21:28:41.949+0800	info	raft/util.go:13	  心跳  给节点 2 发送心跳成功
2023-09-19T21:28:41.949+0800	info	raft/util.go:13	  日志对齐  2 日志没有冲突
2023-09-19T21:28:41.964+0800	info	raft/util.go:13	  心跳  给节点 5 发送心跳成功
2023-09-19T21:28:41.964+0800	info	raft/util.go:13	  日志对齐  5 日志没有冲突
2023-09-19T21:28:41.964+0800	info	raft/util.go:13	  心跳  给节点 0 发送心跳成功
2023-09-19T21:28:41.964+0800	info	raft/util.go:13	  日志对齐  0 日志没有冲突
2023-09-19T21:28:41.994+0800	info	raft/util.go:13	  新日志  leader接收到新的cmd,新的log为 : |  index:2252 term:101 cmd:-1 | 
2023-09-19T21:28:42.010+0800	info	raft/util.go:13	  心跳  给节点 0 发送心跳成功
2023-09-19T21:28:42.010+0800	info	raft/util.go:13	  日志对齐  0 日志没有冲突
2023-09-19T21:28:42.010+0800	info	raft/util.go:13	  心跳  给节点 4 发送心跳成功
2023-09-19T21:28:42.010+0800	info	raft/util.go:13	  日志对齐  4 日志没有冲突
2023-09-19T21:28:42.010+0800	info	raft/util.go:13	  心跳  给节点 0 发送心跳成功
2023-09-19T21:28:42.010+0800	info	raft/util.go:13	  日志对齐  0 日志没有冲突
2023-09-19T21:28:42.025+0800	info	raft/util.go:13	  心跳  给节点 4 发送心跳成功
2023-09-19T21:28:42.025+0800	info	raft/util.go:13	  心跳  给节点 2 发送心跳成功
2023-09-19T21:28:42.025+0800	info	raft/util.go:13	  日志对齐  2 日志没有冲突
2023-09-19T21:28:42.025+0800	info	raft/util.go:13	  日志提交  leader尝试发起commitindex=2258
2023-09-19T21:28:42.025+0800	info	raft/util.go:13	  心跳  给节点 1 发送心跳成功
2023-09-19T21:28:42.025+0800	info	raft/util.go:13	  日志对齐  1 日志没有冲突
2023-09-19T21:28:42.025+0800	info	raft/util.go:13	  日志对齐  4 日志没有冲突
2023-09-19T21:28:42.025+0800	info	raft/util.go:13	  心跳  给节点 2 发送心跳成功
2023-09-19T21:28:42.025+0800	info	raft/util.go:13	  日志对齐  2 日志没有冲突
2023-09-19T21:28:42.025+0800	info	raft/util.go:13	  日志提交  提交的index: 2257
2023-09-19T21:28:42.025+0800	info	raft/util.go:13	  心跳  给节点 5 发送心跳成功
2023-09-19T21:28:42.025+0800	info	raft/util.go:13	  日志对齐  5 日志没有冲突
2023-09-19T21:28:42.025+0800	info	raft/util.go:13	  心跳  给节点 5 发送心跳成功
2023-09-19T21:28:42.026+0800	info	raft/util.go:13	  日志对齐  5 日志没有冲突
2023-09-19T21:28:42.026+0800	info	raft/util.go:13	  新日志  leader接收到新的cmd,新的log为 : |  index:2252 term:101 cmd:-1 | 
2023-09-19T21:28:42.041+0800	info	raft/util.go:13	  心跳  给节点 0 发送心跳成功
2023-09-19T21:28:42.041+0800	info	raft/util.go:13	  日志对齐  0 日志没有冲突
2023-09-19T21:28:42.056+0800	info	raft/util.go:13	  心跳  给节点 5 发送心跳成功
2023-09-19T21:28:42.056+0800	info	raft/util.go:13	  日志对齐  5 日志没有冲突
2023-09-19T21:28:42.056+0800	info	raft/util.go:13	  心跳  给节点 6 发送心跳成功
2023-09-19T21:28:42.056+0800	info	raft/util.go:13	  日志对齐  6 日志没有冲突
2023-09-19T21:28:42.056+0800	info	raft/util.go:13	  日志提交  leader尝试发起commitindex=2259
2023-09-19T21:28:42.056+0800	info	raft/util.go:13	  日志提交  提交的index: 2258
2023-09-19T21:28:42.056+0800	info	raft/util.go:13	  心跳  给节点 2 发送心跳成功
2023-09-19T21:28:42.056+0800	info	raft/util.go:13	  日志对齐  2 日志没有冲突
2023-09-19T21:28:42.071+0800	info	raft/util.go:13	  新日志  leader接收到新的cmd,新的log为 : |  index:2252 term:101 cmd:-1 | 
2023-09-19T21:28:42.071+0800	info	raft/util.go:13	  心跳  给节点 2 发送心跳成功
2023-09-19T21:28:42.071+0800	info	raft/util.go:13	  心跳  给节点 6 发送心跳成功
2023-09-19T21:28:42.071+0800	info	raft/util.go:13	  日志对齐  2 日志没有冲突
2023-09-19T21:28:42.071+0800	info	raft/util.go:13	  日志对齐  6 日志没有冲突
2023-09-19T21:28:42.087+0800	info	raft/util.go:13	  心跳  给节点 4 发送心跳成功
2023-09-19T21:28:42.087+0800	info	raft/util.go:13	  心跳  给节点 0 发送心跳成功
2023-09-19T21:28:42.087+0800	info	raft/util.go:13	  心跳  给节点 5 发送心跳成功
2023-09-19T21:28:42.087+0800	info	raft/util.go:13	  心跳  给节点 1 发送心跳成功
2023-09-19T21:28:42.087+0800	info	raft/util.go:13	  日志对齐  4 日志没有冲突
2023-09-19T21:28:42.087+0800	info	raft/util.go:13	  日志对齐  0 日志没有冲突
2023-09-19T21:28:42.087+0800	info	raft/util.go:13	  日志对齐  5 日志没有冲突
2023-09-19T21:28:42.087+0800	info	raft/util.go:13	  日志对齐  1 日志没有冲突
2023-09-19T21:28:42.101+0800	info	raft/util.go:13	  心跳  给节点 1 发送心跳成功
2023-09-19T21:28:42.101+0800	info	raft/util.go:13	  日志对齐  1 日志没有冲突
2023-09-19T21:28:42.101+0800	info	raft/util.go:13	  心跳  给节点 4 发送心跳成功
2023-09-19T21:28:42.101+0800	info	raft/util.go:13	  心跳  给节点 2 发送心跳成功
2023-09-19T21:28:42.101+0800	info	raft/util.go:13	  日志对齐  4 日志没有冲突
2023-09-19T21:28:42.101+0800	info	raft/util.go:13	  日志对齐  2 日志没有冲突
2023-09-19T21:28:42.101+0800	info	raft/util.go:13	  心跳  给节点 0 发送心跳成功
2023-09-19T21:28:42.101+0800	info	raft/util.go:13	  日志提交  leader尝试发起commitindex=2260
2023-09-19T21:28:42.101+0800	info	raft/util.go:13	  日志对齐  0 日志没有冲突
2023-09-19T21:28:42.101+0800	info	raft/util.go:13	  日志提交  提交的index: 2259
2023-09-19T21:28:42.116+0800	info	raft/util.go:13	  新日志  leader接收到新的cmd,新的log为 : |  index:2252 term:101 cmd:-1 | 
2023-09-19T21:28:42.131+0800	info	raft/util.go:13	  心跳  给节点 4 发送心跳成功
2023-09-19T21:28:42.131+0800	info	raft/util.go:13	  日志对齐  4 日志没有冲突
2023-09-19T21:28:42.131+0800	info	raft/util.go:13	  心跳  给节点 6 发送心跳成功
2023-09-19T21:28:42.131+0800	info	raft/util.go:13	  日志对齐  6 日志没有冲突
2023-09-19T21:28:42.131+0800	info	raft/util.go:13	  心跳  给节点 0 发送心跳成功
2023-09-19T21:28:42.131+0800	info	raft/util.go:13	  日志对齐  0 日志没有冲突
2023-09-19T21:28:42.131+0800	info	raft/util.go:13	  日志提交  leader尝试发起commitindex=2261
2023-09-19T21:28:42.131+0800	info	raft/util.go:13	  心跳  给节点 5 发送心跳成功
2023-09-19T21:28:42.131+0800	info	raft/util.go:13	  日志提交  提交的index: 2260
2023-09-19T21:28:42.132+0800	info	raft/util.go:13	  心跳  给节点 4 发送心跳成功
2023-09-19T21:28:42.132+0800	info	raft/util.go:13	  日志对齐  4 日志没有冲突
2023-09-19T21:28:42.131+0800	info	raft/util.go:13	  日志对齐  5 日志没有冲突
2023-09-19T21:28:42.132+0800	info	raft/util.go:13	  心跳  给节点 1 发送心跳成功
2023-09-19T21:28:42.132+0800	info	raft/util.go:13	  日志对齐  1 日志没有冲突
2023-09-19T21:28:42.132+0800	info	raft/util.go:13	  心跳  给节点 6 发送心跳成功
2023-09-19T21:28:42.132+0800	info	raft/util.go:13	  日志对齐  6 日志没有冲突
2023-09-19T21:28:42.135+0800	info	raft/util.go:13	  心跳  给节点 5 发送心跳成功
2023-09-19T21:28:42.135+0800	info	raft/util.go:13	  日志对齐  5 日志没有冲突
2023-09-19T21:28:42.146+0800	info	raft/util.go:13	  心跳  给节点 2 发送心跳成功
2023-09-19T21:28:42.146+0800	info	raft/util.go:13	  日志对齐  2 日志没有冲突
2023-09-19T21:28:42.162+0800	info	raft/util.go:13	  新日志  leader接收到新的cmd,新的log为 : |  index:2252 term:101 cmd:-1 | 
2023-09-19T21:28:42.177+0800	info	raft/util.go:13	  心跳  给节点 4 发送心跳成功
2023-09-19T21:28:42.177+0800	info	raft/util.go:13	  日志对齐  4 日志没有冲突
2023-09-19T21:28:42.177+0800	info	raft/util.go:13	  心跳  给节点 0 发送心跳成功
2023-09-19T21:28:42.177+0800	info	raft/util.go:13	  心跳  给节点 5 发送心跳成功
2023-09-19T21:28:42.177+0800	info	raft/util.go:13	  日志对齐  0 日志没有冲突
2023-09-19T21:28:42.177+0800	info	raft/util.go:13	  日志对齐  5 日志没有冲突
2023-09-19T21:28:42.177+0800	info	raft/util.go:13	  日志提交  leader尝试发起commitindex=2262
2023-09-19T21:28:42.177+0800	info	raft/util.go:13	  日志提交  提交的index: 2261
2023-09-19T21:28:42.181+0800	info	raft/util.go:13	  心跳  给节点 4 发送心跳成功
2023-09-19T21:28:42.181+0800	info	raft/util.go:13	  日志对齐  4 日志没有冲突
2023-09-19T21:28:42.193+0800	info	raft/util.go:13	  心跳  给节点 6 发送心跳成功
2023-09-19T21:28:42.193+0800	info	raft/util.go:13	  日志对齐  6 日志没有冲突
2023-09-19T21:28:42.193+0800	info	raft/util.go:13	  心跳  给节点 5 发送心跳成功
2023-09-19T21:28:42.193+0800	info	raft/util.go:13	  日志对齐  5 日志没有冲突
2023-09-19T21:28:42.193+0800	info	raft/util.go:13	  心跳  给节点 6 发送心跳成功
2023-09-19T21:28:42.193+0800	info	raft/util.go:13	  心跳  给节点 1 发送心跳成功
2023-09-19T21:28:42.193+0800	info	raft/util.go:13	  日志对齐  6 日志没有冲突
2023-09-19T21:28:42.193+0800	info	raft/util.go:13	  日志对齐  1 日志没有冲突
2023-09-19T21:28:42.208+0800	info	raft/util.go:13	  新日志  leader接收到新的cmd,新的log为 : |  index:2252 term:101 cmd:-1 | 
2023-09-19T21:28:42.224+0800	info	raft/util.go:13	  心跳  给节点 0 发送心跳成功
2023-09-19T21:28:42.224+0800	info	raft/util.go:13	  日志对齐  0 日志没有冲突
2023-09-19T21:28:42.224+0800	info	raft/util.go:13	  心跳  给节点 4 发送心跳成功
2023-09-19T21:28:42.224+0800	info	raft/util.go:13	  心跳  给节点 6 发送心跳成功
2023-09-19T21:28:42.224+0800	info	raft/util.go:13	  日志对齐  6 日志没有冲突
2023-09-19T21:28:42.224+0800	info	raft/util.go:13	  日志对齐  4 日志没有冲突
2023-09-19T21:28:42.224+0800	info	raft/util.go:13	  心跳  给节点 2 发送心跳成功
2023-09-19T21:28:42.224+0800	info	raft/util.go:13	  日志提交  leader尝试发起commitindex=2263
2023-09-19T21:28:42.224+0800	info	raft/util.go:13	  日志对齐  2 日志没有冲突
2023-09-19T21:28:42.224+0800	info	raft/util.go:13	  日志提交  提交的index: 2262
2023-09-19T21:28:42.228+0800	info	raft/util.go:13	  心跳  给节点 5 发送心跳成功
2023-09-19T21:28:42.228+0800	info	raft/util.go:13	  日志对齐  5 日志没有冲突
2023-09-19T21:28:42.228+0800	info	raft/util.go:13	  心跳  给节点 1 发送心跳成功
2023-09-19T21:28:42.228+0800	info	raft/util.go:13	  日志对齐  1 日志没有冲突
2023-09-19T21:28:42.228+0800	info	raft/util.go:13	  心跳  给节点 4 发送心跳成功
2023-09-19T21:28:42.228+0800	info	raft/util.go:13	  日志对齐  4 日志没有冲突
2023-09-19T21:28:42.240+0800	info	raft/util.go:13	  新日志  leader接收到新的cmd,新的log为 : |  index:2252 term:101 cmd:-1 | 
2023-09-19T21:28:42.240+0800	info	raft/util.go:13	  心跳  给节点 5 发送心跳成功
2023-09-19T21:28:42.240+0800	info	raft/util.go:13	  日志对齐  5 日志没有冲突
2023-09-19T21:28:42.240+0800	info	raft/util.go:13	  心跳  给节点 0 发送心跳成功
2023-09-19T21:28:42.240+0800	info	raft/util.go:13	  日志对齐  0 日志没有冲突
2023-09-19T21:28:42.240+0800	info	raft/util.go:13	  心跳  给节点 2 发送心跳成功
2023-09-19T21:28:42.240+0800	info	raft/util.go:13	  日志对齐  2 日志没有冲突
2023-09-19T21:28:42.256+0800	info	raft/util.go:13	  心跳  给节点 2 发送心跳成功
2023-09-19T21:28:42.256+0800	info	raft/util.go:13	  日志对齐  2 日志没有冲突
2023-09-19T21:28:42.256+0800	info	raft/util.go:13	  心跳  给节点 1 发送心跳成功
2023-09-19T21:28:42.256+0800	info	raft/util.go:13	  心跳  给节点 6 发送心跳成功
2023-09-19T21:28:42.256+0800	info	raft/util.go:13	  日志对齐  1 日志没有冲突
2023-09-19T21:28:42.256+0800	info	raft/util.go:13	  日志对齐  6 日志没有冲突
2023-09-19T21:28:42.256+0800	info	raft/util.go:13	  心跳  给节点 4 发送心跳成功
2023-09-19T21:28:42.256+0800	info	raft/util.go:13	  日志对齐  4 日志没有冲突
2023-09-19T21:28:42.256+0800	info	raft/util.go:13	  日志提交  leader尝试发起commitindex=2264
2023-09-19T21:28:42.256+0800	info	raft/util.go:13	  日志提交  提交的index: 2263
2023-09-19T21:28:42.303+0800	info	raft/util.go:13	  心跳  给节点 4 发送心跳成功
2023-09-19T21:28:42.303+0800	info	raft/util.go:13	  日志对齐  4 日志没有冲突
2023-09-19T21:28:42.303+0800	info	raft/util.go:13	  心跳  给节点 2 发送心跳成功
2023-09-19T21:28:42.303+0800	info	raft/util.go:13	  日志对齐  2 日志没有冲突
2023-09-19T21:28:42.303+0800	info	raft/util.go:13	  心跳  给节点 6 发送心跳成功
2023-09-19T21:28:42.303+0800	info	raft/util.go:13	  心跳  给节点 0 发送心跳成功
2023-09-19T21:28:42.303+0800	info	raft/util.go:13	  日志对齐  6 日志没有冲突
2023-09-19T21:28:42.303+0800	info	raft/util.go:13	  日志对齐  0 日志没有冲突
2023-09-19T21:28:42.318+0800	info	raft/util.go:13	  心跳  给节点 1 发送心跳成功
2023-09-19T21:28:42.318+0800	info	raft/util.go:13	  日志对齐  1 日志没有冲突
2023-09-19T21:28:42.318+0800	info	raft/util.go:13	  心跳  给节点 5 发送心跳成功
2023-09-19T21:28:42.318+0800	info	raft/util.go:13	  日志对齐  5 日志没有冲突
2023-09-19T21:28:42.350+0800	info	raft/util.go:13	  新日志  leader接收到新的cmd,新的log为 : |  index:2252 term:101 cmd:-1 | 
2023-09-19T21:28:42.365+0800	info	raft/util.go:13	  心跳  给节点 6 发送心跳成功
2023-09-19T21:28:42.365+0800	info	raft/util.go:13	  日志对齐  6 日志没有冲突
2023-09-19T21:28:42.365+0800	info	raft/util.go:13	  心跳  给节点 2 发送心跳成功
2023-09-19T21:28:42.365+0800	info	raft/util.go:13	  日志对齐  2 日志没有冲突
2023-09-19T21:28:42.365+0800	info	raft/util.go:13	  心跳  给节点 0 发送心跳成功
2023-09-19T21:28:42.365+0800	info	raft/util.go:13	  心跳  给节点 6 发送心跳成功
2023-09-19T21:28:42.365+0800	info	raft/util.go:13	  日志对齐  6 日志没有冲突
2023-09-19T21:28:42.365+0800	info	raft/util.go:13	  日志对齐  0 日志没有冲突
2023-09-19T21:28:42.381+0800	info	raft/util.go:13	  心跳  给节点 5 发送心跳成功
2023-09-19T21:28:42.381+0800	info	raft/util.go:13	  日志对齐  5 日志没有冲突
2023-09-19T21:28:42.381+0800	info	raft/util.go:13	  心跳  给节点 0 发送心跳成功
2023-09-19T21:28:42.381+0800	info	raft/util.go:13	  日志对齐  0 日志没有冲突
2023-09-19T21:28:42.381+0800	info	raft/util.go:13	  心跳  给节点 4 发送心跳成功
2023-09-19T21:28:42.381+0800	info	raft/util.go:13	  日志对齐  4 日志没有冲突
2023-09-19T21:28:42.381+0800	info	raft/util.go:13	  心跳  给节点 1 发送心跳成功
2023-09-19T21:28:42.381+0800	info	raft/util.go:13	  日志对齐  1 日志没有冲突
2023-09-19T21:28:42.381+0800	info	raft/util.go:13	  日志提交  leader尝试发起commitindex=2265
2023-09-19T21:28:42.381+0800	info	raft/util.go:13	  心跳  给节点 1 发送心跳成功
2023-09-19T21:28:42.381+0800	info	raft/util.go:13	  日志对齐  1 日志没有冲突
2023-09-19T21:28:42.381+0800	info	raft/util.go:13	  日志提交  提交的index: 2264
2023-09-19T21:28:42.393+0800	info	raft/util.go:13	  节点生命  节点3死亡
