2023-09-19T21:28:40.403+0800	info	raft/util.go:13	  投票  发起term为 98 的选举
2023-09-19T21:28:40.403+0800	info	raft/util.go:13	  投票  向节点6发送投票邀请
2023-09-19T21:28:40.403+0800	info	raft/util.go:13	  投票  向节点1发送投票邀请
2023-09-19T21:28:40.403+0800	info	raft/util.go:13	  投票  向节点3发送投票邀请
2023-09-19T21:28:40.403+0800	info	raft/util.go:13	  投票  向节点0发送投票邀请
2023-09-19T21:28:40.403+0800	info	raft/util.go:13	  投票  向节点2发送投票邀请
2023-09-19T21:28:40.403+0800	info	raft/util.go:13	  投票  向节点4发送投票邀请
2023-09-19T21:28:40.481+0800	info	raft/util.go:13	  投票  收到 1 的投票邀请,term为 99
2023-09-19T21:28:40.481+0800	info	raft/util.go:13	  状态更新  节点 5 遇到更高term,更新term为 99 
2023-09-19T21:28:40.481+0800	info	raft/util.go:13	  投票  符合要求,投给 1 
2023-09-19T21:28:40.481+0800	info	raft/util.go:13	  投票  收到 4 的投票邀请,term为 99
2023-09-19T21:28:40.481+0800	info	raft/util.go:13	  投票  本节点已经投票给 1 故拒绝
2023-09-19T21:28:40.496+0800	info	raft/util.go:13	  投票  收到 2 的投票邀请,term为 99
2023-09-19T21:28:40.496+0800	info	raft/util.go:13	  投票  本节点已经投票给 1 故拒绝
2023-09-19T21:28:40.496+0800	info	raft/util.go:13	  心跳  收到权威leader心跳,来自 1   leader 的commit index为2237我的commit index为2184
2023-09-19T21:28:40.496+0800	info	raft/util.go:13	  日志对齐  发现log比leader落后
2023-09-19T21:28:40.558+0800	info	raft/util.go:13	  心跳  收到权威leader心跳,来自 1   leader 的commit index为2237我的commit index为2184
2023-09-19T21:28:40.558+0800	info	raft/util.go:13	  日志对齐  发现log比leader落后
2023-09-19T21:28:40.676+0800	info	raft/util.go:13	  leader_snapshot  收到的snapshot的index为2237  现在我的log为|  index:2237 term:90 cmd:-1 | 
2023-09-19T21:28:40.737+0800	info	raft/util.go:13	  心跳  收到权威leader心跳,来自 1   leader 的commit index为2237我的commit index为2237
2023-09-19T21:28:40.737+0800	info	raft/util.go:13	  日志对齐  本节点日志和leader已经对齐,本节点日志为|  index:2237 term:90 cmd:-1 | 
2023-09-19T21:28:40.799+0800	info	raft/util.go:13	  投票  收到 4 的投票邀请,term为 100
2023-09-19T21:28:40.799+0800	info	raft/util.go:13	  状态更新  节点 5 遇到更高term,更新term为 100 
2023-09-19T21:28:40.799+0800	info	raft/util.go:13	  投票  不是uptodate,拒绝投票给 4
2023-09-19T21:28:40.984+0800	info	raft/util.go:13	  投票  收到 3 的投票邀请,term为 101
2023-09-19T21:28:40.984+0800	info	raft/util.go:13	  状态更新  节点 5 遇到更高term,更新term为 101 
2023-09-19T21:28:40.984+0800	info	raft/util.go:13	  投票  符合要求,投给 3 
2023-09-19T21:28:40.999+0800	info	raft/util.go:13	  心跳  收到权威leader心跳,来自 3   leader 的commit index为2237我的commit index为2237
2023-09-19T21:28:40.999+0800	info	raft/util.go:13	  日志对齐  本节点日志和leader已经对齐,本节点日志为|  index:2237 term:90 cmd:-1 | 
2023-09-19T21:28:41.031+0800	info	raft/util.go:13	  心跳  收到权威leader心跳,来自 3   leader 的commit index为2237我的commit index为2237
2023-09-19T21:28:41.031+0800	info	raft/util.go:13	  日志对齐  本节点日志和leader已经对齐,本节点日志为|  index:2237 term:90 cmd:-1 | 
2023-09-19T21:28:41.079+0800	info	raft/util.go:13	  心跳  收到权威leader心跳,来自 3   leader 的commit index为2237我的commit index为2237
2023-09-19T21:28:41.079+0800	info	raft/util.go:13	  日志对齐  本节点日志和leader已经对齐,本节点日志为|  index:2237 term:90 cmd:-1 | 
2023-09-19T21:28:41.110+0800	info	raft/util.go:13	  心跳  收到权威leader心跳,来自 3   leader 的commit index为2237我的commit index为2237
2023-09-19T21:28:41.110+0800	info	raft/util.go:13	  日志对齐  本节点日志和leader已经对齐,本节点日志为|  index:2237 term:90 cmd:-1 | 
2023-09-19T21:28:41.171+0800	info	raft/util.go:13	  心跳  收到权威leader心跳,来自 3   leader 的commit index为2250我的commit index为2237
2023-09-19T21:28:41.171+0800	info	raft/util.go:13	  日志对齐  本节点日志和leader已经对齐,本节点日志为|  index:2237 term:90 cmd:-1 | 
2023-09-19T21:28:41.171+0800	info	raft/util.go:13	  日志提交  提交的index: 2237
2023-09-19T21:28:41.171+0800	info	raft/util.go:13	  日志提交  提交的index: 2238
2023-09-19T21:28:41.171+0800	info	raft/util.go:13	  snapshot  收到的index为 2238 安装snapshot,新的log为 : |  index:2238 term:101 cmd:-1 | 
2023-09-19T21:28:41.171+0800	info	raft/util.go:13	  日志提交  提交的index: 2239
2023-09-19T21:28:41.171+0800	info	raft/util.go:13	  日志提交  提交的index: 2240
2023-09-19T21:28:41.171+0800	info	raft/util.go:13	  日志提交  提交的index: 2241
2023-09-19T21:28:41.171+0800	info	raft/util.go:13	  日志提交  提交的index: 2242
2023-09-19T21:28:41.171+0800	info	raft/util.go:13	  日志提交  提交的index: 2243
2023-09-19T21:28:41.171+0800	info	raft/util.go:13	  日志提交  提交的index: 2244
2023-09-19T21:28:41.171+0800	info	raft/util.go:13	  日志提交  提交的index: 2245
2023-09-19T21:28:41.171+0800	info	raft/util.go:13	  日志提交  提交的index: 2246
2023-09-19T21:28:41.171+0800	info	raft/util.go:13	  日志提交  提交的index: 2247
2023-09-19T21:28:41.171+0800	info	raft/util.go:13	  日志提交  提交的index: 2248
2023-09-19T21:28:41.171+0800	info	raft/util.go:13	  日志提交  提交的index: 2249
2023-09-19T21:28:41.234+0800	info	raft/util.go:13	  心跳  收到权威leader心跳,来自 3   leader 的commit index为2250我的commit index为2250
2023-09-19T21:28:41.234+0800	info	raft/util.go:13	  日志对齐  本节点日志和leader已经对齐,本节点日志为|  index:2238 term:101 cmd:-1 | 
2023-09-19T21:28:41.269+0800	info	raft/util.go:13	  心跳  收到权威leader心跳,来自 3   leader 的commit index为2250我的commit index为2250
2023-09-19T21:28:41.269+0800	info	raft/util.go:13	  日志对齐  本节点日志和leader已经对齐,本节点日志为|  index:2238 term:101 cmd:-1 | 
2023-09-19T21:28:41.297+0800	info	raft/util.go:13	  心跳  收到权威leader心跳,来自 3   leader 的commit index为2251我的commit index为2250
2023-09-19T21:28:41.297+0800	info	raft/util.go:13	  日志对齐  本节点日志和leader已经对齐,本节点日志为|  index:2238 term:101 cmd:-1 | 
2023-09-19T21:28:41.297+0800	info	raft/util.go:13	  日志提交  提交的index: 2250
2023-09-19T21:28:41.297+0800	info	raft/util.go:13	  snapshot  收到的index为 2251 安装snapshot,新的log为 : |  index:2251 term:101 cmd:-1 | 
2023-09-19T21:28:41.297+0800	info	raft/util.go:13	  心跳  收到权威leader心跳,来自 3   leader 的commit index为2250我的commit index为2251
2023-09-19T21:28:41.297+0800	info	raft/util.go:13	  日志对齐  发现log比leader落后
2023-09-19T21:28:41.343+0800	info	raft/util.go:13	  心跳  收到权威leader心跳,来自 3   leader 的commit index为2252我的commit index为2251
2023-09-19T21:28:41.343+0800	info	raft/util.go:13	  日志对齐  本节点日志和leader已经对齐,本节点日志为|  index:2251 term:101 cmd:-1 | 
2023-09-19T21:28:41.343+0800	info	raft/util.go:13	  日志提交  提交的index: 2251
2023-09-19T21:28:41.363+0800	info	raft/util.go:13	  心跳  收到权威leader心跳,来自 3   leader 的commit index为2252我的commit index为2252
2023-09-19T21:28:41.363+0800	info	raft/util.go:13	  日志对齐  本节点日志和leader已经对齐,本节点日志为|  index:2251 term:101 cmd:-1 | 
2023-09-19T21:28:41.393+0800	info	raft/util.go:13	  心跳  收到权威leader心跳,来自 3   leader 的commit index为2253我的commit index为2252
2023-09-19T21:28:41.393+0800	info	raft/util.go:13	  日志对齐  本节点日志和leader已经对齐,本节点日志为|  index:2251 term:101 cmd:-1 | 
2023-09-19T21:28:41.393+0800	info	raft/util.go:13	  日志提交  提交的index: 2252
2023-09-19T21:28:41.393+0800	info	raft/util.go:13	  心跳  收到权威leader心跳,来自 3   leader 的commit index为2253我的commit index为2253
2023-09-19T21:28:41.393+0800	info	raft/util.go:13	  日志对齐  本节点日志和leader已经对齐,本节点日志为|  index:2251 term:101 cmd:-1 | 
2023-09-19T21:28:41.456+0800	info	raft/util.go:13	  心跳  收到权威leader心跳,来自 3   leader 的commit index为2254我的commit index为2253
2023-09-19T21:28:41.456+0800	info	raft/util.go:13	  日志对齐  本节点日志和leader已经对齐,本节点日志为|  index:2251 term:101 cmd:-1 | 
2023-09-19T21:28:41.456+0800	info	raft/util.go:13	  日志提交  提交的index: 2253
2023-09-19T21:28:41.534+0800	info	raft/util.go:13	  心跳  收到权威leader心跳,来自 3   leader 的commit index为2254我的commit index为2254
2023-09-19T21:28:41.534+0800	info	raft/util.go:13	  日志对齐  本节点日志和leader已经对齐,本节点日志为|  index:2251 term:101 cmd:-1 | 
2023-09-19T21:28:41.596+0800	info	raft/util.go:13	  心跳  收到权威leader心跳,来自 3   leader 的commit index为2254我的commit index为2254
2023-09-19T21:28:41.596+0800	info	raft/util.go:13	  日志对齐  本节点日志和leader已经对齐,本节点日志为|  index:2251 term:101 cmd:-1 | 
2023-09-19T21:28:41.703+0800	info	raft/util.go:13	  心跳  收到权威leader心跳,来自 3   leader 的commit index为2254我的commit index为2254
2023-09-19T21:28:41.703+0800	info	raft/util.go:13	  日志对齐  本节点日志和leader已经对齐,本节点日志为|  index:2251 term:101 cmd:-1 | 
2023-09-19T21:28:41.734+0800	info	raft/util.go:13	  心跳  收到权威leader心跳,来自 3   leader 的commit index为2254我的commit index为2254
2023-09-19T21:28:41.734+0800	info	raft/util.go:13	  日志对齐  本节点日志和leader已经对齐,本节点日志为|  index:2251 term:101 cmd:-1 | 
2023-09-19T21:28:41.764+0800	info	raft/util.go:13	  心跳  收到权威leader心跳,来自 3   leader 的commit index为2255我的commit index为2254
2023-09-19T21:28:41.764+0800	info	raft/util.go:13	  日志对齐  本节点日志和leader已经对齐,本节点日志为|  index:2251 term:101 cmd:-1 | 
2023-09-19T21:28:41.764+0800	info	raft/util.go:13	  日志提交  提交的index: 2254
2023-09-19T21:28:41.764+0800	info	raft/util.go:13	  心跳  收到权威leader心跳,来自 3   leader 的commit index为2255我的commit index为2255
2023-09-19T21:28:41.764+0800	info	raft/util.go:13	  日志对齐  本节点日志和leader已经对齐,本节点日志为|  index:2251 term:101 cmd:-1 | 
2023-09-19T21:28:41.826+0800	info	raft/util.go:13	  心跳  收到权威leader心跳,来自 3   leader 的commit index为2256我的commit index为2255
2023-09-19T21:28:41.826+0800	info	raft/util.go:13	  日志对齐  本节点日志和leader已经对齐,本节点日志为|  index:2251 term:101 cmd:-1 | 
2023-09-19T21:28:41.826+0800	info	raft/util.go:13	  日志提交  提交的index: 2255
2023-09-19T21:28:41.842+0800	info	raft/util.go:13	  心跳  收到权威leader心跳,来自 3   leader 的commit index为2256我的commit index为2256
2023-09-19T21:28:41.842+0800	info	raft/util.go:13	  日志对齐  本节点日志和leader已经对齐,本节点日志为|  index:2251 term:101 cmd:-1 | 
2023-09-19T21:28:41.888+0800	info	raft/util.go:13	  心跳  收到权威leader心跳,来自 3   leader 的commit index为2257我的commit index为2256
2023-09-19T21:28:41.888+0800	info	raft/util.go:13	  日志对齐  本节点日志和leader已经对齐,本节点日志为|  index:2251 term:101 cmd:-1 | 
2023-09-19T21:28:41.888+0800	info	raft/util.go:13	  日志提交  提交的index: 2256
2023-09-19T21:28:41.964+0800	info	raft/util.go:13	  心跳  收到权威leader心跳,来自 3   leader 的commit index为2257我的commit index为2257
2023-09-19T21:28:41.964+0800	info	raft/util.go:13	  日志对齐  本节点日志和leader已经对齐,本节点日志为|  index:2251 term:101 cmd:-1 | 
2023-09-19T21:28:42.025+0800	info	raft/util.go:13	  心跳  收到权威leader心跳,来自 3   leader 的commit index为2257我的commit index为2257
2023-09-19T21:28:42.025+0800	info	raft/util.go:13	  日志对齐  本节点日志和leader已经对齐,本节点日志为|  index:2251 term:101 cmd:-1 | 
2023-09-19T21:28:42.025+0800	info	raft/util.go:13	  心跳  收到权威leader心跳,来自 3   leader 的commit index为2257我的commit index为2257
2023-09-19T21:28:42.025+0800	info	raft/util.go:13	  日志对齐  本节点日志和leader已经对齐,本节点日志为|  index:2251 term:101 cmd:-1 | 
2023-09-19T21:28:42.056+0800	info	raft/util.go:13	  心跳  收到权威leader心跳,来自 3   leader 的commit index为2258我的commit index为2257
2023-09-19T21:28:42.056+0800	info	raft/util.go:13	  日志对齐  本节点日志和leader已经对齐,本节点日志为|  index:2251 term:101 cmd:-1 | 
2023-09-19T21:28:42.056+0800	info	raft/util.go:13	  日志提交  提交的index: 2257
2023-09-19T21:28:42.087+0800	info	raft/util.go:13	  心跳  收到权威leader心跳,来自 3   leader 的commit index为2258我的commit index为2258
2023-09-19T21:28:42.087+0800	info	raft/util.go:13	  日志对齐  本节点日志和leader已经对齐,本节点日志为|  index:2251 term:101 cmd:-1 | 
2023-09-19T21:28:42.131+0800	info	raft/util.go:13	  心跳  收到权威leader心跳,来自 3   leader 的commit index为2260我的commit index为2258
2023-09-19T21:28:42.131+0800	info	raft/util.go:13	  日志对齐  本节点日志和leader已经对齐,本节点日志为|  index:2251 term:101 cmd:-1 | 
2023-09-19T21:28:42.131+0800	info	raft/util.go:13	  日志提交  提交的index: 2258
2023-09-19T21:28:42.131+0800	info	raft/util.go:13	  日志提交  提交的index: 2259
2023-09-19T21:28:42.135+0800	info	raft/util.go:13	  心跳  收到权威leader心跳,来自 3   leader 的commit index为2260我的commit index为2260
2023-09-19T21:28:42.135+0800	info	raft/util.go:13	  日志对齐  本节点日志和leader已经对齐,本节点日志为|  index:2251 term:101 cmd:-1 | 
2023-09-19T21:28:42.177+0800	info	raft/util.go:13	  心跳  收到权威leader心跳,来自 3   leader 的commit index为2261我的commit index为2260
2023-09-19T21:28:42.177+0800	info	raft/util.go:13	  日志对齐  本节点日志和leader已经对齐,本节点日志为|  index:2251 term:101 cmd:-1 | 
2023-09-19T21:28:42.177+0800	info	raft/util.go:13	  日志提交  提交的index: 2260
2023-09-19T21:28:42.193+0800	info	raft/util.go:13	  心跳  收到权威leader心跳,来自 3   leader 的commit index为2261我的commit index为2261
2023-09-19T21:28:42.193+0800	info	raft/util.go:13	  日志对齐  本节点日志和leader已经对齐,本节点日志为|  index:2251 term:101 cmd:-1 | 
2023-09-19T21:28:42.228+0800	info	raft/util.go:13	  心跳  收到权威leader心跳,来自 3   leader 的commit index为2262我的commit index为2261
2023-09-19T21:28:42.228+0800	info	raft/util.go:13	  日志对齐  本节点日志和leader已经对齐,本节点日志为|  index:2251 term:101 cmd:-1 | 
2023-09-19T21:28:42.228+0800	info	raft/util.go:13	  日志提交  提交的index: 2261
2023-09-19T21:28:42.240+0800	info	raft/util.go:13	  心跳  收到权威leader心跳,来自 3   leader 的commit index为2263我的commit index为2262
2023-09-19T21:28:42.240+0800	info	raft/util.go:13	  日志对齐  本节点日志和leader已经对齐,本节点日志为|  index:2251 term:101 cmd:-1 | 
2023-09-19T21:28:42.240+0800	info	raft/util.go:13	  日志提交  提交的index: 2262
2023-09-19T21:28:42.272+0800	info	raft/util.go:13	  心跳  收到权威leader心跳,来自 3   leader 的commit index为2263我的commit index为2263
2023-09-19T21:28:42.272+0800	info	raft/util.go:13	  日志对齐  本节点日志和leader已经对齐,本节点日志为|  index:2251 term:101 cmd:-1 | 
2023-09-19T21:28:42.318+0800	info	raft/util.go:13	  心跳  收到权威leader心跳,来自 3   leader 的commit index为2264我的commit index为2263
2023-09-19T21:28:42.318+0800	info	raft/util.go:13	  日志对齐  本节点日志和leader已经对齐,本节点日志为|  index:2251 term:101 cmd:-1 | 
2023-09-19T21:28:42.318+0800	info	raft/util.go:13	  日志提交  提交的index: 2263
2023-09-19T21:28:42.381+0800	info	raft/util.go:13	  心跳  收到权威leader心跳,来自 3   leader 的commit index为2264我的commit index为2264
2023-09-19T21:28:42.381+0800	info	raft/util.go:13	  日志对齐  本节点日志和leader已经对齐,本节点日志为|  index:2251 term:101 cmd:-1 | 
2023-09-19T21:28:42.393+0800	info	raft/util.go:13	  节点生命  节点5死亡
