2023-09-19T21:28:40.418+0800	info	raft/util.go:13	  投票  收到 5 的投票邀请,term为 98
2023-09-19T21:28:40.418+0800	info	raft/util.go:13	  状态更新  节点 6 遇到更高term,更新term为 98 
2023-09-19T21:28:40.418+0800	info	raft/util.go:13	  投票  不是uptodate,拒绝投票给 5
2023-09-19T21:28:40.481+0800	info	raft/util.go:13	  投票  收到 1 的投票邀请,term为 99
2023-09-19T21:28:40.481+0800	info	raft/util.go:13	  状态更新  节点 6 遇到更高term,更新term为 99 
2023-09-19T21:28:40.481+0800	info	raft/util.go:13	  投票  符合要求,投给 1 
2023-09-19T21:28:40.482+0800	info	raft/util.go:13	  投票  收到 2 的投票邀请,term为 99
2023-09-19T21:28:40.482+0800	info	raft/util.go:13	  投票  本节点已经投票给 1 故拒绝
2023-09-19T21:28:40.496+0800	info	raft/util.go:13	  心跳  收到权威leader心跳,来自 1   leader 的commit index为2237我的commit index为2242
2023-09-19T21:28:40.496+0800	info	raft/util.go:13	  日志对齐  本节点日志和leader已经对齐,本节点日志为|  index:2242 term:90 cmd:-1 | 
2023-09-19T21:28:40.496+0800	info	raft/util.go:13	  投票  收到 4 的投票邀请,term为 99
2023-09-19T21:28:40.496+0800	info	raft/util.go:13	  投票  本节点已经投票给 1 故拒绝
2023-09-19T21:28:40.543+0800	info	raft/util.go:13	  心跳  收到权威leader心跳,来自 1   leader 的commit index为2237我的commit index为2242
2023-09-19T21:28:40.543+0800	info	raft/util.go:13	  日志对齐  本节点日志和leader已经对齐,本节点日志为|  index:2242 term:90 cmd:-1 | 
2023-09-19T21:28:40.620+0800	info	raft/util.go:13	  心跳  收到权威leader心跳,来自 1   leader 的commit index为2237我的commit index为2242
2023-09-19T21:28:40.620+0800	info	raft/util.go:13	  日志对齐  本节点日志和leader已经对齐,本节点日志为|  index:2242 term:90 cmd:-1 | 
2023-09-19T21:28:40.666+0800	info	raft/util.go:13	  心跳  收到权威leader心跳,来自 1   leader 的commit index为2237我的commit index为2242
2023-09-19T21:28:40.666+0800	info	raft/util.go:13	  日志对齐  本节点日志和leader已经对齐,本节点日志为|  index:2242 term:90 cmd:-1 | 
2023-09-19T21:28:40.722+0800	info	raft/util.go:13	  心跳  收到权威leader心跳,来自 1   leader 的commit index为2237我的commit index为2242
2023-09-19T21:28:40.722+0800	info	raft/util.go:13	  日志对齐  本节点日志和leader已经对齐,本节点日志为|  index:2242 term:90 cmd:-1 | 
2023-09-19T21:28:40.784+0800	info	raft/util.go:13	  投票  收到 2 的投票邀请,term为 100
2023-09-19T21:28:40.784+0800	info	raft/util.go:13	  状态更新  节点 6 遇到更高term,更新term为 100 
2023-09-19T21:28:40.784+0800	info	raft/util.go:13	  投票  符合要求,投给 2 
2023-09-19T21:28:40.799+0800	info	raft/util.go:13	  投票  收到 4 的投票邀请,term为 100
2023-09-19T21:28:40.799+0800	info	raft/util.go:13	  投票  本节点已经投票给 2 故拒绝
2023-09-19T21:28:40.968+0800	info	raft/util.go:13	  投票  收到 3 的投票邀请,term为 101
2023-09-19T21:28:40.968+0800	info	raft/util.go:13	  状态更新  节点 6 遇到更高term,更新term为 101 
2023-09-19T21:28:40.968+0800	info	raft/util.go:13	  投票  符合要求,投给 3 
2023-09-19T21:28:40.984+0800	info	raft/util.go:13	  心跳  收到权威leader心跳,来自 3   leader 的commit index为2237我的commit index为2242
2023-09-19T21:28:40.984+0800	info	raft/util.go:13	  日志对齐  本节点日志和leader已经对齐,本节点日志为|  index:2242 term:90 cmd:-1 | 
2023-09-19T21:28:41.047+0800	info	raft/util.go:13	  心跳  收到权威leader心跳,来自 3   leader 的commit index为2237我的commit index为2242
2023-09-19T21:28:41.047+0800	info	raft/util.go:13	  日志对齐  本节点日志和leader已经对齐,本节点日志为|  index:2242 term:90 cmd:-1 | 
2023-09-19T21:28:41.094+0800	info	raft/util.go:13	  心跳  收到权威leader心跳,来自 3   leader 的commit index为2237我的commit index为2242
2023-09-19T21:28:41.094+0800	info	raft/util.go:13	  日志对齐  本节点日志和leader已经对齐,本节点日志为|  index:2242 term:90 cmd:-1 | 
2023-09-19T21:28:41.156+0800	info	raft/util.go:13	  心跳  收到权威leader心跳,来自 3   leader 的commit index为2250我的commit index为2242
2023-09-19T21:28:41.156+0800	info	raft/util.go:13	  日志对齐  本节点日志和leader已经对齐,本节点日志为|  index:2242 term:90 cmd:-1 | 
2023-09-19T21:28:41.156+0800	info	raft/util.go:13	  日志提交  提交的index: 2242
2023-09-19T21:28:41.156+0800	info	raft/util.go:13	  日志提交  提交的index: 2243
2023-09-19T21:28:41.156+0800	info	raft/util.go:13	  日志提交  提交的index: 2244
2023-09-19T21:28:41.156+0800	info	raft/util.go:13	  日志提交  提交的index: 2245
2023-09-19T21:28:41.156+0800	info	raft/util.go:13	  日志提交  提交的index: 2246
2023-09-19T21:28:41.156+0800	info	raft/util.go:13	  日志提交  提交的index: 2247
2023-09-19T21:28:41.156+0800	info	raft/util.go:13	  日志提交  提交的index: 2248
2023-09-19T21:28:41.156+0800	info	raft/util.go:13	  日志提交  提交的index: 2249
2023-09-19T21:28:41.234+0800	info	raft/util.go:13	  心跳  收到权威leader心跳,来自 3   leader 的commit index为2250我的commit index为2250
2023-09-19T21:28:41.234+0800	info	raft/util.go:13	  日志对齐  本节点日志和leader已经对齐,本节点日志为|  index:2242 term:90 cmd:-1 | 
2023-09-19T21:28:41.265+0800	info	raft/util.go:13	  心跳  收到权威leader心跳,来自 3   leader 的commit index为2250我的commit index为2250
2023-09-19T21:28:41.265+0800	info	raft/util.go:13	  日志对齐  本节点日志和leader已经对齐,本节点日志为|  index:2242 term:90 cmd:-1 | 
2023-09-19T21:28:41.297+0800	info	raft/util.go:13	  心跳  收到权威leader心跳,来自 3   leader 的commit index为2250我的commit index为2250
2023-09-19T21:28:41.297+0800	info	raft/util.go:13	  日志对齐  本节点日志和leader已经对齐,本节点日志为|  index:2242 term:90 cmd:-1 | 
2023-09-19T21:28:41.297+0800	info	raft/util.go:13	  心跳  收到权威leader心跳,来自 3   leader 的commit index为2251我的commit index为2250
2023-09-19T21:28:41.297+0800	info	raft/util.go:13	  日志对齐  本节点日志和leader已经对齐,本节点日志为|  index:2242 term:90 cmd:-1 | 
2023-09-19T21:28:41.297+0800	info	raft/util.go:13	  日志提交  提交的index: 2250
2023-09-19T21:28:41.343+0800	info	raft/util.go:13	  心跳  收到权威leader心跳,来自 3   leader 的commit index为2252我的commit index为2251
2023-09-19T21:28:41.343+0800	info	raft/util.go:13	  日志对齐  本节点日志和leader已经对齐,本节点日志为|  index:2242 term:90 cmd:-1 | 
2023-09-19T21:28:41.343+0800	info	raft/util.go:13	  日志提交  提交的index: 2251
2023-09-19T21:28:41.343+0800	info	raft/util.go:13	  心跳  收到权威leader心跳,来自 3   leader 的commit index为2252我的commit index为2252
2023-09-19T21:28:41.343+0800	info	raft/util.go:13	  日志对齐  本节点日志和leader已经对齐,本节点日志为|  index:2242 term:90 cmd:-1 | 
2023-09-19T21:28:41.393+0800	info	raft/util.go:13	  心跳  收到权威leader心跳,来自 3   leader 的commit index为2253我的commit index为2252
2023-09-19T21:28:41.393+0800	info	raft/util.go:13	  日志对齐  本节点日志和leader已经对齐,本节点日志为|  index:2242 term:90 cmd:-1 | 
2023-09-19T21:28:41.393+0800	info	raft/util.go:13	  日志提交  提交的index: 2252
2023-09-19T21:28:41.409+0800	info	raft/util.go:13	  心跳  收到权威leader心跳,来自 3   leader 的commit index为2253我的commit index为2253
2023-09-19T21:28:41.409+0800	info	raft/util.go:13	  日志对齐  本节点日志和leader已经对齐,本节点日志为|  index:2242 term:90 cmd:-1 | 
2023-09-19T21:28:41.456+0800	info	raft/util.go:13	  心跳  收到权威leader心跳,来自 3   leader 的commit index为2254我的commit index为2253
2023-09-19T21:28:41.456+0800	info	raft/util.go:13	  日志对齐  本节点日志和leader已经对齐,本节点日志为|  index:2242 term:90 cmd:-1 | 
2023-09-19T21:28:41.456+0800	info	raft/util.go:13	  日志提交  提交的index: 2253
2023-09-19T21:28:41.596+0800	info	raft/util.go:13	  心跳  收到权威leader心跳,来自 3   leader 的commit index为2254我的commit index为2254
2023-09-19T21:28:41.596+0800	info	raft/util.go:13	  日志对齐  本节点日志和leader已经对齐,本节点日志为|  index:2242 term:90 cmd:-1 | 
2023-09-19T21:28:41.642+0800	info	raft/util.go:13	  心跳  收到权威leader心跳,来自 3   leader 的commit index为2254我的commit index为2254
2023-09-19T21:28:41.642+0800	info	raft/util.go:13	  日志对齐  本节点日志和leader已经对齐,本节点日志为|  index:2242 term:90 cmd:-1 | 
2023-09-19T21:28:41.719+0800	info	raft/util.go:13	  心跳  收到权威leader心跳,来自 3   leader 的commit index为2254我的commit index为2254
2023-09-19T21:28:41.719+0800	info	raft/util.go:13	  日志对齐  本节点日志和leader已经对齐,本节点日志为|  index:2242 term:90 cmd:-1 | 
2023-09-19T21:28:41.749+0800	info	raft/util.go:13	  心跳  收到权威leader心跳,来自 3   leader 的commit index为2255我的commit index为2254
2023-09-19T21:28:41.749+0800	info	raft/util.go:13	  日志对齐  本节点日志和leader已经对齐,本节点日志为|  index:2242 term:90 cmd:-1 | 
2023-09-19T21:28:41.749+0800	info	raft/util.go:13	  日志提交  提交的index: 2254
2023-09-19T21:28:41.764+0800	info	raft/util.go:13	  心跳  收到权威leader心跳,来自 3   leader 的commit index为2255我的commit index为2255
2023-09-19T21:28:41.764+0800	info	raft/util.go:13	  日志对齐  本节点日志和leader已经对齐,本节点日志为|  index:2242 term:90 cmd:-1 | 
2023-09-19T21:28:41.811+0800	info	raft/util.go:13	  心跳  收到权威leader心跳,来自 3   leader 的commit index为2256我的commit index为2255
2023-09-19T21:28:41.811+0800	info	raft/util.go:13	  日志对齐  本节点日志和leader已经对齐,本节点日志为|  index:2242 term:90 cmd:-1 | 
2023-09-19T21:28:41.811+0800	info	raft/util.go:13	  日志提交  提交的index: 2255
2023-09-19T21:28:41.811+0800	info	raft/util.go:13	  snapshot  收到的index为 2256 安装snapshot,新的log为 : |  index:2256 term:101 cmd:-1 | 
2023-09-19T21:28:41.842+0800	info	raft/util.go:13	  心跳  收到权威leader心跳,来自 3   leader 的commit index为2256我的commit index为2256
2023-09-19T21:28:41.842+0800	info	raft/util.go:13	  日志对齐  本节点日志和leader已经对齐,本节点日志为|  index:2256 term:101 cmd:-1 | 
2023-09-19T21:28:41.903+0800	info	raft/util.go:13	  心跳  收到权威leader心跳,来自 3   leader 的commit index为2257我的commit index为2256
2023-09-19T21:28:41.903+0800	info	raft/util.go:13	  日志对齐  本节点日志和leader已经对齐,本节点日志为|  index:2256 term:101 cmd:-1 | 
2023-09-19T21:28:41.903+0800	info	raft/util.go:13	  日志提交  提交的index: 2256
2023-09-19T21:28:41.949+0800	info	raft/util.go:13	  心跳  收到权威leader心跳,来自 3   leader 的commit index为2257我的commit index为2257
2023-09-19T21:28:41.949+0800	info	raft/util.go:13	  日志对齐  本节点日志和leader已经对齐,本节点日志为|  index:2256 term:101 cmd:-1 | 
2023-09-19T21:28:42.025+0800	info	raft/util.go:13	  心跳  收到权威leader心跳,来自 3   leader 的commit index为2257我的commit index为2257
2023-09-19T21:28:42.025+0800	info	raft/util.go:13	  日志对齐  本节点日志和leader已经对齐,本节点日志为|  index:2256 term:101 cmd:-1 | 
2023-09-19T21:28:42.056+0800	info	raft/util.go:13	  心跳  收到权威leader心跳,来自 3   leader 的commit index为2258我的commit index为2257
2023-09-19T21:28:42.056+0800	info	raft/util.go:13	  日志对齐  本节点日志和leader已经对齐,本节点日志为|  index:2256 term:101 cmd:-1 | 
2023-09-19T21:28:42.056+0800	info	raft/util.go:13	  日志提交  提交的index: 2257
2023-09-19T21:28:42.071+0800	info	raft/util.go:13	  心跳  收到权威leader心跳,来自 3   leader 的commit index为2258我的commit index为2258
2023-09-19T21:28:42.071+0800	info	raft/util.go:13	  日志对齐  本节点日志和leader已经对齐,本节点日志为|  index:2256 term:101 cmd:-1 | 
2023-09-19T21:28:42.131+0800	info	raft/util.go:13	  心跳  收到权威leader心跳,来自 3   leader 的commit index为2260我的commit index为2258
2023-09-19T21:28:42.131+0800	info	raft/util.go:13	  日志对齐  本节点日志和leader已经对齐,本节点日志为|  index:2256 term:101 cmd:-1 | 
2023-09-19T21:28:42.131+0800	info	raft/util.go:13	  日志提交  提交的index: 2258
2023-09-19T21:28:42.131+0800	info	raft/util.go:13	  日志提交  提交的index: 2259
2023-09-19T21:28:42.132+0800	info	raft/util.go:13	  心跳  收到权威leader心跳,来自 3   leader 的commit index为2260我的commit index为2260
2023-09-19T21:28:42.132+0800	info	raft/util.go:13	  日志对齐  本节点日志和leader已经对齐,本节点日志为|  index:2256 term:101 cmd:-1 | 
2023-09-19T21:28:42.193+0800	info	raft/util.go:13	  心跳  收到权威leader心跳,来自 3   leader 的commit index为2261我的commit index为2260
2023-09-19T21:28:42.193+0800	info	raft/util.go:13	  日志对齐  本节点日志和leader已经对齐,本节点日志为|  index:2256 term:101 cmd:-1 | 
2023-09-19T21:28:42.193+0800	info	raft/util.go:13	  日志提交  提交的index: 2260
2023-09-19T21:28:42.193+0800	info	raft/util.go:13	  心跳  收到权威leader心跳,来自 3   leader 的commit index为2261我的commit index为2261
2023-09-19T21:28:42.193+0800	info	raft/util.go:13	  日志对齐  本节点日志和leader已经对齐,本节点日志为|  index:2256 term:101 cmd:-1 | 
2023-09-19T21:28:42.224+0800	info	raft/util.go:13	  心跳  收到权威leader心跳,来自 3   leader 的commit index为2262我的commit index为2261
2023-09-19T21:28:42.224+0800	info	raft/util.go:13	  日志对齐  本节点日志和leader已经对齐,本节点日志为|  index:2256 term:101 cmd:-1 | 
2023-09-19T21:28:42.224+0800	info	raft/util.go:13	  日志提交  提交的index: 2261
2023-09-19T21:28:42.240+0800	info	raft/util.go:13	  心跳  收到权威leader心跳,来自 3   leader 的commit index为2263我的commit index为2262
2023-09-19T21:28:42.240+0800	info	raft/util.go:13	  日志对齐  本节点日志和leader已经对齐,本节点日志为|  index:2256 term:101 cmd:-1 | 
2023-09-19T21:28:42.240+0800	info	raft/util.go:13	  日志提交  提交的index: 2262
2023-09-19T21:28:42.256+0800	info	raft/util.go:13	  心跳  收到权威leader心跳,来自 3   leader 的commit index为2263我的commit index为2263
2023-09-19T21:28:42.256+0800	info	raft/util.go:13	  日志对齐  本节点日志和leader已经对齐,本节点日志为|  index:2256 term:101 cmd:-1 | 
2023-09-19T21:28:42.303+0800	info	raft/util.go:13	  心跳  收到权威leader心跳,来自 3   leader 的commit index为2264我的commit index为2263
2023-09-19T21:28:42.303+0800	info	raft/util.go:13	  日志对齐  本节点日志和leader已经对齐,本节点日志为|  index:2256 term:101 cmd:-1 | 
2023-09-19T21:28:42.303+0800	info	raft/util.go:13	  日志提交  提交的index: 2263
2023-09-19T21:28:42.365+0800	info	raft/util.go:13	  心跳  收到权威leader心跳,来自 3   leader 的commit index为2264我的commit index为2264
2023-09-19T21:28:42.365+0800	info	raft/util.go:13	  日志对齐  本节点日志和leader已经对齐,本节点日志为|  index:2256 term:101 cmd:-1 | 
2023-09-19T21:28:42.365+0800	info	raft/util.go:13	  心跳  收到权威leader心跳,来自 3   leader 的commit index为2264我的commit index为2264
2023-09-19T21:28:42.365+0800	info	raft/util.go:13	  日志对齐  本节点日志和leader已经对齐,本节点日志为|  index:2256 term:101 cmd:-1 | 
2023-09-19T21:28:42.393+0800	info	raft/util.go:13	  节点生命  节点6死亡
