2023-08-20T16:32:26.730+0800	info	raft/raft.go:306	节点创建
2023-08-20T16:32:26.730+0800	info	raft/raft.go:251	节点更新发起选举时间为58ms后
2023-08-20T16:32:26.915+0800	info	raft/election.go:40	收到 2 的投票邀请,term为 1
2023-08-20T16:32:26.915+0800	info	raft/raft.go:341	节点遇到更高term,更新term为1
2023-08-20T16:32:26.915+0800	info	raft/election.go:69	符合要求,投给 2
2023-08-20T16:32:26.915+0800	info	raft/raft.go:251	节点更新发起选举时间为117ms后
2023-08-20T16:32:26.915+0800	info	raft/raft.go:251	节点更新发起选举时间为115ms后
2023-08-20T16:32:26.915+0800	info	raft/appendentry.go:67	收到权威leader心跳,来自 2args的entry为 []
2023-08-20T16:32:26.915+0800	info	raft/appendentry.go:96	目前日志为 |  index:0 term:0 cmd:-1 | 
2023-08-20T16:32:26.976+0800	info	raft/raft.go:251	节点更新发起选举时间为97ms后
2023-08-20T16:32:26.976+0800	info	raft/appendentry.go:67	收到权威leader心跳,来自 2args的entry为 []
2023-08-20T16:32:26.976+0800	info	raft/appendentry.go:96	目前日志为 |  index:0 term:0 cmd:-1 | 
2023-08-20T16:32:27.038+0800	info	raft/raft.go:251	节点更新发起选举时间为131ms后
2023-08-20T16:32:27.038+0800	info	raft/appendentry.go:67	收到权威leader心跳,来自 2args的entry为 []
2023-08-20T16:32:27.038+0800	info	raft/appendentry.go:96	目前日志为 |  index:0 term:0 cmd:-1 | 
2023-08-20T16:32:27.100+0800	info	raft/raft.go:251	节点更新发起选举时间为19ms后
2023-08-20T16:32:27.100+0800	info	raft/appendentry.go:67	收到权威leader心跳,来自 2args的entry为 []
2023-08-20T16:32:27.100+0800	info	raft/appendentry.go:96	目前日志为 |  index:0 term:0 cmd:-1 | 
2023-08-20T16:32:27.161+0800	info	raft/raft.go:251	节点更新发起选举时间为29ms后
2023-08-20T16:32:27.161+0800	info	raft/appendentry.go:67	收到权威leader心跳,来自 2args的entry为 []
2023-08-20T16:32:27.161+0800	info	raft/appendentry.go:96	目前日志为 |  index:0 term:0 cmd:-1 | 
2023-08-20T16:32:27.223+0800	info	raft/raft.go:251	节点更新发起选举时间为27ms后
2023-08-20T16:32:27.223+0800	info	raft/appendentry.go:67	收到权威leader心跳,来自 2args的entry为 []
2023-08-20T16:32:27.223+0800	info	raft/appendentry.go:96	目前日志为 |  index:0 term:0 cmd:-1 | 
2023-08-20T16:32:27.284+0800	info	raft/raft.go:251	节点更新发起选举时间为101ms后
2023-08-20T16:32:27.284+0800	info	raft/appendentry.go:67	收到权威leader心跳,来自 2args的entry为 []
2023-08-20T16:32:27.284+0800	info	raft/appendentry.go:96	目前日志为 |  index:0 term:0 cmd:-1 | 
2023-08-20T16:32:27.347+0800	info	raft/raft.go:251	节点更新发起选举时间为145ms后
2023-08-20T16:32:27.347+0800	info	raft/appendentry.go:67	收到权威leader心跳,来自 2args的entry为 []
2023-08-20T16:32:27.347+0800	info	raft/appendentry.go:96	目前日志为 |  index:0 term:0 cmd:-1 | 
2023-08-20T16:32:27.409+0800	info	raft/raft.go:251	节点更新发起选举时间为139ms后
2023-08-20T16:32:27.409+0800	info	raft/appendentry.go:67	收到权威leader心跳,来自 2args的entry为 []
2023-08-20T16:32:27.409+0800	info	raft/appendentry.go:96	目前日志为 |  index:0 term:0 cmd:-1 | 
2023-08-20T16:32:27.472+0800	info	raft/raft.go:251	节点更新发起选举时间为18ms后
2023-08-20T16:32:27.472+0800	info	raft/appendentry.go:67	收到权威leader心跳,来自 2args的entry为 []
2023-08-20T16:32:27.472+0800	info	raft/appendentry.go:96	目前日志为 |  index:0 term:0 cmd:-1 | 
2023-08-20T16:32:27.535+0800	info	raft/raft.go:251	节点更新发起选举时间为76ms后
2023-08-20T16:32:27.535+0800	info	raft/appendentry.go:67	收到权威leader心跳,来自 2args的entry为 []
2023-08-20T16:32:27.535+0800	info	raft/appendentry.go:96	目前日志为 |  index:0 term:0 cmd:-1 | 
2023-08-20T16:32:27.597+0800	info	raft/raft.go:251	节点更新发起选举时间为39ms后
2023-08-20T16:32:27.597+0800	info	raft/appendentry.go:67	收到权威leader心跳,来自 2args的entry为 []
2023-08-20T16:32:27.597+0800	info	raft/appendentry.go:96	目前日志为 |  index:0 term:0 cmd:-1 | 
2023-08-20T16:32:27.659+0800	info	raft/raft.go:251	节点更新发起选举时间为6ms后
2023-08-20T16:32:27.659+0800	info	raft/appendentry.go:67	收到权威leader心跳,来自 2args的entry为 []
2023-08-20T16:32:27.659+0800	info	raft/appendentry.go:96	目前日志为 |  index:0 term:0 cmd:-1 | 
2023-08-20T16:32:27.721+0800	info	raft/raft.go:251	节点更新发起选举时间为121ms后
2023-08-20T16:32:27.721+0800	info	raft/appendentry.go:67	收到权威leader心跳,来自 2args的entry为 []
2023-08-20T16:32:27.721+0800	info	raft/appendentry.go:96	目前日志为 |  index:0 term:0 cmd:-1 | 
2023-08-20T16:32:27.721+0800	info	raft/raft.go:251	节点更新发起选举时间为56ms后
2023-08-20T16:32:27.721+0800	info	raft/appendentry.go:67	收到权威leader心跳,来自 2args的entry为 [{1 1}]
2023-08-20T16:32:27.721+0800	info	raft/appendentry.go:96	目前日志为 |  index:0 term:0 cmd:-1 |  index:1 term:1 cmd:1 | 
2023-08-20T16:32:27.721+0800	info	raft/raft.go:251	节点更新发起选举时间为9ms后
2023-08-20T16:32:27.721+0800	info	raft/appendentry.go:67	收到权威leader心跳,来自 2args的entry为 [{1 1} {1 213712298}]
2023-08-20T16:32:27.721+0800	info	raft/appendentry.go:96	目前日志为 |  index:0 term:0 cmd:-1 |  index:1 term:1 cmd:1 |  index:2 term:1 cmd:213712298 | 
2023-08-20T16:32:27.721+0800	info	raft/raft.go:251	节点更新发起选举时间为66ms后
2023-08-20T16:32:27.721+0800	info	raft/appendentry.go:67	收到权威leader心跳,来自 2args的entry为 [{1 1} {1 213712298} {1 1176484306} {1 1509767125} {1 470758345} {1 359469869} {1 789719638}]
2023-08-20T16:32:27.721+0800	info	raft/appendentry.go:96	目前日志为 |  index:0 term:0 cmd:-1 |  index:1 term:1 cmd:1 |  index:2 term:1 cmd:213712298 |  index:3 term:1 cmd:1176484306 |  index:4 term:1 cmd:1509767125 |  index:5 term:1 cmd:470758345 |  index:6 term:1 cmd:359469869 |  index:7 term:1 cmd:789719638 | 
2023-08-20T16:32:27.721+0800	info	raft/raft.go:251	节点更新发起选举时间为9ms后
2023-08-20T16:32:27.721+0800	info	raft/appendentry.go:67	收到权威leader心跳,来自 2args的entry为 [{1 1} {1 213712298} {1 1176484306} {1 1509767125} {1 470758345}]
2023-08-20T16:32:27.721+0800	info	raft/appendentry.go:96	目前日志为 |  index:0 term:0 cmd:-1 |  index:1 term:1 cmd:1 |  index:2 term:1 cmd:213712298 |  index:3 term:1 cmd:1176484306 |  index:4 term:1 cmd:1509767125 |  index:5 term:1 cmd:470758345 | 
2023-08-20T16:32:27.721+0800	info	raft/raft.go:251	节点更新发起选举时间为81ms后
2023-08-20T16:32:27.721+0800	info	raft/appendentry.go:67	收到权威leader心跳,来自 2args的entry为 [{1 1} {1 213712298} {1 1176484306}]
2023-08-20T16:32:27.721+0800	info	raft/appendentry.go:96	目前日志为 |  index:0 term:0 cmd:-1 |  index:1 term:1 cmd:1 |  index:2 term:1 cmd:213712298 |  index:3 term:1 cmd:1176484306 | 
2023-08-20T16:32:27.721+0800	info	raft/raft.go:251	节点更新发起选举时间为18ms后
2023-08-20T16:32:27.721+0800	info	raft/appendentry.go:67	收到权威leader心跳,来自 2args的entry为 [{1 1} {1 213712298} {1 1176484306} {1 1509767125}]
2023-08-20T16:32:27.721+0800	info	raft/appendentry.go:96	目前日志为 |  index:0 term:0 cmd:-1 |  index:1 term:1 cmd:1 |  index:2 term:1 cmd:213712298 |  index:3 term:1 cmd:1176484306 |  index:4 term:1 cmd:1509767125 | 
2023-08-20T16:32:27.721+0800	info	raft/raft.go:251	节点更新发起选举时间为140ms后
2023-08-20T16:32:27.721+0800	info	raft/appendentry.go:67	收到权威leader心跳,来自 2args的entry为 [{1 1} {1 213712298} {1 1176484306} {1 1509767125} {1 470758345} {1 359469869}]
2023-08-20T16:32:27.721+0800	info	raft/appendentry.go:96	目前日志为 |  index:0 term:0 cmd:-1 |  index:1 term:1 cmd:1 |  index:2 term:1 cmd:213712298 |  index:3 term:1 cmd:1176484306 |  index:4 term:1 cmd:1509767125 |  index:5 term:1 cmd:470758345 |  index:6 term:1 cmd:359469869 | 
2023-08-20T16:32:27.721+0800	info	raft/raft.go:251	节点更新发起选举时间为8ms后
2023-08-20T16:32:27.721+0800	info	raft/appendentry.go:67	收到权威leader心跳,来自 2args的entry为 [{1 1} {1 213712298} {1 1176484306} {1 1509767125} {1 470758345} {1 359469869} {1 789719638} {1 978644064}]
2023-08-20T16:32:27.721+0800	info	raft/appendentry.go:96	目前日志为 |  index:0 term:0 cmd:-1 |  index:1 term:1 cmd:1 |  index:2 term:1 cmd:213712298 |  index:3 term:1 cmd:1176484306 |  index:4 term:1 cmd:1509767125 |  index:5 term:1 cmd:470758345 |  index:6 term:1 cmd:359469869 |  index:7 term:1 cmd:789719638 |  index:8 term:1 cmd:978644064 | 
2023-08-20T16:32:27.722+0800	info	raft/raft.go:251	节点更新发起选举时间为43ms后
2023-08-20T16:32:27.722+0800	info	raft/appendentry.go:67	收到权威leader心跳,来自 2args的entry为 [{1 1176484306} {1 1509767125} {1 470758345} {1 359469869} {1 789719638} {1 978644064} {1 1975254125}]
2023-08-20T16:32:27.722+0800	info	raft/appendentry.go:96	目前日志为 |  index:0 term:0 cmd:-1 |  index:1 term:1 cmd:1 |  index:2 term:1 cmd:213712298 |  index:3 term:1 cmd:1176484306 |  index:4 term:1 cmd:1509767125 |  index:5 term:1 cmd:470758345 |  index:6 term:1 cmd:359469869 |  index:7 term:1 cmd:789719638 |  index:8 term:1 cmd:978644064 |  index:9 term:1 cmd:1975254125 | 
2023-08-20T16:32:27.722+0800	info	raft/raft.go:283	开启cond广播
2023-08-20T16:32:27.722+0800	info	raft/raft.go:268	发送applymsg
2023-08-20T16:32:27.722+0800	info	raft/raft.go:268	发送applymsg
2023-08-20T16:32:27.722+0800	info	raft/raft.go:268	发送applymsg
2023-08-20T16:32:27.722+0800	info	raft/raft.go:268	发送applymsg
2023-08-20T16:32:27.722+0800	info	raft/raft.go:268	发送applymsg
2023-08-20T16:32:27.722+0800	info	raft/raft.go:268	发送applymsg
2023-08-20T16:32:27.722+0800	info	raft/raft.go:268	发送applymsg
2023-08-20T16:32:27.722+0800	info	raft/raft.go:268	发送applymsg
2023-08-20T16:32:27.722+0800	info	raft/raft.go:251	节点更新发起选举时间为51ms后
2023-08-20T16:32:27.722+0800	info	raft/appendentry.go:67	收到权威leader心跳,来自 2args的entry为 [{1 1176484306} {1 1509767125} {1 470758345} {1 359469869} {1 789719638} {1 978644064} {1 1975254125} {1 1690524692}]
2023-08-20T16:32:27.722+0800	info	raft/appendentry.go:96	目前日志为 |  index:0 term:0 cmd:-1 |  index:1 term:1 cmd:1 |  index:2 term:1 cmd:213712298 |  index:3 term:1 cmd:1176484306 |  index:4 term:1 cmd:1509767125 |  index:5 term:1 cmd:470758345 |  index:6 term:1 cmd:359469869 |  index:7 term:1 cmd:789719638 |  index:8 term:1 cmd:978644064 |  index:9 term:1 cmd:1975254125 |  index:10 term:1 cmd:1690524692 | 
2023-08-20T16:32:27.722+0800	info	raft/raft.go:251	节点更新发起选举时间为88ms后
2023-08-20T16:32:27.722+0800	info	raft/appendentry.go:67	收到权威leader心跳,来自 2args的entry为 [{1 1690524692} {1 1615413810}]
2023-08-20T16:32:27.722+0800	info	raft/appendentry.go:96	目前日志为 |  index:0 term:0 cmd:-1 |  index:1 term:1 cmd:1 |  index:2 term:1 cmd:213712298 |  index:3 term:1 cmd:1176484306 |  index:4 term:1 cmd:1509767125 |  index:5 term:1 cmd:470758345 |  index:6 term:1 cmd:359469869 |  index:7 term:1 cmd:789719638 |  index:8 term:1 cmd:978644064 |  index:9 term:1 cmd:1975254125 |  index:10 term:1 cmd:1690524692 |  index:11 term:1 cmd:1615413810 | 
2023-08-20T16:32:27.722+0800	info	raft/raft.go:283	开启cond广播
2023-08-20T16:32:27.723+0800	info	raft/raft.go:251	节点更新发起选举时间为45ms后
2023-08-20T16:32:27.723+0800	info	raft/appendentry.go:67	收到权威leader心跳,来自 2args的entry为 [{1 1615413810} {1 690947322}]
2023-08-20T16:32:27.723+0800	info	raft/appendentry.go:96	目前日志为 |  index:0 term:0 cmd:-1 |  index:1 term:1 cmd:1 |  index:2 term:1 cmd:213712298 |  index:3 term:1 cmd:1176484306 |  index:4 term:1 cmd:1509767125 |  index:5 term:1 cmd:470758345 |  index:6 term:1 cmd:359469869 |  index:7 term:1 cmd:789719638 |  index:8 term:1 cmd:978644064 |  index:9 term:1 cmd:1975254125 |  index:10 term:1 cmd:1690524692 |  index:11 term:1 cmd:1615413810 |  index:12 term:1 cmd:690947322 | 
2023-08-20T16:32:27.723+0800	info	raft/raft.go:268	发送applymsg
2023-08-20T16:32:27.723+0800	info	raft/raft.go:268	发送applymsg
2023-08-20T16:32:27.783+0800	info	raft/raft.go:251	节点更新发起选举时间为25ms后
2023-08-20T16:32:27.783+0800	info	raft/appendentry.go:67	收到权威leader心跳,来自 2args的entry为 []
2023-08-20T16:32:27.783+0800	info	raft/appendentry.go:96	目前日志为 |  index:0 term:0 cmd:-1 |  index:1 term:1 cmd:1 |  index:2 term:1 cmd:213712298 |  index:3 term:1 cmd:1176484306 |  index:4 term:1 cmd:1509767125 |  index:5 term:1 cmd:470758345 |  index:6 term:1 cmd:359469869 |  index:7 term:1 cmd:789719638 |  index:8 term:1 cmd:978644064 |  index:9 term:1 cmd:1975254125 |  index:10 term:1 cmd:1690524692 |  index:11 term:1 cmd:1615413810 |  index:12 term:1 cmd:690947322 | 
2023-08-20T16:32:27.783+0800	info	raft/raft.go:283	开启cond广播
2023-08-20T16:32:27.783+0800	info	raft/raft.go:268	发送applymsg
2023-08-20T16:32:27.783+0800	info	raft/raft.go:268	发送applymsg
2023-08-20T16:32:27.845+0800	info	raft/raft.go:251	节点更新发起选举时间为133ms后
2023-08-20T16:32:27.845+0800	info	raft/appendentry.go:67	收到权威leader心跳,来自 2args的entry为 []
2023-08-20T16:32:27.845+0800	info	raft/appendentry.go:96	目前日志为 |  index:0 term:0 cmd:-1 |  index:1 term:1 cmd:1 |  index:2 term:1 cmd:213712298 |  index:3 term:1 cmd:1176484306 |  index:4 term:1 cmd:1509767125 |  index:5 term:1 cmd:470758345 |  index:6 term:1 cmd:359469869 |  index:7 term:1 cmd:789719638 |  index:8 term:1 cmd:978644064 |  index:9 term:1 cmd:1975254125 |  index:10 term:1 cmd:1690524692 |  index:11 term:1 cmd:1615413810 |  index:12 term:1 cmd:690947322 | 
2023-08-20T16:32:27.908+0800	info	raft/raft.go:251	节点更新发起选举时间为20ms后
2023-08-20T16:32:27.908+0800	info	raft/appendentry.go:67	收到权威leader心跳,来自 2args的entry为 []
2023-08-20T16:32:27.908+0800	info	raft/appendentry.go:96	目前日志为 |  index:0 term:0 cmd:-1 |  index:1 term:1 cmd:1 |  index:2 term:1 cmd:213712298 |  index:3 term:1 cmd:1176484306 |  index:4 term:1 cmd:1509767125 |  index:5 term:1 cmd:470758345 |  index:6 term:1 cmd:359469869 |  index:7 term:1 cmd:789719638 |  index:8 term:1 cmd:978644064 |  index:9 term:1 cmd:1975254125 |  index:10 term:1 cmd:1690524692 |  index:11 term:1 cmd:1615413810 |  index:12 term:1 cmd:690947322 | 
2023-08-20T16:32:27.970+0800	info	raft/raft.go:251	节点更新发起选举时间为15ms后
2023-08-20T16:32:27.970+0800	info	raft/appendentry.go:67	收到权威leader心跳,来自 2args的entry为 []
2023-08-20T16:32:27.970+0800	info	raft/appendentry.go:96	目前日志为 |  index:0 term:0 cmd:-1 |  index:1 term:1 cmd:1 |  index:2 term:1 cmd:213712298 |  index:3 term:1 cmd:1176484306 |  index:4 term:1 cmd:1509767125 |  index:5 term:1 cmd:470758345 |  index:6 term:1 cmd:359469869 |  index:7 term:1 cmd:789719638 |  index:8 term:1 cmd:978644064 |  index:9 term:1 cmd:1975254125 |  index:10 term:1 cmd:1690524692 |  index:11 term:1 cmd:1615413810 |  index:12 term:1 cmd:690947322 | 
2023-08-20T16:32:28.031+0800	info	raft/raft.go:251	节点更新发起选举时间为17ms后
2023-08-20T16:32:28.031+0800	info	raft/appendentry.go:67	收到权威leader心跳,来自 2args的entry为 []
2023-08-20T16:32:28.031+0800	info	raft/appendentry.go:96	目前日志为 |  index:0 term:0 cmd:-1 |  index:1 term:1 cmd:1 |  index:2 term:1 cmd:213712298 |  index:3 term:1 cmd:1176484306 |  index:4 term:1 cmd:1509767125 |  index:5 term:1 cmd:470758345 |  index:6 term:1 cmd:359469869 |  index:7 term:1 cmd:789719638 |  index:8 term:1 cmd:978644064 |  index:9 term:1 cmd:1975254125 |  index:10 term:1 cmd:1690524692 |  index:11 term:1 cmd:1615413810 |  index:12 term:1 cmd:690947322 | 
2023-08-20T16:32:28.093+0800	info	raft/raft.go:251	节点更新发起选举时间为50ms后
2023-08-20T16:32:28.093+0800	info	raft/appendentry.go:67	收到权威leader心跳,来自 2args的entry为 []
2023-08-20T16:32:28.093+0800	info	raft/appendentry.go:96	目前日志为 |  index:0 term:0 cmd:-1 |  index:1 term:1 cmd:1 |  index:2 term:1 cmd:213712298 |  index:3 term:1 cmd:1176484306 |  index:4 term:1 cmd:1509767125 |  index:5 term:1 cmd:470758345 |  index:6 term:1 cmd:359469869 |  index:7 term:1 cmd:789719638 |  index:8 term:1 cmd:978644064 |  index:9 term:1 cmd:1975254125 |  index:10 term:1 cmd:1690524692 |  index:11 term:1 cmd:1615413810 |  index:12 term:1 cmd:690947322 | 
2023-08-20T16:32:28.155+0800	info	raft/raft.go:251	节点更新发起选举时间为130ms后
2023-08-20T16:32:28.155+0800	info	raft/appendentry.go:67	收到权威leader心跳,来自 2args的entry为 []
2023-08-20T16:32:28.155+0800	info	raft/appendentry.go:96	目前日志为 |  index:0 term:0 cmd:-1 |  index:1 term:1 cmd:1 |  index:2 term:1 cmd:213712298 |  index:3 term:1 cmd:1176484306 |  index:4 term:1 cmd:1509767125 |  index:5 term:1 cmd:470758345 |  index:6 term:1 cmd:359469869 |  index:7 term:1 cmd:789719638 |  index:8 term:1 cmd:978644064 |  index:9 term:1 cmd:1975254125 |  index:10 term:1 cmd:1690524692 |  index:11 term:1 cmd:1615413810 |  index:12 term:1 cmd:690947322 | 
2023-08-20T16:32:28.217+0800	info	raft/raft.go:251	节点更新发起选举时间为107ms后
2023-08-20T16:32:28.217+0800	info	raft/appendentry.go:67	收到权威leader心跳,来自 2args的entry为 []
2023-08-20T16:32:28.217+0800	info	raft/appendentry.go:96	目前日志为 |  index:0 term:0 cmd:-1 |  index:1 term:1 cmd:1 |  index:2 term:1 cmd:213712298 |  index:3 term:1 cmd:1176484306 |  index:4 term:1 cmd:1509767125 |  index:5 term:1 cmd:470758345 |  index:6 term:1 cmd:359469869 |  index:7 term:1 cmd:789719638 |  index:8 term:1 cmd:978644064 |  index:9 term:1 cmd:1975254125 |  index:10 term:1 cmd:1690524692 |  index:11 term:1 cmd:1615413810 |  index:12 term:1 cmd:690947322 | 
2023-08-20T16:32:28.279+0800	info	raft/raft.go:251	节点更新发起选举时间为82ms后
2023-08-20T16:32:28.279+0800	info	raft/appendentry.go:67	收到权威leader心跳,来自 2args的entry为 []
2023-08-20T16:32:28.279+0800	info	raft/appendentry.go:96	目前日志为 |  index:0 term:0 cmd:-1 |  index:1 term:1 cmd:1 |  index:2 term:1 cmd:213712298 |  index:3 term:1 cmd:1176484306 |  index:4 term:1 cmd:1509767125 |  index:5 term:1 cmd:470758345 |  index:6 term:1 cmd:359469869 |  index:7 term:1 cmd:789719638 |  index:8 term:1 cmd:978644064 |  index:9 term:1 cmd:1975254125 |  index:10 term:1 cmd:1690524692 |  index:11 term:1 cmd:1615413810 |  index:12 term:1 cmd:690947322 | 
2023-08-20T16:32:28.340+0800	info	raft/raft.go:251	节点更新发起选举时间为15ms后
2023-08-20T16:32:28.340+0800	info	raft/appendentry.go:67	收到权威leader心跳,来自 2args的entry为 []
2023-08-20T16:32:28.340+0800	info	raft/appendentry.go:96	目前日志为 |  index:0 term:0 cmd:-1 |  index:1 term:1 cmd:1 |  index:2 term:1 cmd:213712298 |  index:3 term:1 cmd:1176484306 |  index:4 term:1 cmd:1509767125 |  index:5 term:1 cmd:470758345 |  index:6 term:1 cmd:359469869 |  index:7 term:1 cmd:789719638 |  index:8 term:1 cmd:978644064 |  index:9 term:1 cmd:1975254125 |  index:10 term:1 cmd:1690524692 |  index:11 term:1 cmd:1615413810 |  index:12 term:1 cmd:690947322 | 
2023-08-20T16:32:28.402+0800	info	raft/raft.go:251	节点更新发起选举时间为78ms后
2023-08-20T16:32:28.402+0800	info	raft/appendentry.go:67	收到权威leader心跳,来自 2args的entry为 []
2023-08-20T16:32:28.402+0800	info	raft/appendentry.go:96	目前日志为 |  index:0 term:0 cmd:-1 |  index:1 term:1 cmd:1 |  index:2 term:1 cmd:213712298 |  index:3 term:1 cmd:1176484306 |  index:4 term:1 cmd:1509767125 |  index:5 term:1 cmd:470758345 |  index:6 term:1 cmd:359469869 |  index:7 term:1 cmd:789719638 |  index:8 term:1 cmd:978644064 |  index:9 term:1 cmd:1975254125 |  index:10 term:1 cmd:1690524692 |  index:11 term:1 cmd:1615413810 |  index:12 term:1 cmd:690947322 | 
2023-08-20T16:32:28.465+0800	info	raft/raft.go:251	节点更新发起选举时间为42ms后
2023-08-20T16:32:28.465+0800	info	raft/appendentry.go:67	收到权威leader心跳,来自 2args的entry为 []
2023-08-20T16:32:28.465+0800	info	raft/appendentry.go:96	目前日志为 |  index:0 term:0 cmd:-1 |  index:1 term:1 cmd:1 |  index:2 term:1 cmd:213712298 |  index:3 term:1 cmd:1176484306 |  index:4 term:1 cmd:1509767125 |  index:5 term:1 cmd:470758345 |  index:6 term:1 cmd:359469869 |  index:7 term:1 cmd:789719638 |  index:8 term:1 cmd:978644064 |  index:9 term:1 cmd:1975254125 |  index:10 term:1 cmd:1690524692 |  index:11 term:1 cmd:1615413810 |  index:12 term:1 cmd:690947322 | 
2023-08-20T16:32:28.527+0800	info	raft/raft.go:251	节点更新发起选举时间为68ms后
2023-08-20T16:32:28.527+0800	info	raft/appendentry.go:67	收到权威leader心跳,来自 2args的entry为 []
2023-08-20T16:32:28.527+0800	info	raft/appendentry.go:96	目前日志为 |  index:0 term:0 cmd:-1 |  index:1 term:1 cmd:1 |  index:2 term:1 cmd:213712298 |  index:3 term:1 cmd:1176484306 |  index:4 term:1 cmd:1509767125 |  index:5 term:1 cmd:470758345 |  index:6 term:1 cmd:359469869 |  index:7 term:1 cmd:789719638 |  index:8 term:1 cmd:978644064 |  index:9 term:1 cmd:1975254125 |  index:10 term:1 cmd:1690524692 |  index:11 term:1 cmd:1615413810 |  index:12 term:1 cmd:690947322 | 
2023-08-20T16:32:28.589+0800	info	raft/raft.go:251	节点更新发起选举时间为81ms后
2023-08-20T16:32:28.589+0800	info	raft/appendentry.go:67	收到权威leader心跳,来自 2args的entry为 []
2023-08-20T16:32:28.589+0800	info	raft/appendentry.go:96	目前日志为 |  index:0 term:0 cmd:-1 |  index:1 term:1 cmd:1 |  index:2 term:1 cmd:213712298 |  index:3 term:1 cmd:1176484306 |  index:4 term:1 cmd:1509767125 |  index:5 term:1 cmd:470758345 |  index:6 term:1 cmd:359469869 |  index:7 term:1 cmd:789719638 |  index:8 term:1 cmd:978644064 |  index:9 term:1 cmd:1975254125 |  index:10 term:1 cmd:1690524692 |  index:11 term:1 cmd:1615413810 |  index:12 term:1 cmd:690947322 | 
2023-08-20T16:32:28.651+0800	info	raft/raft.go:251	节点更新发起选举时间为32ms后
2023-08-20T16:32:28.651+0800	info	raft/appendentry.go:67	收到权威leader心跳,来自 2args的entry为 []
2023-08-20T16:32:28.651+0800	info	raft/appendentry.go:96	目前日志为 |  index:0 term:0 cmd:-1 |  index:1 term:1 cmd:1 |  index:2 term:1 cmd:213712298 |  index:3 term:1 cmd:1176484306 |  index:4 term:1 cmd:1509767125 |  index:5 term:1 cmd:470758345 |  index:6 term:1 cmd:359469869 |  index:7 term:1 cmd:789719638 |  index:8 term:1 cmd:978644064 |  index:9 term:1 cmd:1975254125 |  index:10 term:1 cmd:1690524692 |  index:11 term:1 cmd:1615413810 |  index:12 term:1 cmd:690947322 | 
2023-08-20T16:32:28.714+0800	info	raft/raft.go:251	节点更新发起选举时间为94ms后
2023-08-20T16:32:28.715+0800	info	raft/appendentry.go:67	收到权威leader心跳,来自 2args的entry为 []
2023-08-20T16:32:28.715+0800	info	raft/appendentry.go:96	目前日志为 |  index:0 term:0 cmd:-1 |  index:1 term:1 cmd:1 |  index:2 term:1 cmd:213712298 |  index:3 term:1 cmd:1176484306 |  index:4 term:1 cmd:1509767125 |  index:5 term:1 cmd:470758345 |  index:6 term:1 cmd:359469869 |  index:7 term:1 cmd:789719638 |  index:8 term:1 cmd:978644064 |  index:9 term:1 cmd:1975254125 |  index:10 term:1 cmd:1690524692 |  index:11 term:1 cmd:1615413810 |  index:12 term:1 cmd:690947322 | 
2023-08-20T16:32:28.776+0800	info	raft/raft.go:251	节点更新发起选举时间为113ms后
2023-08-20T16:32:28.776+0800	info	raft/appendentry.go:67	收到权威leader心跳,来自 2args的entry为 []
2023-08-20T16:32:28.776+0800	info	raft/appendentry.go:96	目前日志为 |  index:0 term:0 cmd:-1 |  index:1 term:1 cmd:1 |  index:2 term:1 cmd:213712298 |  index:3 term:1 cmd:1176484306 |  index:4 term:1 cmd:1509767125 |  index:5 term:1 cmd:470758345 |  index:6 term:1 cmd:359469869 |  index:7 term:1 cmd:789719638 |  index:8 term:1 cmd:978644064 |  index:9 term:1 cmd:1975254125 |  index:10 term:1 cmd:1690524692 |  index:11 term:1 cmd:1615413810 |  index:12 term:1 cmd:690947322 | 
2023-08-20T16:32:28.837+0800	info	raft/raft.go:251	节点更新发起选举时间为14ms后
2023-08-20T16:32:28.837+0800	info	raft/appendentry.go:67	收到权威leader心跳,来自 2args的entry为 []
2023-08-20T16:32:28.837+0800	info	raft/appendentry.go:96	目前日志为 |  index:0 term:0 cmd:-1 |  index:1 term:1 cmd:1 |  index:2 term:1 cmd:213712298 |  index:3 term:1 cmd:1176484306 |  index:4 term:1 cmd:1509767125 |  index:5 term:1 cmd:470758345 |  index:6 term:1 cmd:359469869 |  index:7 term:1 cmd:789719638 |  index:8 term:1 cmd:978644064 |  index:9 term:1 cmd:1975254125 |  index:10 term:1 cmd:1690524692 |  index:11 term:1 cmd:1615413810 |  index:12 term:1 cmd:690947322 | 
2023-08-20T16:32:28.837+0800	info	raft/raft.go:210	节点死亡
