2023-09-22T14:50:57.272+0800	info	raft/util.go:13	  leader_snapshot  收到的snapshot的index为329  现在我的log为|  index:329 term:19 cmd:-1 | 
2023-09-22T14:50:57.323+0800	info	raft/util.go:13	  心跳  收到权威leader心跳,来自 0   leader 的commit index为338我的commit index为329
2023-09-22T14:50:57.323+0800	info	raft/util.go:13	  日志对齐  本节点日志和leader已经对齐,本节点日志为|  index:329 term:19 cmd:-1 |  index:330 term:19 cmd:3970028414035015204 |  index:331 term:19 cmd:981658252748729242 |  index:332 term:19 cmd:8530776975303915377 |  index:333 term:19 cmd:5788257578301531638 |  index:334 term:19 cmd:3064467717353805147 |  index:335 term:19 cmd:4010462558601503527 |  index:336 term:19 cmd:8876240536674060793 |  index:337 term:19 cmd:1951454375402955014 |  index:338 term:19 cmd:4849770913061692021 | 
2023-09-22T14:50:57.323+0800	info	raft/util.go:13	  日志提交  提交的index: 329
2023-09-22T14:50:57.323+0800	info	raft/util.go:13	  日志提交  提交的index: 330
2023-09-22T14:50:57.323+0800	info	raft/util.go:13	  日志提交  提交的index: 331
2023-09-22T14:50:57.323+0800	info	raft/util.go:13	  日志提交  提交的index: 332
2023-09-22T14:50:57.323+0800	info	raft/util.go:13	  日志提交  提交的index: 333
2023-09-22T14:50:57.323+0800	info	raft/util.go:13	  日志提交  提交的index: 334
2023-09-22T14:50:57.323+0800	info	raft/util.go:13	  日志提交  提交的index: 335
2023-09-22T14:50:57.323+0800	info	raft/util.go:13	  日志提交  提交的index: 336
2023-09-22T14:50:57.323+0800	info	raft/util.go:13	  日志提交  提交的index: 337
2023-09-22T14:50:57.383+0800	info	raft/util.go:13	  心跳  收到权威leader心跳,来自 0   leader 的commit index为338我的commit index为338
2023-09-22T14:50:57.383+0800	info	raft/util.go:13	  日志对齐  本节点日志和leader已经对齐,本节点日志为|  index:329 term:19 cmd:-1 |  index:330 term:19 cmd:3970028414035015204 |  index:331 term:19 cmd:981658252748729242 |  index:332 term:19 cmd:8530776975303915377 |  index:333 term:19 cmd:5788257578301531638 |  index:334 term:19 cmd:3064467717353805147 |  index:335 term:19 cmd:4010462558601503527 |  index:336 term:19 cmd:8876240536674060793 |  index:337 term:19 cmd:1951454375402955014 |  index:338 term:19 cmd:4849770913061692021 | 
2023-09-22T14:50:57.444+0800	info	raft/util.go:13	  心跳  收到权威leader心跳,来自 0   leader 的commit index为338我的commit index为338
2023-09-22T14:50:57.444+0800	info	raft/util.go:13	  日志对齐  本节点日志和leader已经对齐,本节点日志为|  index:329 term:19 cmd:-1 |  index:330 term:19 cmd:3970028414035015204 |  index:331 term:19 cmd:981658252748729242 |  index:332 term:19 cmd:8530776975303915377 |  index:333 term:19 cmd:5788257578301531638 |  index:334 term:19 cmd:3064467717353805147 |  index:335 term:19 cmd:4010462558601503527 |  index:336 term:19 cmd:8876240536674060793 |  index:337 term:19 cmd:1951454375402955014 |  index:338 term:19 cmd:4849770913061692021 | 
2023-09-22T14:50:57.506+0800	info	raft/util.go:13	  心跳  收到权威leader心跳,来自 0   leader 的commit index为338我的commit index为338
2023-09-22T14:50:57.506+0800	info	raft/util.go:13	  日志对齐  本节点日志和leader已经对齐,本节点日志为|  index:329 term:19 cmd:-1 |  index:330 term:19 cmd:3970028414035015204 |  index:331 term:19 cmd:981658252748729242 |  index:332 term:19 cmd:8530776975303915377 |  index:333 term:19 cmd:5788257578301531638 |  index:334 term:19 cmd:3064467717353805147 |  index:335 term:19 cmd:4010462558601503527 |  index:336 term:19 cmd:8876240536674060793 |  index:337 term:19 cmd:1951454375402955014 |  index:338 term:19 cmd:4849770913061692021 | 
2023-09-22T14:50:57.563+0800	info	raft/util.go:13	  心跳  收到权威leader心跳,来自 0   leader 的commit index为338我的commit index为338
2023-09-22T14:50:57.563+0800	info	raft/util.go:13	  日志对齐  本节点日志和leader已经对齐,本节点日志为|  index:329 term:19 cmd:-1 |  index:330 term:19 cmd:3970028414035015204 |  index:331 term:19 cmd:981658252748729242 |  index:332 term:19 cmd:8530776975303915377 |  index:333 term:19 cmd:5788257578301531638 |  index:334 term:19 cmd:3064467717353805147 |  index:335 term:19 cmd:4010462558601503527 |  index:336 term:19 cmd:8876240536674060793 |  index:337 term:19 cmd:1951454375402955014 |  index:338 term:19 cmd:4849770913061692021 | 
2023-09-22T14:50:57.644+0800	info	raft/util.go:13	  心跳  收到权威leader心跳,来自 0   leader 的commit index为338我的commit index为338
2023-09-22T14:50:57.644+0800	info	raft/util.go:13	  日志对齐  本节点日志和leader已经对齐,本节点日志为|  index:329 term:19 cmd:-1 |  index:330 term:19 cmd:3970028414035015204 |  index:331 term:19 cmd:981658252748729242 |  index:332 term:19 cmd:8530776975303915377 |  index:333 term:19 cmd:5788257578301531638 |  index:334 term:19 cmd:3064467717353805147 |  index:335 term:19 cmd:4010462558601503527 |  index:336 term:19 cmd:8876240536674060793 |  index:337 term:19 cmd:1951454375402955014 |  index:338 term:19 cmd:4849770913061692021 | 
2023-09-22T14:50:57.715+0800	info	raft/util.go:13	  心跳  收到权威leader心跳,来自 0   leader 的commit index为338我的commit index为338
2023-09-22T14:50:57.715+0800	info	raft/util.go:13	  日志对齐  本节点日志和leader已经对齐,本节点日志为|  index:329 term:19 cmd:-1 |  index:330 term:19 cmd:3970028414035015204 |  index:331 term:19 cmd:981658252748729242 |  index:332 term:19 cmd:8530776975303915377 |  index:333 term:19 cmd:5788257578301531638 |  index:334 term:19 cmd:3064467717353805147 |  index:335 term:19 cmd:4010462558601503527 |  index:336 term:19 cmd:8876240536674060793 |  index:337 term:19 cmd:1951454375402955014 |  index:338 term:19 cmd:4849770913061692021 | 
2023-09-22T14:50:57.795+0800	info	raft/util.go:13	  心跳  收到权威leader心跳,来自 0   leader 的commit index为338我的commit index为338
2023-09-22T14:50:57.795+0800	info	raft/util.go:13	  日志对齐  本节点日志和leader已经对齐,本节点日志为|  index:329 term:19 cmd:-1 |  index:330 term:19 cmd:3970028414035015204 |  index:331 term:19 cmd:981658252748729242 |  index:332 term:19 cmd:8530776975303915377 |  index:333 term:19 cmd:5788257578301531638 |  index:334 term:19 cmd:3064467717353805147 |  index:335 term:19 cmd:4010462558601503527 |  index:336 term:19 cmd:8876240536674060793 |  index:337 term:19 cmd:1951454375402955014 |  index:338 term:19 cmd:4849770913061692021 | 
2023-09-22T14:50:58.092+0800	info	raft/util.go:13	  投票  收到 2 的投票邀请,term为 20
2023-09-22T14:50:58.092+0800	info	raft/util.go:13	  状态更新  节点 1 遇到更高term,更新term为 20 
2023-09-22T14:50:58.092+0800	info	raft/util.go:13	  投票  符合要求,投给 2 
2023-09-22T14:50:58.117+0800	info	raft/util.go:13	  心跳  收到权威leader心跳,来自 2   leader 的commit index为338我的commit index为338
2023-09-22T14:50:58.117+0800	info	raft/util.go:13	  日志对齐  本节点日志和leader已经对齐,本节点日志为|  index:329 term:19 cmd:-1 |  index:330 term:19 cmd:3970028414035015204 |  index:331 term:19 cmd:981658252748729242 |  index:332 term:19 cmd:8530776975303915377 |  index:333 term:19 cmd:5788257578301531638 |  index:334 term:19 cmd:3064467717353805147 |  index:335 term:19 cmd:4010462558601503527 |  index:336 term:19 cmd:8876240536674060793 |  index:337 term:19 cmd:1951454375402955014 |  index:338 term:19 cmd:4849770913061692021 | 
2023-09-22T14:50:58.124+0800	info	raft/util.go:13	  心跳  收到权威leader心跳,来自 2   leader 的commit index为338我的commit index为338
2023-09-22T14:50:58.124+0800	info	raft/util.go:13	  日志对齐  本节点日志和leader已经对齐,本节点日志为|  index:329 term:19 cmd:-1 |  index:330 term:19 cmd:3970028414035015204 |  index:331 term:19 cmd:981658252748729242 |  index:332 term:19 cmd:8530776975303915377 |  index:333 term:19 cmd:5788257578301531638 |  index:334 term:19 cmd:3064467717353805147 |  index:335 term:19 cmd:4010462558601503527 |  index:336 term:19 cmd:8876240536674060793 |  index:337 term:19 cmd:1951454375402955014 |  index:338 term:19 cmd:4849770913061692021 | 
2023-09-22T14:50:58.163+0800	info	raft/util.go:13	  心跳  收到权威leader心跳,来自 2   leader 的commit index为338我的commit index为338
2023-09-22T14:50:58.163+0800	info	raft/util.go:13	  日志对齐  本节点日志和leader已经对齐,本节点日志为|  index:329 term:19 cmd:-1 |  index:330 term:19 cmd:3970028414035015204 |  index:331 term:19 cmd:981658252748729242 |  index:332 term:19 cmd:8530776975303915377 |  index:333 term:19 cmd:5788257578301531638 |  index:334 term:19 cmd:3064467717353805147 |  index:335 term:19 cmd:4010462558601503527 |  index:336 term:19 cmd:8876240536674060793 |  index:337 term:19 cmd:1951454375402955014 |  index:338 term:19 cmd:4849770913061692021 |  index:339 term:20 cmd:9178425330705222348 | 
2023-09-22T14:50:58.203+0800	info	raft/util.go:13	  心跳  收到权威leader心跳,来自 2   leader 的commit index为339我的commit index为338
2023-09-22T14:50:58.203+0800	info	raft/util.go:13	  日志对齐  本节点日志和leader已经对齐,本节点日志为|  index:329 term:19 cmd:-1 |  index:330 term:19 cmd:3970028414035015204 |  index:331 term:19 cmd:981658252748729242 |  index:332 term:19 cmd:8530776975303915377 |  index:333 term:19 cmd:5788257578301531638 |  index:334 term:19 cmd:3064467717353805147 |  index:335 term:19 cmd:4010462558601503527 |  index:336 term:19 cmd:8876240536674060793 |  index:337 term:19 cmd:1951454375402955014 |  index:338 term:19 cmd:4849770913061692021 |  index:339 term:20 cmd:9178425330705222348 | 
2023-09-22T14:50:58.203+0800	info	raft/util.go:13	  日志提交  提交的index: 338
2023-09-22T14:50:58.203+0800	info	raft/util.go:13	  snapshot  收到的index为 339 安装snapshot,新的log为 : |  index:339 term:20 cmd:-1 | 
2023-09-22T14:50:58.263+0800	info	raft/util.go:13	  心跳  收到权威leader心跳,来自 2   leader 的commit index为339我的commit index为339
2023-09-22T14:50:58.263+0800	info	raft/util.go:13	  日志对齐  本节点日志和leader已经对齐,本节点日志为|  index:339 term:20 cmd:-1 |  index:340 term:20 cmd:7666498226681951939 | 
2023-09-22T14:50:58.263+0800	info	raft/util.go:13	  心跳  收到权威leader心跳,来自 2   leader 的commit index为339我的commit index为339
2023-09-22T14:50:58.263+0800	info	raft/util.go:13	  日志对齐  本节点日志和leader已经对齐,本节点日志为|  index:339 term:20 cmd:-1 |  index:340 term:20 cmd:7666498226681951939 | 
2023-09-22T14:50:58.325+0800	info	raft/util.go:13	  心跳  收到权威leader心跳,来自 2   leader 的commit index为340我的commit index为339
2023-09-22T14:50:58.325+0800	info	raft/util.go:13	  日志对齐  本节点日志和leader已经对齐,本节点日志为|  index:339 term:20 cmd:-1 |  index:340 term:20 cmd:7666498226681951939 | 
2023-09-22T14:50:58.325+0800	info	raft/util.go:13	  日志提交  提交的index: 339
2023-09-22T14:50:58.370+0800	info	raft/util.go:13	  心跳  收到权威leader心跳,来自 2   leader 的commit index为340我的commit index为340
2023-09-22T14:50:58.370+0800	info	raft/util.go:13	  日志对齐  本节点日志和leader已经对齐,本节点日志为|  index:339 term:20 cmd:-1 |  index:340 term:20 cmd:7666498226681951939 |  index:341 term:20 cmd:7518701356234315967 | 
2023-09-22T14:50:58.456+0800	info	raft/util.go:13	  心跳  收到权威leader心跳,来自 2   leader 的commit index为341我的commit index为340
2023-09-22T14:50:58.456+0800	info	raft/util.go:13	  日志对齐  本节点日志和leader已经对齐,本节点日志为|  index:339 term:20 cmd:-1 |  index:340 term:20 cmd:7666498226681951939 |  index:341 term:20 cmd:7518701356234315967 | 
2023-09-22T14:50:58.456+0800	info	raft/util.go:13	  日志提交  提交的index: 340
2023-09-22T14:50:58.506+0800	info	raft/util.go:13	  心跳  收到权威leader心跳,来自 2   leader 的commit index为341我的commit index为341
2023-09-22T14:50:58.506+0800	info	raft/util.go:13	  日志对齐  本节点日志和leader已经对齐,本节点日志为|  index:339 term:20 cmd:-1 |  index:340 term:20 cmd:7666498226681951939 |  index:341 term:20 cmd:7518701356234315967 | 
2023-09-22T14:50:58.577+0800	info	raft/util.go:13	  心跳  收到权威leader心跳,来自 2   leader 的commit index为341我的commit index为341
2023-09-22T14:50:58.577+0800	info	raft/util.go:13	  日志对齐  本节点日志和leader已经对齐,本节点日志为|  index:339 term:20 cmd:-1 |  index:340 term:20 cmd:7666498226681951939 |  index:341 term:20 cmd:7518701356234315967 | 
2023-09-22T14:50:58.637+0800	info	raft/util.go:13	  心跳  收到权威leader心跳,来自 2   leader 的commit index为341我的commit index为341
2023-09-22T14:50:58.637+0800	info	raft/util.go:13	  日志对齐  本节点日志和leader已经对齐,本节点日志为|  index:339 term:20 cmd:-1 |  index:340 term:20 cmd:7666498226681951939 |  index:341 term:20 cmd:7518701356234315967 | 
2023-09-22T14:50:58.759+0800	info	raft/util.go:13	  心跳  收到权威leader心跳,来自 2   leader 的commit index为341我的commit index为341
2023-09-22T14:50:58.759+0800	info	raft/util.go:13	  日志对齐  本节点日志和leader已经对齐,本节点日志为|  index:339 term:20 cmd:-1 |  index:340 term:20 cmd:7666498226681951939 |  index:341 term:20 cmd:7518701356234315967 | 
2023-09-22T14:50:58.805+0800	info	raft/util.go:13	  心跳  收到权威leader心跳,来自 2   leader 的commit index为341我的commit index为341
2023-09-22T14:50:58.805+0800	info	raft/util.go:13	  日志对齐  本节点日志和leader已经对齐,本节点日志为|  index:339 term:20 cmd:-1 |  index:340 term:20 cmd:7666498226681951939 |  index:341 term:20 cmd:7518701356234315967 | 
2023-09-22T14:50:58.866+0800	info	raft/util.go:13	  心跳  收到权威leader心跳,来自 2   leader 的commit index为341我的commit index为341
2023-09-22T14:50:58.866+0800	info	raft/util.go:13	  日志对齐  本节点日志和leader已经对齐,本节点日志为|  index:339 term:20 cmd:-1 |  index:340 term:20 cmd:7666498226681951939 |  index:341 term:20 cmd:7518701356234315967 | 
2023-09-22T14:50:58.941+0800	info	raft/util.go:13	  心跳  收到权威leader心跳,来自 2   leader 的commit index为341我的commit index为341
2023-09-22T14:50:58.941+0800	info	raft/util.go:13	  日志对齐  本节点日志和leader已经对齐,本节点日志为|  index:339 term:20 cmd:-1 |  index:340 term:20 cmd:7666498226681951939 |  index:341 term:20 cmd:7518701356234315967 | 
2023-09-22T14:50:58.987+0800	info	raft/util.go:13	  心跳  收到权威leader心跳,来自 2   leader 的commit index为341我的commit index为341
2023-09-22T14:50:58.987+0800	info	raft/util.go:13	  日志对齐  本节点日志和leader已经对齐,本节点日志为|  index:339 term:20 cmd:-1 |  index:340 term:20 cmd:7666498226681951939 |  index:341 term:20 cmd:7518701356234315967 | 
2023-09-22T14:50:59.048+0800	info	raft/util.go:13	  心跳  收到权威leader心跳,来自 2   leader 的commit index为341我的commit index为341
2023-09-22T14:50:59.048+0800	info	raft/util.go:13	  日志对齐  本节点日志和leader已经对齐,本节点日志为|  index:339 term:20 cmd:-1 |  index:340 term:20 cmd:7666498226681951939 |  index:341 term:20 cmd:7518701356234315967 | 
2023-09-22T14:50:59.105+0800	info	raft/util.go:13	  心跳  收到权威leader心跳,来自 2   leader 的commit index为341我的commit index为341
2023-09-22T14:50:59.105+0800	info	raft/util.go:13	  日志对齐  本节点日志和leader已经对齐,本节点日志为|  index:339 term:20 cmd:-1 |  index:340 term:20 cmd:7666498226681951939 |  index:341 term:20 cmd:7518701356234315967 | 
2023-09-22T14:50:59.171+0800	info	raft/util.go:13	  心跳  收到权威leader心跳,来自 2   leader 的commit index为341我的commit index为341
2023-09-22T14:50:59.171+0800	info	raft/util.go:13	  日志对齐  本节点日志和leader已经对齐,本节点日志为|  index:339 term:20 cmd:-1 |  index:340 term:20 cmd:7666498226681951939 |  index:341 term:20 cmd:7518701356234315967 |  index:342 term:20 cmd:624120644354777849 | 
2023-09-22T14:50:59.216+0800	info	raft/util.go:13	  心跳  收到权威leader心跳,来自 2   leader 的commit index为342我的commit index为341
2023-09-22T14:50:59.216+0800	info	raft/util.go:13	  日志对齐  本节点日志和leader已经对齐,本节点日志为|  index:339 term:20 cmd:-1 |  index:340 term:20 cmd:7666498226681951939 |  index:341 term:20 cmd:7518701356234315967 |  index:342 term:20 cmd:624120644354777849 | 
2023-09-22T14:50:59.216+0800	info	raft/util.go:13	  日志提交  提交的index: 341
2023-09-22T14:50:59.262+0800	info	raft/util.go:13	  心跳  收到权威leader心跳,来自 2   leader 的commit index为342我的commit index为342
2023-09-22T14:50:59.262+0800	info	raft/util.go:13	  日志对齐  本节点日志和leader已经对齐,本节点日志为|  index:339 term:20 cmd:-1 |  index:340 term:20 cmd:7666498226681951939 |  index:341 term:20 cmd:7518701356234315967 |  index:342 term:20 cmd:624120644354777849 |  index:343 term:20 cmd:1802859763384115630 |  index:344 term:20 cmd:1829064280682102684 | 
2023-09-22T14:50:59.262+0800	info	raft/util.go:13	  心跳  收到权威leader心跳,来自 2   leader 的commit index为342我的commit index为342
2023-09-22T14:50:59.262+0800	info	raft/util.go:13	  日志对齐  本节点日志和leader已经对齐,本节点日志为|  index:339 term:20 cmd:-1 |  index:340 term:20 cmd:7666498226681951939 |  index:341 term:20 cmd:7518701356234315967 |  index:342 term:20 cmd:624120644354777849 |  index:343 term:20 cmd:1802859763384115630 |  index:344 term:20 cmd:1829064280682102684 |  index:345 term:20 cmd:8813796893057235438 |  index:346 term:20 cmd:1339755200466700229 |  index:347 term:20 cmd:7071731664569688794 |  index:348 term:20 cmd:6255742992425836879 |  index:349 term:20 cmd:8586827600141625484 |  index:350 term:20 cmd:9064865897330177887 |  index:351 term:20 cmd:8144128539622483892 | 
2023-09-22T14:50:59.262+0800	info	raft/util.go:13	  心跳  收到权威leader心跳,来自 2   leader 的commit index为342我的commit index为342
2023-09-22T14:50:59.262+0800	info	raft/util.go:13	  日志对齐  本节点日志和leader已经对齐,本节点日志为|  index:339 term:20 cmd:-1 |  index:340 term:20 cmd:7666498226681951939 |  index:341 term:20 cmd:7518701356234315967 |  index:342 term:20 cmd:624120644354777849 |  index:343 term:20 cmd:1802859763384115630 |  index:344 term:20 cmd:1829064280682102684 |  index:345 term:20 cmd:8813796893057235438 |  index:346 term:20 cmd:1339755200466700229 |  index:347 term:20 cmd:7071731664569688794 |  index:348 term:20 cmd:6255742992425836879 |  index:349 term:20 cmd:8586827600141625484 |  index:350 term:20 cmd:9064865897330177887 |  index:351 term:20 cmd:8144128539622483892 |  index:352 term:20 cmd:3494373300543358969 |  index:353 term:20 cmd:8159306033740496317 | 
2023-09-22T14:50:59.262+0800	info	raft/util.go:13	  心跳  收到权威leader心跳,来自 2   leader 的commit index为342我的commit index为342
2023-09-22T14:50:59.262+0800	info	raft/util.go:13	  日志对齐  本节点日志和leader已经对齐,本节点日志为|  index:339 term:20 cmd:-1 |  index:340 term:20 cmd:7666498226681951939 |  index:341 term:20 cmd:7518701356234315967 |  index:342 term:20 cmd:624120644354777849 |  index:343 term:20 cmd:1802859763384115630 |  index:344 term:20 cmd:1829064280682102684 |  index:345 term:20 cmd:8813796893057235438 |  index:346 term:20 cmd:1339755200466700229 |  index:347 term:20 cmd:7071731664569688794 |  index:348 term:20 cmd:6255742992425836879 |  index:349 term:20 cmd:8586827600141625484 |  index:350 term:20 cmd:9064865897330177887 |  index:351 term:20 cmd:8144128539622483892 |  index:352 term:20 cmd:3494373300543358969 |  index:353 term:20 cmd:8159306033740496317 | 
2023-09-22T14:50:59.262+0800	info	raft/util.go:13	  心跳  收到权威leader心跳,来自 2   leader 的commit index为342我的commit index为342
2023-09-22T14:50:59.262+0800	info	raft/util.go:13	  日志对齐  本节点日志和leader已经对齐,本节点日志为|  index:339 term:20 cmd:-1 |  index:340 term:20 cmd:7666498226681951939 |  index:341 term:20 cmd:7518701356234315967 |  index:342 term:20 cmd:624120644354777849 |  index:343 term:20 cmd:1802859763384115630 |  index:344 term:20 cmd:1829064280682102684 |  index:345 term:20 cmd:8813796893057235438 |  index:346 term:20 cmd:1339755200466700229 |  index:347 term:20 cmd:7071731664569688794 |  index:348 term:20 cmd:6255742992425836879 |  index:349 term:20 cmd:8586827600141625484 |  index:350 term:20 cmd:9064865897330177887 |  index:351 term:20 cmd:8144128539622483892 |  index:352 term:20 cmd:3494373300543358969 |  index:353 term:20 cmd:8159306033740496317 |  index:354 term:20 cmd:7134766540700781178 | 
2023-09-22T14:50:59.262+0800	info	raft/util.go:13	  心跳  收到权威leader心跳,来自 2   leader 的commit index为342我的commit index为342
2023-09-22T14:50:59.262+0800	info	raft/util.go:13	  日志对齐  本节点日志和leader已经对齐,本节点日志为|  index:339 term:20 cmd:-1 |  index:340 term:20 cmd:7666498226681951939 |  index:341 term:20 cmd:7518701356234315967 |  index:342 term:20 cmd:624120644354777849 |  index:343 term:20 cmd:1802859763384115630 |  index:344 term:20 cmd:1829064280682102684 |  index:345 term:20 cmd:8813796893057235438 |  index:346 term:20 cmd:1339755200466700229 |  index:347 term:20 cmd:7071731664569688794 |  index:348 term:20 cmd:6255742992425836879 |  index:349 term:20 cmd:8586827600141625484 |  index:350 term:20 cmd:9064865897330177887 |  index:351 term:20 cmd:8144128539622483892 |  index:352 term:20 cmd:3494373300543358969 |  index:353 term:20 cmd:8159306033740496317 |  index:354 term:20 cmd:7134766540700781178 | 
2023-09-22T14:50:59.262+0800	info	raft/util.go:13	  心跳  收到权威leader心跳,来自 2   leader 的commit index为342我的commit index为342
2023-09-22T14:50:59.262+0800	info	raft/util.go:13	  日志对齐  本节点日志和leader已经对齐,本节点日志为|  index:339 term:20 cmd:-1 |  index:340 term:20 cmd:7666498226681951939 |  index:341 term:20 cmd:7518701356234315967 |  index:342 term:20 cmd:624120644354777849 |  index:343 term:20 cmd:1802859763384115630 |  index:344 term:20 cmd:1829064280682102684 |  index:345 term:20 cmd:8813796893057235438 |  index:346 term:20 cmd:1339755200466700229 |  index:347 term:20 cmd:7071731664569688794 |  index:348 term:20 cmd:6255742992425836879 |  index:349 term:20 cmd:8586827600141625484 |  index:350 term:20 cmd:9064865897330177887 |  index:351 term:20 cmd:8144128539622483892 |  index:352 term:20 cmd:3494373300543358969 |  index:353 term:20 cmd:8159306033740496317 |  index:354 term:20 cmd:7134766540700781178 | 
2023-09-22T14:50:59.262+0800	info	raft/util.go:13	  心跳  收到权威leader心跳,来自 2   leader 的commit index为342我的commit index为342
2023-09-22T14:50:59.262+0800	info	raft/util.go:13	  日志对齐  本节点日志和leader已经对齐,本节点日志为|  index:339 term:20 cmd:-1 |  index:340 term:20 cmd:7666498226681951939 |  index:341 term:20 cmd:7518701356234315967 |  index:342 term:20 cmd:624120644354777849 |  index:343 term:20 cmd:1802859763384115630 |  index:344 term:20 cmd:1829064280682102684 |  index:345 term:20 cmd:8813796893057235438 |  index:346 term:20 cmd:1339755200466700229 |  index:347 term:20 cmd:7071731664569688794 |  index:348 term:20 cmd:6255742992425836879 |  index:349 term:20 cmd:8586827600141625484 |  index:350 term:20 cmd:9064865897330177887 |  index:351 term:20 cmd:8144128539622483892 |  index:352 term:20 cmd:3494373300543358969 |  index:353 term:20 cmd:8159306033740496317 |  index:354 term:20 cmd:7134766540700781178 | 
2023-09-22T14:50:59.262+0800	info	raft/util.go:13	  心跳  收到权威leader心跳,来自 2   leader 的commit index为342我的commit index为342
2023-09-22T14:50:59.262+0800	info	raft/util.go:13	  日志对齐  本节点日志和leader已经对齐,本节点日志为|  index:339 term:20 cmd:-1 |  index:340 term:20 cmd:7666498226681951939 |  index:341 term:20 cmd:7518701356234315967 |  index:342 term:20 cmd:624120644354777849 |  index:343 term:20 cmd:1802859763384115630 |  index:344 term:20 cmd:1829064280682102684 |  index:345 term:20 cmd:8813796893057235438 |  index:346 term:20 cmd:1339755200466700229 |  index:347 term:20 cmd:7071731664569688794 |  index:348 term:20 cmd:6255742992425836879 |  index:349 term:20 cmd:8586827600141625484 |  index:350 term:20 cmd:9064865897330177887 |  index:351 term:20 cmd:8144128539622483892 |  index:352 term:20 cmd:3494373300543358969 |  index:353 term:20 cmd:8159306033740496317 |  index:354 term:20 cmd:7134766540700781178 | 
2023-09-22T14:50:59.262+0800	info	raft/util.go:13	  心跳  收到权威leader心跳,来自 2   leader 的commit index为342我的commit index为342
2023-09-22T14:50:59.262+0800	info	raft/util.go:13	  日志对齐  本节点日志和leader已经对齐,本节点日志为|  index:339 term:20 cmd:-1 |  index:340 term:20 cmd:7666498226681951939 |  index:341 term:20 cmd:7518701356234315967 |  index:342 term:20 cmd:624120644354777849 |  index:343 term:20 cmd:1802859763384115630 |  index:344 term:20 cmd:1829064280682102684 |  index:345 term:20 cmd:8813796893057235438 |  index:346 term:20 cmd:1339755200466700229 |  index:347 term:20 cmd:7071731664569688794 |  index:348 term:20 cmd:6255742992425836879 |  index:349 term:20 cmd:8586827600141625484 |  index:350 term:20 cmd:9064865897330177887 |  index:351 term:20 cmd:8144128539622483892 |  index:352 term:20 cmd:3494373300543358969 |  index:353 term:20 cmd:8159306033740496317 |  index:354 term:20 cmd:7134766540700781178 | 
2023-09-22T14:50:59.262+0800	info	raft/util.go:13	  心跳  收到权威leader心跳,来自 2   leader 的commit index为342我的commit index为342
2023-09-22T14:50:59.262+0800	info	raft/util.go:13	  日志对齐  本节点日志和leader已经对齐,本节点日志为|  index:339 term:20 cmd:-1 |  index:340 term:20 cmd:7666498226681951939 |  index:341 term:20 cmd:7518701356234315967 |  index:342 term:20 cmd:624120644354777849 |  index:343 term:20 cmd:1802859763384115630 |  index:344 term:20 cmd:1829064280682102684 |  index:345 term:20 cmd:8813796893057235438 |  index:346 term:20 cmd:1339755200466700229 |  index:347 term:20 cmd:7071731664569688794 |  index:348 term:20 cmd:6255742992425836879 |  index:349 term:20 cmd:8586827600141625484 |  index:350 term:20 cmd:9064865897330177887 |  index:351 term:20 cmd:8144128539622483892 |  index:352 term:20 cmd:3494373300543358969 |  index:353 term:20 cmd:8159306033740496317 |  index:354 term:20 cmd:7134766540700781178 | 
2023-09-22T14:50:59.282+0800	info	raft/util.go:13	  心跳  收到权威leader心跳,来自 2   leader 的commit index为342我的commit index为342
2023-09-22T14:50:59.282+0800	info	raft/util.go:13	  日志对齐  本节点日志和leader已经对齐,本节点日志为|  index:339 term:20 cmd:-1 |  index:340 term:20 cmd:7666498226681951939 |  index:341 term:20 cmd:7518701356234315967 |  index:342 term:20 cmd:624120644354777849 |  index:343 term:20 cmd:1802859763384115630 |  index:344 term:20 cmd:1829064280682102684 |  index:345 term:20 cmd:8813796893057235438 |  index:346 term:20 cmd:1339755200466700229 |  index:347 term:20 cmd:7071731664569688794 |  index:348 term:20 cmd:6255742992425836879 |  index:349 term:20 cmd:8586827600141625484 |  index:350 term:20 cmd:9064865897330177887 |  index:351 term:20 cmd:8144128539622483892 |  index:352 term:20 cmd:3494373300543358969 |  index:353 term:20 cmd:8159306033740496317 |  index:354 term:20 cmd:7134766540700781178 | 
2023-09-22T14:50:59.282+0800	info	raft/util.go:13	  心跳  收到权威leader心跳,来自 2   leader 的commit index为342我的commit index为342
2023-09-22T14:50:59.282+0800	info	raft/util.go:13	  日志对齐  本节点日志和leader已经对齐,本节点日志为|  index:339 term:20 cmd:-1 |  index:340 term:20 cmd:7666498226681951939 |  index:341 term:20 cmd:7518701356234315967 |  index:342 term:20 cmd:624120644354777849 |  index:343 term:20 cmd:1802859763384115630 |  index:344 term:20 cmd:1829064280682102684 |  index:345 term:20 cmd:8813796893057235438 |  index:346 term:20 cmd:1339755200466700229 |  index:347 term:20 cmd:7071731664569688794 |  index:348 term:20 cmd:6255742992425836879 |  index:349 term:20 cmd:8586827600141625484 |  index:350 term:20 cmd:9064865897330177887 |  index:351 term:20 cmd:8144128539622483892 |  index:352 term:20 cmd:3494373300543358969 |  index:353 term:20 cmd:8159306033740496317 |  index:354 term:20 cmd:7134766540700781178 | 
2023-09-22T14:50:59.348+0800	info	raft/util.go:13	  心跳  收到权威leader心跳,来自 2   leader 的commit index为354我的commit index为342
2023-09-22T14:50:59.348+0800	info	raft/util.go:13	  日志对齐  本节点日志和leader已经对齐,本节点日志为|  index:339 term:20 cmd:-1 |  index:340 term:20 cmd:7666498226681951939 |  index:341 term:20 cmd:7518701356234315967 |  index:342 term:20 cmd:624120644354777849 |  index:343 term:20 cmd:1802859763384115630 |  index:344 term:20 cmd:1829064280682102684 |  index:345 term:20 cmd:8813796893057235438 |  index:346 term:20 cmd:1339755200466700229 |  index:347 term:20 cmd:7071731664569688794 |  index:348 term:20 cmd:6255742992425836879 |  index:349 term:20 cmd:8586827600141625484 |  index:350 term:20 cmd:9064865897330177887 |  index:351 term:20 cmd:8144128539622483892 |  index:352 term:20 cmd:3494373300543358969 |  index:353 term:20 cmd:8159306033740496317 |  index:354 term:20 cmd:7134766540700781178 | 
2023-09-22T14:50:59.348+0800	info	raft/util.go:13	  日志提交  提交的index: 342
2023-09-22T14:50:59.348+0800	info	raft/util.go:13	  日志提交  提交的index: 343
2023-09-22T14:50:59.348+0800	info	raft/util.go:13	  日志提交  提交的index: 344
2023-09-22T14:50:59.348+0800	info	raft/util.go:13	  日志提交  提交的index: 345
2023-09-22T14:50:59.348+0800	info	raft/util.go:13	  日志提交  提交的index: 346
2023-09-22T14:50:59.348+0800	info	raft/util.go:13	  日志提交  提交的index: 347
2023-09-22T14:50:59.348+0800	info	raft/util.go:13	  日志提交  提交的index: 348
2023-09-22T14:50:59.348+0800	info	raft/util.go:13	  日志提交  提交的index: 349
2023-09-22T14:50:59.348+0800	info	raft/util.go:13	  snapshot  收到的index为 349 安装snapshot,新的log为 : |  index:349 term:20 cmd:-1 |  index:350 term:20 cmd:9064865897330177887 |  index:351 term:20 cmd:8144128539622483892 |  index:352 term:20 cmd:3494373300543358969 |  index:353 term:20 cmd:8159306033740496317 |  index:354 term:20 cmd:7134766540700781178 | 
2023-09-22T14:50:59.348+0800	info	raft/util.go:13	  日志提交  提交的index: 350
2023-09-22T14:50:59.348+0800	info	raft/util.go:13	  日志提交  提交的index: 351
2023-09-22T14:50:59.348+0800	info	raft/util.go:13	  日志提交  提交的index: 352
2023-09-22T14:50:59.348+0800	info	raft/util.go:13	  日志提交  提交的index: 353
2023-09-22T14:50:59.394+0800	info	raft/util.go:13	  心跳  收到权威leader心跳,来自 2   leader 的commit index为354我的commit index为354
2023-09-22T14:50:59.394+0800	info	raft/util.go:13	  日志对齐  本节点日志和leader已经对齐,本节点日志为|  index:349 term:20 cmd:-1 |  index:350 term:20 cmd:9064865897330177887 |  index:351 term:20 cmd:8144128539622483892 |  index:352 term:20 cmd:3494373300543358969 |  index:353 term:20 cmd:8159306033740496317 |  index:354 term:20 cmd:7134766540700781178 |  index:355 term:20 cmd:1061674037814945118 | 
2023-09-22T14:50:59.414+0800	info	raft/util.go:13	  心跳  收到权威leader心跳,来自 2   leader 的commit index为354我的commit index为354
2023-09-22T14:50:59.414+0800	info	raft/util.go:13	  日志对齐  本节点日志和leader已经对齐,本节点日志为|  index:349 term:20 cmd:-1 |  index:350 term:20 cmd:9064865897330177887 |  index:351 term:20 cmd:8144128539622483892 |  index:352 term:20 cmd:3494373300543358969 |  index:353 term:20 cmd:8159306033740496317 |  index:354 term:20 cmd:7134766540700781178 |  index:355 term:20 cmd:1061674037814945118 | 
2023-09-22T14:50:59.475+0800	info	raft/util.go:13	  心跳  收到权威leader心跳,来自 2   leader 的commit index为355我的commit index为354
2023-09-22T14:50:59.475+0800	info	raft/util.go:13	  日志对齐  本节点日志和leader已经对齐,本节点日志为|  index:349 term:20 cmd:-1 |  index:350 term:20 cmd:9064865897330177887 |  index:351 term:20 cmd:8144128539622483892 |  index:352 term:20 cmd:3494373300543358969 |  index:353 term:20 cmd:8159306033740496317 |  index:354 term:20 cmd:7134766540700781178 |  index:355 term:20 cmd:1061674037814945118 | 
2023-09-22T14:50:59.475+0800	info	raft/util.go:13	  日志提交  提交的index: 354
2023-09-22T14:50:59.541+0800	info	raft/util.go:13	  心跳  收到权威leader心跳,来自 2   leader 的commit index为355我的commit index为355
2023-09-22T14:50:59.541+0800	info	raft/util.go:13	  日志对齐  本节点日志和leader已经对齐,本节点日志为|  index:349 term:20 cmd:-1 |  index:350 term:20 cmd:9064865897330177887 |  index:351 term:20 cmd:8144128539622483892 |  index:352 term:20 cmd:3494373300543358969 |  index:353 term:20 cmd:8159306033740496317 |  index:354 term:20 cmd:7134766540700781178 |  index:355 term:20 cmd:1061674037814945118 | 
2023-09-22T14:50:59.604+0800	info	raft/util.go:13	  心跳  收到权威leader心跳,来自 2   leader 的commit index为355我的commit index为355
2023-09-22T14:50:59.604+0800	info	raft/util.go:13	  日志对齐  本节点日志和leader已经对齐,本节点日志为|  index:349 term:20 cmd:-1 |  index:350 term:20 cmd:9064865897330177887 |  index:351 term:20 cmd:8144128539622483892 |  index:352 term:20 cmd:3494373300543358969 |  index:353 term:20 cmd:8159306033740496317 |  index:354 term:20 cmd:7134766540700781178 |  index:355 term:20 cmd:1061674037814945118 | 
2023-09-22T14:50:59.670+0800	info	raft/util.go:13	  心跳  收到权威leader心跳,来自 2   leader 的commit index为355我的commit index为355
2023-09-22T14:50:59.670+0800	info	raft/util.go:13	  日志对齐  本节点日志和leader已经对齐,本节点日志为|  index:349 term:20 cmd:-1 |  index:350 term:20 cmd:9064865897330177887 |  index:351 term:20 cmd:8144128539622483892 |  index:352 term:20 cmd:3494373300543358969 |  index:353 term:20 cmd:8159306033740496317 |  index:354 term:20 cmd:7134766540700781178 |  index:355 term:20 cmd:1061674037814945118 | 
2023-09-22T14:50:59.746+0800	info	raft/util.go:13	  心跳  收到权威leader心跳,来自 2   leader 的commit index为355我的commit index为355
2023-09-22T14:50:59.746+0800	info	raft/util.go:13	  日志对齐  本节点日志和leader已经对齐,本节点日志为|  index:349 term:20 cmd:-1 |  index:350 term:20 cmd:9064865897330177887 |  index:351 term:20 cmd:8144128539622483892 |  index:352 term:20 cmd:3494373300543358969 |  index:353 term:20 cmd:8159306033740496317 |  index:354 term:20 cmd:7134766540700781178 |  index:355 term:20 cmd:1061674037814945118 | 
2023-09-22T14:50:59.784+0800	info	raft/util.go:13	  心跳  收到权威leader心跳,来自 2   leader 的commit index为355我的commit index为355
2023-09-22T14:50:59.784+0800	info	raft/util.go:13	  日志对齐  本节点日志和leader已经对齐,本节点日志为|  index:349 term:20 cmd:-1 |  index:350 term:20 cmd:9064865897330177887 |  index:351 term:20 cmd:8144128539622483892 |  index:352 term:20 cmd:3494373300543358969 |  index:353 term:20 cmd:8159306033740496317 |  index:354 term:20 cmd:7134766540700781178 |  index:355 term:20 cmd:1061674037814945118 | 
2023-09-22T14:50:59.850+0800	info	raft/util.go:13	  心跳  收到权威leader心跳,来自 2   leader 的commit index为355我的commit index为355
2023-09-22T14:50:59.850+0800	info	raft/util.go:13	  日志对齐  本节点日志和leader已经对齐,本节点日志为|  index:349 term:20 cmd:-1 |  index:350 term:20 cmd:9064865897330177887 |  index:351 term:20 cmd:8144128539622483892 |  index:352 term:20 cmd:3494373300543358969 |  index:353 term:20 cmd:8159306033740496317 |  index:354 term:20 cmd:7134766540700781178 |  index:355 term:20 cmd:1061674037814945118 | 
2023-09-22T14:50:59.916+0800	info	raft/util.go:13	  心跳  收到权威leader心跳,来自 2   leader 的commit index为355我的commit index为355
2023-09-22T14:50:59.916+0800	info	raft/util.go:13	  日志对齐  本节点日志和leader已经对齐,本节点日志为|  index:349 term:20 cmd:-1 |  index:350 term:20 cmd:9064865897330177887 |  index:351 term:20 cmd:8144128539622483892 |  index:352 term:20 cmd:3494373300543358969 |  index:353 term:20 cmd:8159306033740496317 |  index:354 term:20 cmd:7134766540700781178 |  index:355 term:20 cmd:1061674037814945118 | 
2023-09-22T14:50:59.972+0800	info	raft/util.go:13	  节点生命  节点1死亡
2023-09-22T14:50:59.987+0800	info	raft/util.go:13	  心跳  收到权威leader心跳,来自 2   leader 的commit index为355我的commit index为355
2023-09-22T14:50:59.987+0800	info	raft/util.go:13	  日志对齐  本节点日志和leader已经对齐,本节点日志为|  index:349 term:20 cmd:-1 |  index:350 term:20 cmd:9064865897330177887 |  index:351 term:20 cmd:8144128539622483892 |  index:352 term:20 cmd:3494373300543358969 |  index:353 term:20 cmd:8159306033740496317 |  index:354 term:20 cmd:7134766540700781178 |  index:355 term:20 cmd:1061674037814945118 | 
