2023-09-22T14:50:55.264+0800	info	raft/util.go:13	  leader_snapshot  收到的snapshot的index为309  现在我的log为|  index:309 term:19 cmd:-1 | 
2023-09-22T14:50:55.310+0800	info	raft/util.go:13	  状态更新  节点 2 遇到更高term,更新term为 19 
2023-09-22T14:50:55.366+0800	info	raft/util.go:13	  心跳  收到权威leader心跳,来自 0   leader 的commit index为310我的commit index为309
2023-09-22T14:50:55.366+0800	info	raft/util.go:13	  日志对齐  本节点日志和leader已经对齐,本节点日志为|  index:309 term:19 cmd:-1 |  index:310 term:19 cmd:4263468745851938723 | 
2023-09-22T14:50:55.366+0800	info	raft/util.go:13	  日志提交  提交的index: 309
2023-09-22T14:50:55.426+0800	info	raft/util.go:13	  心跳  收到权威leader心跳,来自 0   leader 的commit index为310我的commit index为310
2023-09-22T14:50:55.426+0800	info	raft/util.go:13	  日志对齐  本节点日志和leader已经对齐,本节点日志为|  index:309 term:19 cmd:-1 |  index:310 term:19 cmd:4263468745851938723 | 
2023-09-22T14:50:55.489+0800	info	raft/util.go:13	  心跳  收到权威leader心跳,来自 0   leader 的commit index为310我的commit index为310
2023-09-22T14:50:55.489+0800	info	raft/util.go:13	  日志对齐  本节点日志和leader已经对齐,本节点日志为|  index:309 term:19 cmd:-1 |  index:310 term:19 cmd:4263468745851938723 | 
2023-09-22T14:50:55.571+0800	info	raft/util.go:13	  心跳  收到权威leader心跳,来自 0   leader 的commit index为310我的commit index为310
2023-09-22T14:50:55.571+0800	info	raft/util.go:13	  日志对齐  本节点日志和leader已经对齐,本节点日志为|  index:309 term:19 cmd:-1 |  index:310 term:19 cmd:4263468745851938723 | 
2023-09-22T14:50:55.611+0800	info	raft/util.go:13	  心跳  收到权威leader心跳,来自 0   leader 的commit index为310我的commit index为310
2023-09-22T14:50:55.611+0800	info	raft/util.go:13	  日志对齐  本节点日志和leader已经对齐,本节点日志为|  index:309 term:19 cmd:-1 |  index:310 term:19 cmd:4263468745851938723 | 
2023-09-22T14:50:55.660+0800	info	raft/util.go:13	  心跳  收到权威leader心跳,来自 0   leader 的commit index为310我的commit index为310
2023-09-22T14:50:55.660+0800	info	raft/util.go:13	  日志对齐  本节点日志和leader已经对齐,本节点日志为|  index:309 term:19 cmd:-1 |  index:310 term:19 cmd:4263468745851938723 | 
2023-09-22T14:50:55.723+0800	info	raft/util.go:13	  心跳  收到权威leader心跳,来自 0   leader 的commit index为310我的commit index为310
2023-09-22T14:50:55.723+0800	info	raft/util.go:13	  日志对齐  本节点日志和leader已经对齐,本节点日志为|  index:309 term:19 cmd:-1 |  index:310 term:19 cmd:4263468745851938723 | 
2023-09-22T14:50:55.783+0800	info	raft/util.go:13	  心跳  收到权威leader心跳,来自 0   leader 的commit index为310我的commit index为310
2023-09-22T14:50:55.783+0800	info	raft/util.go:13	  日志对齐  本节点日志和leader已经对齐,本节点日志为|  index:309 term:19 cmd:-1 |  index:310 term:19 cmd:4263468745851938723 | 
2023-09-22T14:50:55.850+0800	info	raft/util.go:13	  心跳  收到权威leader心跳,来自 0   leader 的commit index为310我的commit index为310
2023-09-22T14:50:55.850+0800	info	raft/util.go:13	  日志对齐  本节点日志和leader已经对齐,本节点日志为|  index:309 term:19 cmd:-1 |  index:310 term:19 cmd:4263468745851938723 | 
2023-09-22T14:50:55.882+0800	info	raft/util.go:13	  心跳  收到权威leader心跳,来自 0   leader 的commit index为310我的commit index为310
2023-09-22T14:50:55.882+0800	info	raft/util.go:13	  日志对齐  本节点日志和leader已经对齐,本节点日志为|  index:309 term:19 cmd:-1 |  index:310 term:19 cmd:4263468745851938723 | 
2023-09-22T14:50:55.983+0800	info	raft/util.go:13	  心跳  收到权威leader心跳,来自 0   leader 的commit index为310我的commit index为310
2023-09-22T14:50:55.983+0800	info	raft/util.go:13	  日志对齐  本节点日志和leader已经对齐,本节点日志为|  index:309 term:19 cmd:-1 |  index:310 term:19 cmd:4263468745851938723 |  index:311 term:19 cmd:35909877266069524 | 
2023-09-22T14:50:55.983+0800	info	raft/util.go:13	  心跳  收到权威leader心跳,来自 0   leader 的commit index为310我的commit index为310
2023-09-22T14:50:55.983+0800	info	raft/util.go:13	  日志对齐  本节点日志和leader已经对齐,本节点日志为|  index:309 term:19 cmd:-1 |  index:310 term:19 cmd:4263468745851938723 |  index:311 term:19 cmd:35909877266069524 | 
2023-09-22T14:50:56.029+0800	info	raft/util.go:13	  心跳  收到权威leader心跳,来自 0   leader 的commit index为311我的commit index为310
2023-09-22T14:50:56.029+0800	info	raft/util.go:13	  日志对齐  本节点日志和leader已经对齐,本节点日志为|  index:309 term:19 cmd:-1 |  index:310 term:19 cmd:4263468745851938723 |  index:311 term:19 cmd:35909877266069524 | 
2023-09-22T14:50:56.029+0800	info	raft/util.go:13	  日志提交  提交的index: 310
2023-09-22T14:50:56.070+0800	info	raft/util.go:13	  心跳  收到权威leader心跳,来自 0   leader 的commit index为311我的commit index为311
2023-09-22T14:50:56.070+0800	info	raft/util.go:13	  日志对齐  本节点日志和leader已经对齐,本节点日志为|  index:309 term:19 cmd:-1 |  index:310 term:19 cmd:4263468745851938723 |  index:311 term:19 cmd:35909877266069524 |  index:312 term:19 cmd:5559655534108312611 |  index:313 term:19 cmd:6065735928045693792 |  index:314 term:19 cmd:5890098151219058994 | 
2023-09-22T14:50:56.070+0800	info	raft/util.go:13	  心跳  收到权威leader心跳,来自 0   leader 的commit index为311我的commit index为311
2023-09-22T14:50:56.070+0800	info	raft/util.go:13	  日志对齐  本节点日志和leader已经对齐,本节点日志为|  index:309 term:19 cmd:-1 |  index:310 term:19 cmd:4263468745851938723 |  index:311 term:19 cmd:35909877266069524 |  index:312 term:19 cmd:5559655534108312611 |  index:313 term:19 cmd:6065735928045693792 |  index:314 term:19 cmd:5890098151219058994 |  index:315 term:19 cmd:8732102929942731470 |  index:316 term:19 cmd:7802144934108984609 |  index:317 term:19 cmd:6624298843365367785 |  index:318 term:19 cmd:4021956515057807340 |  index:319 term:19 cmd:1912582050113038744 |  index:320 term:19 cmd:3822850752910965225 |  index:321 term:19 cmd:6674301520962804425 |  index:322 term:19 cmd:148942029399072563 | 
2023-09-22T14:50:56.070+0800	info	raft/util.go:13	  心跳  收到权威leader心跳,来自 0   leader 的commit index为311我的commit index为311
2023-09-22T14:50:56.070+0800	info	raft/util.go:13	  日志对齐  本节点日志和leader已经对齐,本节点日志为|  index:309 term:19 cmd:-1 |  index:310 term:19 cmd:4263468745851938723 |  index:311 term:19 cmd:35909877266069524 |  index:312 term:19 cmd:5559655534108312611 |  index:313 term:19 cmd:6065735928045693792 |  index:314 term:19 cmd:5890098151219058994 |  index:315 term:19 cmd:8732102929942731470 |  index:316 term:19 cmd:7802144934108984609 |  index:317 term:19 cmd:6624298843365367785 |  index:318 term:19 cmd:4021956515057807340 |  index:319 term:19 cmd:1912582050113038744 |  index:320 term:19 cmd:3822850752910965225 |  index:321 term:19 cmd:6674301520962804425 |  index:322 term:19 cmd:148942029399072563 | 
2023-09-22T14:50:56.070+0800	info	raft/util.go:13	  心跳  收到权威leader心跳,来自 0   leader 的commit index为311我的commit index为311
2023-09-22T14:50:56.070+0800	info	raft/util.go:13	  日志对齐  本节点日志和leader已经对齐,本节点日志为|  index:309 term:19 cmd:-1 |  index:310 term:19 cmd:4263468745851938723 |  index:311 term:19 cmd:35909877266069524 |  index:312 term:19 cmd:5559655534108312611 |  index:313 term:19 cmd:6065735928045693792 |  index:314 term:19 cmd:5890098151219058994 |  index:315 term:19 cmd:8732102929942731470 |  index:316 term:19 cmd:7802144934108984609 |  index:317 term:19 cmd:6624298843365367785 |  index:318 term:19 cmd:4021956515057807340 |  index:319 term:19 cmd:1912582050113038744 |  index:320 term:19 cmd:3822850752910965225 |  index:321 term:19 cmd:6674301520962804425 |  index:322 term:19 cmd:148942029399072563 | 
2023-09-22T14:50:56.070+0800	info	raft/util.go:13	  心跳  收到权威leader心跳,来自 0   leader 的commit index为311我的commit index为311
2023-09-22T14:50:56.070+0800	info	raft/util.go:13	  日志对齐  本节点日志和leader已经对齐,本节点日志为|  index:309 term:19 cmd:-1 |  index:310 term:19 cmd:4263468745851938723 |  index:311 term:19 cmd:35909877266069524 |  index:312 term:19 cmd:5559655534108312611 |  index:313 term:19 cmd:6065735928045693792 |  index:314 term:19 cmd:5890098151219058994 |  index:315 term:19 cmd:8732102929942731470 |  index:316 term:19 cmd:7802144934108984609 |  index:317 term:19 cmd:6624298843365367785 |  index:318 term:19 cmd:4021956515057807340 |  index:319 term:19 cmd:1912582050113038744 |  index:320 term:19 cmd:3822850752910965225 |  index:321 term:19 cmd:6674301520962804425 |  index:322 term:19 cmd:148942029399072563 | 
2023-09-22T14:50:56.070+0800	info	raft/util.go:13	  心跳  收到权威leader心跳,来自 0   leader 的commit index为311我的commit index为311
2023-09-22T14:50:56.070+0800	info	raft/util.go:13	  日志对齐  本节点日志和leader已经对齐,本节点日志为|  index:309 term:19 cmd:-1 |  index:310 term:19 cmd:4263468745851938723 |  index:311 term:19 cmd:35909877266069524 |  index:312 term:19 cmd:5559655534108312611 |  index:313 term:19 cmd:6065735928045693792 |  index:314 term:19 cmd:5890098151219058994 |  index:315 term:19 cmd:8732102929942731470 |  index:316 term:19 cmd:7802144934108984609 |  index:317 term:19 cmd:6624298843365367785 |  index:318 term:19 cmd:4021956515057807340 |  index:319 term:19 cmd:1912582050113038744 |  index:320 term:19 cmd:3822850752910965225 |  index:321 term:19 cmd:6674301520962804425 |  index:322 term:19 cmd:148942029399072563 | 
2023-09-22T14:50:56.070+0800	info	raft/util.go:13	  心跳  收到权威leader心跳,来自 0   leader 的commit index为311我的commit index为311
2023-09-22T14:50:56.070+0800	info	raft/util.go:13	  日志对齐  本节点日志和leader已经对齐,本节点日志为|  index:309 term:19 cmd:-1 |  index:310 term:19 cmd:4263468745851938723 |  index:311 term:19 cmd:35909877266069524 |  index:312 term:19 cmd:5559655534108312611 |  index:313 term:19 cmd:6065735928045693792 |  index:314 term:19 cmd:5890098151219058994 |  index:315 term:19 cmd:8732102929942731470 |  index:316 term:19 cmd:7802144934108984609 |  index:317 term:19 cmd:6624298843365367785 |  index:318 term:19 cmd:4021956515057807340 |  index:319 term:19 cmd:1912582050113038744 |  index:320 term:19 cmd:3822850752910965225 |  index:321 term:19 cmd:6674301520962804425 |  index:322 term:19 cmd:148942029399072563 | 
2023-09-22T14:50:56.095+0800	info	raft/util.go:13	  心跳  收到权威leader心跳,来自 0   leader 的commit index为311我的commit index为311
2023-09-22T14:50:56.095+0800	info	raft/util.go:13	  日志对齐  本节点日志和leader已经对齐,本节点日志为|  index:309 term:19 cmd:-1 |  index:310 term:19 cmd:4263468745851938723 |  index:311 term:19 cmd:35909877266069524 |  index:312 term:19 cmd:5559655534108312611 |  index:313 term:19 cmd:6065735928045693792 |  index:314 term:19 cmd:5890098151219058994 |  index:315 term:19 cmd:8732102929942731470 |  index:316 term:19 cmd:7802144934108984609 |  index:317 term:19 cmd:6624298843365367785 |  index:318 term:19 cmd:4021956515057807340 |  index:319 term:19 cmd:1912582050113038744 |  index:320 term:19 cmd:3822850752910965225 |  index:321 term:19 cmd:6674301520962804425 |  index:322 term:19 cmd:148942029399072563 | 
2023-09-22T14:50:56.095+0800	info	raft/util.go:13	  心跳  收到权威leader心跳,来自 0   leader 的commit index为311我的commit index为311
2023-09-22T14:50:56.095+0800	info	raft/util.go:13	  日志对齐  本节点日志和leader已经对齐,本节点日志为|  index:309 term:19 cmd:-1 |  index:310 term:19 cmd:4263468745851938723 |  index:311 term:19 cmd:35909877266069524 |  index:312 term:19 cmd:5559655534108312611 |  index:313 term:19 cmd:6065735928045693792 |  index:314 term:19 cmd:5890098151219058994 |  index:315 term:19 cmd:8732102929942731470 |  index:316 term:19 cmd:7802144934108984609 |  index:317 term:19 cmd:6624298843365367785 |  index:318 term:19 cmd:4021956515057807340 |  index:319 term:19 cmd:1912582050113038744 |  index:320 term:19 cmd:3822850752910965225 |  index:321 term:19 cmd:6674301520962804425 |  index:322 term:19 cmd:148942029399072563 | 
2023-09-22T14:50:56.095+0800	info	raft/util.go:13	  心跳  收到权威leader心跳,来自 0   leader 的commit index为311我的commit index为311
2023-09-22T14:50:56.095+0800	info	raft/util.go:13	  日志对齐  本节点日志和leader已经对齐,本节点日志为|  index:309 term:19 cmd:-1 |  index:310 term:19 cmd:4263468745851938723 |  index:311 term:19 cmd:35909877266069524 |  index:312 term:19 cmd:5559655534108312611 |  index:313 term:19 cmd:6065735928045693792 |  index:314 term:19 cmd:5890098151219058994 |  index:315 term:19 cmd:8732102929942731470 |  index:316 term:19 cmd:7802144934108984609 |  index:317 term:19 cmd:6624298843365367785 |  index:318 term:19 cmd:4021956515057807340 |  index:319 term:19 cmd:1912582050113038744 |  index:320 term:19 cmd:3822850752910965225 |  index:321 term:19 cmd:6674301520962804425 |  index:322 term:19 cmd:148942029399072563 | 
2023-09-22T14:50:56.095+0800	info	raft/util.go:13	  心跳  收到权威leader心跳,来自 0   leader 的commit index为311我的commit index为311
2023-09-22T14:50:56.095+0800	info	raft/util.go:13	  日志对齐  本节点日志和leader已经对齐,本节点日志为|  index:309 term:19 cmd:-1 |  index:310 term:19 cmd:4263468745851938723 |  index:311 term:19 cmd:35909877266069524 |  index:312 term:19 cmd:5559655534108312611 |  index:313 term:19 cmd:6065735928045693792 |  index:314 term:19 cmd:5890098151219058994 |  index:315 term:19 cmd:8732102929942731470 |  index:316 term:19 cmd:7802144934108984609 |  index:317 term:19 cmd:6624298843365367785 |  index:318 term:19 cmd:4021956515057807340 |  index:319 term:19 cmd:1912582050113038744 |  index:320 term:19 cmd:3822850752910965225 |  index:321 term:19 cmd:6674301520962804425 |  index:322 term:19 cmd:148942029399072563 | 
2023-09-22T14:50:56.095+0800	info	raft/util.go:13	  心跳  收到权威leader心跳,来自 0   leader 的commit index为311我的commit index为311
2023-09-22T14:50:56.095+0800	info	raft/util.go:13	  日志对齐  本节点日志和leader已经对齐,本节点日志为|  index:309 term:19 cmd:-1 |  index:310 term:19 cmd:4263468745851938723 |  index:311 term:19 cmd:35909877266069524 |  index:312 term:19 cmd:5559655534108312611 |  index:313 term:19 cmd:6065735928045693792 |  index:314 term:19 cmd:5890098151219058994 |  index:315 term:19 cmd:8732102929942731470 |  index:316 term:19 cmd:7802144934108984609 |  index:317 term:19 cmd:6624298843365367785 |  index:318 term:19 cmd:4021956515057807340 |  index:319 term:19 cmd:1912582050113038744 |  index:320 term:19 cmd:3822850752910965225 |  index:321 term:19 cmd:6674301520962804425 |  index:322 term:19 cmd:148942029399072563 | 
2023-09-22T14:50:56.141+0800	info	raft/util.go:13	  心跳  收到权威leader心跳,来自 0   leader 的commit index为321我的commit index为311
2023-09-22T14:50:56.141+0800	info	raft/util.go:13	  日志对齐  本节点日志和leader已经对齐,本节点日志为|  index:309 term:19 cmd:-1 |  index:310 term:19 cmd:4263468745851938723 |  index:311 term:19 cmd:35909877266069524 |  index:312 term:19 cmd:5559655534108312611 |  index:313 term:19 cmd:6065735928045693792 |  index:314 term:19 cmd:5890098151219058994 |  index:315 term:19 cmd:8732102929942731470 |  index:316 term:19 cmd:7802144934108984609 |  index:317 term:19 cmd:6624298843365367785 |  index:318 term:19 cmd:4021956515057807340 |  index:319 term:19 cmd:1912582050113038744 |  index:320 term:19 cmd:3822850752910965225 |  index:321 term:19 cmd:6674301520962804425 |  index:322 term:19 cmd:148942029399072563 |  index:323 term:19 cmd:1320622854065398823 | 
2023-09-22T14:50:56.141+0800	info	raft/util.go:13	  日志提交  提交的index: 311
2023-09-22T14:50:56.141+0800	info	raft/util.go:13	  日志提交  提交的index: 312
2023-09-22T14:50:56.141+0800	info	raft/util.go:13	  日志提交  提交的index: 313
2023-09-22T14:50:56.141+0800	info	raft/util.go:13	  日志提交  提交的index: 314
2023-09-22T14:50:56.141+0800	info	raft/util.go:13	  日志提交  提交的index: 315
2023-09-22T14:50:56.141+0800	info	raft/util.go:13	  日志提交  提交的index: 316
2023-09-22T14:50:56.141+0800	info	raft/util.go:13	  日志提交  提交的index: 317
2023-09-22T14:50:56.141+0800	info	raft/util.go:13	  日志提交  提交的index: 318
2023-09-22T14:50:56.141+0800	info	raft/util.go:13	  日志提交  提交的index: 319
2023-09-22T14:50:56.141+0800	info	raft/util.go:13	  snapshot  收到的index为 319 安装snapshot,新的log为 : |  index:319 term:19 cmd:-1 |  index:320 term:19 cmd:3822850752910965225 |  index:321 term:19 cmd:6674301520962804425 |  index:322 term:19 cmd:148942029399072563 |  index:323 term:19 cmd:1320622854065398823 | 
2023-09-22T14:50:56.141+0800	info	raft/util.go:13	  日志提交  提交的index: 320
2023-09-22T14:50:56.202+0800	info	raft/util.go:13	  心跳  收到权威leader心跳,来自 0   leader 的commit index为321我的commit index为321
2023-09-22T14:50:56.202+0800	info	raft/util.go:13	  日志对齐  本节点日志和leader已经对齐,本节点日志为|  index:319 term:19 cmd:-1 |  index:320 term:19 cmd:3822850752910965225 |  index:321 term:19 cmd:6674301520962804425 |  index:322 term:19 cmd:148942029399072563 |  index:323 term:19 cmd:1320622854065398823 | 
2023-09-22T14:50:56.242+0800	info	raft/util.go:13	  心跳  收到权威leader心跳,来自 0   leader 的commit index为323我的commit index为321
2023-09-22T14:50:56.242+0800	info	raft/util.go:13	  日志对齐  本节点日志和leader已经对齐,本节点日志为|  index:319 term:19 cmd:-1 |  index:320 term:19 cmd:3822850752910965225 |  index:321 term:19 cmd:6674301520962804425 |  index:322 term:19 cmd:148942029399072563 |  index:323 term:19 cmd:1320622854065398823 | 
2023-09-22T14:50:56.242+0800	info	raft/util.go:13	  日志提交  提交的index: 321
2023-09-22T14:50:56.242+0800	info	raft/util.go:13	  日志提交  提交的index: 322
2023-09-22T14:50:56.308+0800	info	raft/util.go:13	  心跳  收到权威leader心跳,来自 0   leader 的commit index为323我的commit index为323
2023-09-22T14:50:56.308+0800	info	raft/util.go:13	  日志对齐  本节点日志和leader已经对齐,本节点日志为|  index:319 term:19 cmd:-1 |  index:320 term:19 cmd:3822850752910965225 |  index:321 term:19 cmd:6674301520962804425 |  index:322 term:19 cmd:148942029399072563 |  index:323 term:19 cmd:1320622854065398823 |  index:324 term:19 cmd:6776057570601703312 | 
2023-09-22T14:50:56.308+0800	info	raft/util.go:13	  心跳  收到权威leader心跳,来自 0   leader 的commit index为323我的commit index为323
2023-09-22T14:50:56.308+0800	info	raft/util.go:13	  日志对齐  本节点日志和leader已经对齐,本节点日志为|  index:319 term:19 cmd:-1 |  index:320 term:19 cmd:3822850752910965225 |  index:321 term:19 cmd:6674301520962804425 |  index:322 term:19 cmd:148942029399072563 |  index:323 term:19 cmd:1320622854065398823 |  index:324 term:19 cmd:6776057570601703312 | 
2023-09-22T14:50:56.359+0800	info	raft/util.go:13	  心跳  收到权威leader心跳,来自 0   leader 的commit index为324我的commit index为323
2023-09-22T14:50:56.359+0800	info	raft/util.go:13	  日志对齐  本节点日志和leader已经对齐,本节点日志为|  index:319 term:19 cmd:-1 |  index:320 term:19 cmd:3822850752910965225 |  index:321 term:19 cmd:6674301520962804425 |  index:322 term:19 cmd:148942029399072563 |  index:323 term:19 cmd:1320622854065398823 |  index:324 term:19 cmd:6776057570601703312 | 
2023-09-22T14:50:56.359+0800	info	raft/util.go:13	  日志提交  提交的index: 323
2023-09-22T14:50:56.425+0800	info	raft/util.go:13	  心跳  收到权威leader心跳,来自 0   leader 的commit index为324我的commit index为324
2023-09-22T14:50:56.425+0800	info	raft/util.go:13	  日志对齐  本节点日志和leader已经对齐,本节点日志为|  index:319 term:19 cmd:-1 |  index:320 term:19 cmd:3822850752910965225 |  index:321 term:19 cmd:6674301520962804425 |  index:322 term:19 cmd:148942029399072563 |  index:323 term:19 cmd:1320622854065398823 |  index:324 term:19 cmd:6776057570601703312 | 
2023-09-22T14:50:56.478+0800	info	raft/util.go:13	  心跳  收到权威leader心跳,来自 0   leader 的commit index为324我的commit index为324
2023-09-22T14:50:56.478+0800	info	raft/util.go:13	  日志对齐  本节点日志和leader已经对齐,本节点日志为|  index:319 term:19 cmd:-1 |  index:320 term:19 cmd:3822850752910965225 |  index:321 term:19 cmd:6674301520962804425 |  index:322 term:19 cmd:148942029399072563 |  index:323 term:19 cmd:1320622854065398823 |  index:324 term:19 cmd:6776057570601703312 | 
2023-09-22T14:50:56.536+0800	info	raft/util.go:13	  心跳  收到权威leader心跳,来自 0   leader 的commit index为324我的commit index为324
2023-09-22T14:50:56.536+0800	info	raft/util.go:13	  日志对齐  本节点日志和leader已经对齐,本节点日志为|  index:319 term:19 cmd:-1 |  index:320 term:19 cmd:3822850752910965225 |  index:321 term:19 cmd:6674301520962804425 |  index:322 term:19 cmd:148942029399072563 |  index:323 term:19 cmd:1320622854065398823 |  index:324 term:19 cmd:6776057570601703312 | 
2023-09-22T14:50:56.616+0800	info	raft/util.go:13	  心跳  收到权威leader心跳,来自 0   leader 的commit index为324我的commit index为324
2023-09-22T14:50:56.616+0800	info	raft/util.go:13	  日志对齐  本节点日志和leader已经对齐,本节点日志为|  index:319 term:19 cmd:-1 |  index:320 term:19 cmd:3822850752910965225 |  index:321 term:19 cmd:6674301520962804425 |  index:322 term:19 cmd:148942029399072563 |  index:323 term:19 cmd:1320622854065398823 |  index:324 term:19 cmd:6776057570601703312 | 
2023-09-22T14:50:56.647+0800	info	raft/util.go:13	  心跳  收到权威leader心跳,来自 0   leader 的commit index为324我的commit index为324
2023-09-22T14:50:56.647+0800	info	raft/util.go:13	  日志对齐  本节点日志和leader已经对齐,本节点日志为|  index:319 term:19 cmd:-1 |  index:320 term:19 cmd:3822850752910965225 |  index:321 term:19 cmd:6674301520962804425 |  index:322 term:19 cmd:148942029399072563 |  index:323 term:19 cmd:1320622854065398823 |  index:324 term:19 cmd:6776057570601703312 | 
2023-09-22T14:50:56.722+0800	info	raft/util.go:13	  心跳  收到权威leader心跳,来自 0   leader 的commit index为324我的commit index为324
2023-09-22T14:50:56.722+0800	info	raft/util.go:13	  日志对齐  本节点日志和leader已经对齐,本节点日志为|  index:319 term:19 cmd:-1 |  index:320 term:19 cmd:3822850752910965225 |  index:321 term:19 cmd:6674301520962804425 |  index:322 term:19 cmd:148942029399072563 |  index:323 term:19 cmd:1320622854065398823 |  index:324 term:19 cmd:6776057570601703312 | 
2023-09-22T14:50:56.794+0800	info	raft/util.go:13	  心跳  收到权威leader心跳,来自 0   leader 的commit index为324我的commit index为324
2023-09-22T14:50:56.794+0800	info	raft/util.go:13	  日志对齐  本节点日志和leader已经对齐,本节点日志为|  index:319 term:19 cmd:-1 |  index:320 term:19 cmd:3822850752910965225 |  index:321 term:19 cmd:6674301520962804425 |  index:322 term:19 cmd:148942029399072563 |  index:323 term:19 cmd:1320622854065398823 |  index:324 term:19 cmd:6776057570601703312 | 
2023-09-22T14:50:56.872+0800	info	raft/util.go:13	  心跳  收到权威leader心跳,来自 0   leader 的commit index为324我的commit index为324
2023-09-22T14:50:56.872+0800	info	raft/util.go:13	  日志对齐  本节点日志和leader已经对齐,本节点日志为|  index:319 term:19 cmd:-1 |  index:320 term:19 cmd:3822850752910965225 |  index:321 term:19 cmd:6674301520962804425 |  index:322 term:19 cmd:148942029399072563 |  index:323 term:19 cmd:1320622854065398823 |  index:324 term:19 cmd:6776057570601703312 | 
2023-09-22T14:50:56.946+0800	info	raft/util.go:13	  心跳  收到权威leader心跳,来自 0   leader 的commit index为324我的commit index为324
2023-09-22T14:50:56.946+0800	info	raft/util.go:13	  日志对齐  本节点日志和leader已经对齐,本节点日志为|  index:319 term:19 cmd:-1 |  index:320 term:19 cmd:3822850752910965225 |  index:321 term:19 cmd:6674301520962804425 |  index:322 term:19 cmd:148942029399072563 |  index:323 term:19 cmd:1320622854065398823 |  index:324 term:19 cmd:6776057570601703312 | 
2023-09-22T14:50:56.946+0800	info	raft/util.go:13	  心跳  收到权威leader心跳,来自 0   leader 的commit index为324我的commit index为324
2023-09-22T14:50:56.946+0800	info	raft/util.go:13	  日志对齐  本节点日志和leader已经对齐,本节点日志为|  index:319 term:19 cmd:-1 |  index:320 term:19 cmd:3822850752910965225 |  index:321 term:19 cmd:6674301520962804425 |  index:322 term:19 cmd:148942029399072563 |  index:323 term:19 cmd:1320622854065398823 |  index:324 term:19 cmd:6776057570601703312 |  index:325 term:19 cmd:5863105328705226162 | 
2023-09-22T14:50:56.986+0800	info	raft/util.go:13	  心跳  收到权威leader心跳,来自 0   leader 的commit index为325我的commit index为324
2023-09-22T14:50:56.986+0800	info	raft/util.go:13	  日志对齐  本节点日志和leader已经对齐,本节点日志为|  index:319 term:19 cmd:-1 |  index:320 term:19 cmd:3822850752910965225 |  index:321 term:19 cmd:6674301520962804425 |  index:322 term:19 cmd:148942029399072563 |  index:323 term:19 cmd:1320622854065398823 |  index:324 term:19 cmd:6776057570601703312 |  index:325 term:19 cmd:5863105328705226162 | 
2023-09-22T14:50:56.986+0800	info	raft/util.go:13	  日志提交  提交的index: 324
2023-09-22T14:50:57.012+0800	info	raft/util.go:13	  心跳  收到权威leader心跳,来自 0   leader 的commit index为325我的commit index为325
2023-09-22T14:50:57.012+0800	info	raft/util.go:13	  日志对齐  本节点日志和leader已经对齐,本节点日志为|  index:319 term:19 cmd:-1 |  index:320 term:19 cmd:3822850752910965225 |  index:321 term:19 cmd:6674301520962804425 |  index:322 term:19 cmd:148942029399072563 |  index:323 term:19 cmd:1320622854065398823 |  index:324 term:19 cmd:6776057570601703312 |  index:325 term:19 cmd:5863105328705226162 |  index:326 term:19 cmd:6687678742709493287 | 
2023-09-22T14:50:57.019+0800	info	raft/util.go:13	  心跳  收到权威leader心跳,来自 0   leader 的commit index为325我的commit index为325
2023-09-22T14:50:57.019+0800	info	raft/util.go:13	  日志对齐  本节点日志和leader已经对齐,本节点日志为|  index:319 term:19 cmd:-1 |  index:320 term:19 cmd:3822850752910965225 |  index:321 term:19 cmd:6674301520962804425 |  index:322 term:19 cmd:148942029399072563 |  index:323 term:19 cmd:1320622854065398823 |  index:324 term:19 cmd:6776057570601703312 |  index:325 term:19 cmd:5863105328705226162 |  index:326 term:19 cmd:6687678742709493287 |  index:327 term:19 cmd:3680795787478884237 | 
2023-09-22T14:50:57.019+0800	info	raft/util.go:13	  心跳  收到权威leader心跳,来自 0   leader 的commit index为325我的commit index为325
2023-09-22T14:50:57.019+0800	info	raft/util.go:13	  日志对齐  本节点日志和leader已经对齐,本节点日志为|  index:319 term:19 cmd:-1 |  index:320 term:19 cmd:3822850752910965225 |  index:321 term:19 cmd:6674301520962804425 |  index:322 term:19 cmd:148942029399072563 |  index:323 term:19 cmd:1320622854065398823 |  index:324 term:19 cmd:6776057570601703312 |  index:325 term:19 cmd:5863105328705226162 |  index:326 term:19 cmd:6687678742709493287 |  index:327 term:19 cmd:3680795787478884237 |  index:328 term:19 cmd:7510944076353003330 |  index:329 term:19 cmd:8999447538874430936 |  index:330 term:19 cmd:3970028414035015204 | 
2023-09-22T14:50:57.019+0800	info	raft/util.go:13	  心跳  收到权威leader心跳,来自 0   leader 的commit index为326我的commit index为325
2023-09-22T14:50:57.019+0800	info	raft/util.go:13	  日志对齐  本节点日志和leader已经对齐,本节点日志为|  index:319 term:19 cmd:-1 |  index:320 term:19 cmd:3822850752910965225 |  index:321 term:19 cmd:6674301520962804425 |  index:322 term:19 cmd:148942029399072563 |  index:323 term:19 cmd:1320622854065398823 |  index:324 term:19 cmd:6776057570601703312 |  index:325 term:19 cmd:5863105328705226162 |  index:326 term:19 cmd:6687678742709493287 |  index:327 term:19 cmd:3680795787478884237 |  index:328 term:19 cmd:7510944076353003330 |  index:329 term:19 cmd:8999447538874430936 |  index:330 term:19 cmd:3970028414035015204 |  index:331 term:19 cmd:981658252748729242 |  index:332 term:19 cmd:8530776975303915377 |  index:333 term:19 cmd:5788257578301531638 | 
2023-09-22T14:50:57.019+0800	info	raft/util.go:13	  日志提交  提交的index: 325
2023-09-22T14:50:57.042+0800	info	raft/util.go:13	  心跳  收到权威leader心跳,来自 0   leader 的commit index为325我的commit index为326
2023-09-22T14:50:57.042+0800	info	raft/util.go:13	  日志对齐  本节点日志和leader已经对齐,本节点日志为|  index:319 term:19 cmd:-1 |  index:320 term:19 cmd:3822850752910965225 |  index:321 term:19 cmd:6674301520962804425 |  index:322 term:19 cmd:148942029399072563 |  index:323 term:19 cmd:1320622854065398823 |  index:324 term:19 cmd:6776057570601703312 |  index:325 term:19 cmd:5863105328705226162 |  index:326 term:19 cmd:6687678742709493287 |  index:327 term:19 cmd:3680795787478884237 |  index:328 term:19 cmd:7510944076353003330 |  index:329 term:19 cmd:8999447538874430936 |  index:330 term:19 cmd:3970028414035015204 |  index:331 term:19 cmd:981658252748729242 |  index:332 term:19 cmd:8530776975303915377 |  index:333 term:19 cmd:5788257578301531638 | 
2023-09-22T14:50:57.042+0800	info	raft/util.go:13	  心跳  收到权威leader心跳,来自 0   leader 的commit index为326我的commit index为326
2023-09-22T14:50:57.042+0800	info	raft/util.go:13	  日志对齐  本节点日志和leader已经对齐,本节点日志为|  index:319 term:19 cmd:-1 |  index:320 term:19 cmd:3822850752910965225 |  index:321 term:19 cmd:6674301520962804425 |  index:322 term:19 cmd:148942029399072563 |  index:323 term:19 cmd:1320622854065398823 |  index:324 term:19 cmd:6776057570601703312 |  index:325 term:19 cmd:5863105328705226162 |  index:326 term:19 cmd:6687678742709493287 |  index:327 term:19 cmd:3680795787478884237 |  index:328 term:19 cmd:7510944076353003330 |  index:329 term:19 cmd:8999447538874430936 |  index:330 term:19 cmd:3970028414035015204 |  index:331 term:19 cmd:981658252748729242 |  index:332 term:19 cmd:8530776975303915377 |  index:333 term:19 cmd:5788257578301531638 |  index:334 term:19 cmd:3064467717353805147 |  index:335 term:19 cmd:4010462558601503527 |  index:336 term:19 cmd:8876240536674060793 | 
2023-09-22T14:50:57.042+0800	info	raft/util.go:13	  心跳  收到权威leader心跳,来自 0   leader 的commit index为325我的commit index为326
2023-09-22T14:50:57.042+0800	info	raft/util.go:13	  日志对齐  本节点日志和leader已经对齐,本节点日志为|  index:319 term:19 cmd:-1 |  index:320 term:19 cmd:3822850752910965225 |  index:321 term:19 cmd:6674301520962804425 |  index:322 term:19 cmd:148942029399072563 |  index:323 term:19 cmd:1320622854065398823 |  index:324 term:19 cmd:6776057570601703312 |  index:325 term:19 cmd:5863105328705226162 |  index:326 term:19 cmd:6687678742709493287 |  index:327 term:19 cmd:3680795787478884237 |  index:328 term:19 cmd:7510944076353003330 |  index:329 term:19 cmd:8999447538874430936 |  index:330 term:19 cmd:3970028414035015204 |  index:331 term:19 cmd:981658252748729242 |  index:332 term:19 cmd:8530776975303915377 |  index:333 term:19 cmd:5788257578301531638 |  index:334 term:19 cmd:3064467717353805147 |  index:335 term:19 cmd:4010462558601503527 |  index:336 term:19 cmd:8876240536674060793 | 
2023-09-22T14:50:57.042+0800	info	raft/util.go:13	  心跳  收到权威leader心跳,来自 0   leader 的commit index为325我的commit index为326
2023-09-22T14:50:57.042+0800	info	raft/util.go:13	  日志对齐  本节点日志和leader已经对齐,本节点日志为|  index:319 term:19 cmd:-1 |  index:320 term:19 cmd:3822850752910965225 |  index:321 term:19 cmd:6674301520962804425 |  index:322 term:19 cmd:148942029399072563 |  index:323 term:19 cmd:1320622854065398823 |  index:324 term:19 cmd:6776057570601703312 |  index:325 term:19 cmd:5863105328705226162 |  index:326 term:19 cmd:6687678742709493287 |  index:327 term:19 cmd:3680795787478884237 |  index:328 term:19 cmd:7510944076353003330 |  index:329 term:19 cmd:8999447538874430936 |  index:330 term:19 cmd:3970028414035015204 |  index:331 term:19 cmd:981658252748729242 |  index:332 term:19 cmd:8530776975303915377 |  index:333 term:19 cmd:5788257578301531638 |  index:334 term:19 cmd:3064467717353805147 |  index:335 term:19 cmd:4010462558601503527 |  index:336 term:19 cmd:8876240536674060793 | 
2023-09-22T14:50:57.042+0800	info	raft/util.go:13	  心跳  收到权威leader心跳,来自 0   leader 的commit index为326我的commit index为326
2023-09-22T14:50:57.042+0800	info	raft/util.go:13	  日志对齐  本节点日志和leader已经对齐,本节点日志为|  index:319 term:19 cmd:-1 |  index:320 term:19 cmd:3822850752910965225 |  index:321 term:19 cmd:6674301520962804425 |  index:322 term:19 cmd:148942029399072563 |  index:323 term:19 cmd:1320622854065398823 |  index:324 term:19 cmd:6776057570601703312 |  index:325 term:19 cmd:5863105328705226162 |  index:326 term:19 cmd:6687678742709493287 |  index:327 term:19 cmd:3680795787478884237 |  index:328 term:19 cmd:7510944076353003330 |  index:329 term:19 cmd:8999447538874430936 |  index:330 term:19 cmd:3970028414035015204 |  index:331 term:19 cmd:981658252748729242 |  index:332 term:19 cmd:8530776975303915377 |  index:333 term:19 cmd:5788257578301531638 |  index:334 term:19 cmd:3064467717353805147 |  index:335 term:19 cmd:4010462558601503527 |  index:336 term:19 cmd:8876240536674060793 | 
2023-09-22T14:50:57.042+0800	info	raft/util.go:13	  心跳  收到权威leader心跳,来自 0   leader 的commit index为326我的commit index为326
2023-09-22T14:50:57.042+0800	info	raft/util.go:13	  日志对齐  本节点日志和leader已经对齐,本节点日志为|  index:319 term:19 cmd:-1 |  index:320 term:19 cmd:3822850752910965225 |  index:321 term:19 cmd:6674301520962804425 |  index:322 term:19 cmd:148942029399072563 |  index:323 term:19 cmd:1320622854065398823 |  index:324 term:19 cmd:6776057570601703312 |  index:325 term:19 cmd:5863105328705226162 |  index:326 term:19 cmd:6687678742709493287 |  index:327 term:19 cmd:3680795787478884237 |  index:328 term:19 cmd:7510944076353003330 |  index:329 term:19 cmd:8999447538874430936 |  index:330 term:19 cmd:3970028414035015204 |  index:331 term:19 cmd:981658252748729242 |  index:332 term:19 cmd:8530776975303915377 |  index:333 term:19 cmd:5788257578301531638 |  index:334 term:19 cmd:3064467717353805147 |  index:335 term:19 cmd:4010462558601503527 |  index:336 term:19 cmd:8876240536674060793 |  index:337 term:19 cmd:1951454375402955014 | 
2023-09-22T14:50:57.042+0800	info	raft/util.go:13	  心跳  收到权威leader心跳,来自 0   leader 的commit index为326我的commit index为326
2023-09-22T14:50:57.042+0800	info	raft/util.go:13	  日志对齐  本节点日志和leader已经对齐,本节点日志为|  index:319 term:19 cmd:-1 |  index:320 term:19 cmd:3822850752910965225 |  index:321 term:19 cmd:6674301520962804425 |  index:322 term:19 cmd:148942029399072563 |  index:323 term:19 cmd:1320622854065398823 |  index:324 term:19 cmd:6776057570601703312 |  index:325 term:19 cmd:5863105328705226162 |  index:326 term:19 cmd:6687678742709493287 |  index:327 term:19 cmd:3680795787478884237 |  index:328 term:19 cmd:7510944076353003330 |  index:329 term:19 cmd:8999447538874430936 |  index:330 term:19 cmd:3970028414035015204 |  index:331 term:19 cmd:981658252748729242 |  index:332 term:19 cmd:8530776975303915377 |  index:333 term:19 cmd:5788257578301531638 |  index:334 term:19 cmd:3064467717353805147 |  index:335 term:19 cmd:4010462558601503527 |  index:336 term:19 cmd:8876240536674060793 |  index:337 term:19 cmd:1951454375402955014 | 
2023-09-22T14:50:57.042+0800	info	raft/util.go:13	  心跳  收到权威leader心跳,来自 0   leader 的commit index为326我的commit index为326
2023-09-22T14:50:57.042+0800	info	raft/util.go:13	  日志对齐  本节点日志和leader已经对齐,本节点日志为|  index:319 term:19 cmd:-1 |  index:320 term:19 cmd:3822850752910965225 |  index:321 term:19 cmd:6674301520962804425 |  index:322 term:19 cmd:148942029399072563 |  index:323 term:19 cmd:1320622854065398823 |  index:324 term:19 cmd:6776057570601703312 |  index:325 term:19 cmd:5863105328705226162 |  index:326 term:19 cmd:6687678742709493287 |  index:327 term:19 cmd:3680795787478884237 |  index:328 term:19 cmd:7510944076353003330 |  index:329 term:19 cmd:8999447538874430936 |  index:330 term:19 cmd:3970028414035015204 |  index:331 term:19 cmd:981658252748729242 |  index:332 term:19 cmd:8530776975303915377 |  index:333 term:19 cmd:5788257578301531638 |  index:334 term:19 cmd:3064467717353805147 |  index:335 term:19 cmd:4010462558601503527 |  index:336 term:19 cmd:8876240536674060793 |  index:337 term:19 cmd:1951454375402955014 | 
2023-09-22T14:50:57.226+0800	info	raft/util.go:13	  心跳  收到权威leader心跳,来自 0   leader 的commit index为337我的commit index为326
2023-09-22T14:50:57.226+0800	info	raft/util.go:13	  日志对齐  本节点日志和leader已经对齐,本节点日志为|  index:319 term:19 cmd:-1 |  index:320 term:19 cmd:3822850752910965225 |  index:321 term:19 cmd:6674301520962804425 |  index:322 term:19 cmd:148942029399072563 |  index:323 term:19 cmd:1320622854065398823 |  index:324 term:19 cmd:6776057570601703312 |  index:325 term:19 cmd:5863105328705226162 |  index:326 term:19 cmd:6687678742709493287 |  index:327 term:19 cmd:3680795787478884237 |  index:328 term:19 cmd:7510944076353003330 |  index:329 term:19 cmd:8999447538874430936 |  index:330 term:19 cmd:3970028414035015204 |  index:331 term:19 cmd:981658252748729242 |  index:332 term:19 cmd:8530776975303915377 |  index:333 term:19 cmd:5788257578301531638 |  index:334 term:19 cmd:3064467717353805147 |  index:335 term:19 cmd:4010462558601503527 |  index:336 term:19 cmd:8876240536674060793 |  index:337 term:19 cmd:1951454375402955014 | 
2023-09-22T14:50:57.226+0800	info	raft/util.go:13	  日志提交  提交的index: 326
2023-09-22T14:50:57.226+0800	info	raft/util.go:13	  日志提交  提交的index: 327
2023-09-22T14:50:57.226+0800	info	raft/util.go:13	  日志提交  提交的index: 328
2023-09-22T14:50:57.226+0800	info	raft/util.go:13	  日志提交  提交的index: 329
2023-09-22T14:50:57.226+0800	info	raft/util.go:13	  snapshot  收到的index为 329 安装snapshot,新的log为 : |  index:329 term:19 cmd:-1 |  index:330 term:19 cmd:3970028414035015204 |  index:331 term:19 cmd:981658252748729242 |  index:332 term:19 cmd:8530776975303915377 |  index:333 term:19 cmd:5788257578301531638 |  index:334 term:19 cmd:3064467717353805147 |  index:335 term:19 cmd:4010462558601503527 |  index:336 term:19 cmd:8876240536674060793 |  index:337 term:19 cmd:1951454375402955014 | 
2023-09-22T14:50:57.226+0800	info	raft/util.go:13	  日志提交  提交的index: 330
2023-09-22T14:50:57.226+0800	info	raft/util.go:13	  日志提交  提交的index: 331
2023-09-22T14:50:57.226+0800	info	raft/util.go:13	  日志提交  提交的index: 332
2023-09-22T14:50:57.226+0800	info	raft/util.go:13	  日志提交  提交的index: 333
2023-09-22T14:50:57.226+0800	info	raft/util.go:13	  日志提交  提交的index: 334
2023-09-22T14:50:57.226+0800	info	raft/util.go:13	  日志提交  提交的index: 335
2023-09-22T14:50:57.226+0800	info	raft/util.go:13	  日志提交  提交的index: 336
2023-09-22T14:50:57.272+0800	info	raft/util.go:13	  心跳  收到权威leader心跳,来自 0   leader 的commit index为337我的commit index为337
2023-09-22T14:50:57.272+0800	info	raft/util.go:13	  日志对齐  本节点日志和leader已经对齐,本节点日志为|  index:329 term:19 cmd:-1 |  index:330 term:19 cmd:3970028414035015204 |  index:331 term:19 cmd:981658252748729242 |  index:332 term:19 cmd:8530776975303915377 |  index:333 term:19 cmd:5788257578301531638 |  index:334 term:19 cmd:3064467717353805147 |  index:335 term:19 cmd:4010462558601503527 |  index:336 term:19 cmd:8876240536674060793 |  index:337 term:19 cmd:1951454375402955014 | 
2023-09-22T14:50:57.272+0800	info	raft/util.go:13	  心跳  收到权威leader心跳,来自 0   leader 的commit index为337我的commit index为337
2023-09-22T14:50:57.272+0800	info	raft/util.go:13	  日志对齐  本节点日志和leader已经对齐,本节点日志为|  index:329 term:19 cmd:-1 |  index:330 term:19 cmd:3970028414035015204 |  index:331 term:19 cmd:981658252748729242 |  index:332 term:19 cmd:8530776975303915377 |  index:333 term:19 cmd:5788257578301531638 |  index:334 term:19 cmd:3064467717353805147 |  index:335 term:19 cmd:4010462558601503527 |  index:336 term:19 cmd:8876240536674060793 |  index:337 term:19 cmd:1951454375402955014 |  index:338 term:19 cmd:4849770913061692021 | 
2023-09-22T14:50:57.323+0800	info	raft/util.go:13	  心跳  收到权威leader心跳,来自 0   leader 的commit index为338我的commit index为337
2023-09-22T14:50:57.323+0800	info	raft/util.go:13	  日志对齐  本节点日志和leader已经对齐,本节点日志为|  index:329 term:19 cmd:-1 |  index:330 term:19 cmd:3970028414035015204 |  index:331 term:19 cmd:981658252748729242 |  index:332 term:19 cmd:8530776975303915377 |  index:333 term:19 cmd:5788257578301531638 |  index:334 term:19 cmd:3064467717353805147 |  index:335 term:19 cmd:4010462558601503527 |  index:336 term:19 cmd:8876240536674060793 |  index:337 term:19 cmd:1951454375402955014 |  index:338 term:19 cmd:4849770913061692021 | 
2023-09-22T14:50:57.323+0800	info	raft/util.go:13	  日志提交  提交的index: 337
2023-09-22T14:50:57.383+0800	info	raft/util.go:13	  心跳  收到权威leader心跳,来自 0   leader 的commit index为338我的commit index为338
2023-09-22T14:50:57.383+0800	info	raft/util.go:13	  日志对齐  本节点日志和leader已经对齐,本节点日志为|  index:329 term:19 cmd:-1 |  index:330 term:19 cmd:3970028414035015204 |  index:331 term:19 cmd:981658252748729242 |  index:332 term:19 cmd:8530776975303915377 |  index:333 term:19 cmd:5788257578301531638 |  index:334 term:19 cmd:3064467717353805147 |  index:335 term:19 cmd:4010462558601503527 |  index:336 term:19 cmd:8876240536674060793 |  index:337 term:19 cmd:1951454375402955014 |  index:338 term:19 cmd:4849770913061692021 | 
2023-09-22T14:50:57.444+0800	info	raft/util.go:13	  心跳  收到权威leader心跳,来自 0   leader 的commit index为338我的commit index为338
2023-09-22T14:50:57.444+0800	info	raft/util.go:13	  日志对齐  本节点日志和leader已经对齐,本节点日志为|  index:329 term:19 cmd:-1 |  index:330 term:19 cmd:3970028414035015204 |  index:331 term:19 cmd:981658252748729242 |  index:332 term:19 cmd:8530776975303915377 |  index:333 term:19 cmd:5788257578301531638 |  index:334 term:19 cmd:3064467717353805147 |  index:335 term:19 cmd:4010462558601503527 |  index:336 term:19 cmd:8876240536674060793 |  index:337 term:19 cmd:1951454375402955014 |  index:338 term:19 cmd:4849770913061692021 | 
2023-09-22T14:50:57.506+0800	info	raft/util.go:13	  心跳  收到权威leader心跳,来自 0   leader 的commit index为338我的commit index为338
2023-09-22T14:50:57.506+0800	info	raft/util.go:13	  日志对齐  本节点日志和leader已经对齐,本节点日志为|  index:329 term:19 cmd:-1 |  index:330 term:19 cmd:3970028414035015204 |  index:331 term:19 cmd:981658252748729242 |  index:332 term:19 cmd:8530776975303915377 |  index:333 term:19 cmd:5788257578301531638 |  index:334 term:19 cmd:3064467717353805147 |  index:335 term:19 cmd:4010462558601503527 |  index:336 term:19 cmd:8876240536674060793 |  index:337 term:19 cmd:1951454375402955014 |  index:338 term:19 cmd:4849770913061692021 | 
2023-09-22T14:50:57.563+0800	info	raft/util.go:13	  心跳  收到权威leader心跳,来自 0   leader 的commit index为338我的commit index为338
2023-09-22T14:50:57.563+0800	info	raft/util.go:13	  日志对齐  本节点日志和leader已经对齐,本节点日志为|  index:329 term:19 cmd:-1 |  index:330 term:19 cmd:3970028414035015204 |  index:331 term:19 cmd:981658252748729242 |  index:332 term:19 cmd:8530776975303915377 |  index:333 term:19 cmd:5788257578301531638 |  index:334 term:19 cmd:3064467717353805147 |  index:335 term:19 cmd:4010462558601503527 |  index:336 term:19 cmd:8876240536674060793 |  index:337 term:19 cmd:1951454375402955014 |  index:338 term:19 cmd:4849770913061692021 | 
2023-09-22T14:50:57.624+0800	info	raft/util.go:13	  心跳  收到权威leader心跳,来自 0   leader 的commit index为338我的commit index为338
2023-09-22T14:50:57.624+0800	info	raft/util.go:13	  日志对齐  本节点日志和leader已经对齐,本节点日志为|  index:329 term:19 cmd:-1 |  index:330 term:19 cmd:3970028414035015204 |  index:331 term:19 cmd:981658252748729242 |  index:332 term:19 cmd:8530776975303915377 |  index:333 term:19 cmd:5788257578301531638 |  index:334 term:19 cmd:3064467717353805147 |  index:335 term:19 cmd:4010462558601503527 |  index:336 term:19 cmd:8876240536674060793 |  index:337 term:19 cmd:1951454375402955014 |  index:338 term:19 cmd:4849770913061692021 | 
2023-09-22T14:50:57.685+0800	info	raft/util.go:13	  心跳  收到权威leader心跳,来自 0   leader 的commit index为338我的commit index为338
2023-09-22T14:50:57.685+0800	info	raft/util.go:13	  日志对齐  本节点日志和leader已经对齐,本节点日志为|  index:329 term:19 cmd:-1 |  index:330 term:19 cmd:3970028414035015204 |  index:331 term:19 cmd:981658252748729242 |  index:332 term:19 cmd:8530776975303915377 |  index:333 term:19 cmd:5788257578301531638 |  index:334 term:19 cmd:3064467717353805147 |  index:335 term:19 cmd:4010462558601503527 |  index:336 term:19 cmd:8876240536674060793 |  index:337 term:19 cmd:1951454375402955014 |  index:338 term:19 cmd:4849770913061692021 | 
2023-09-22T14:50:57.735+0800	info	raft/util.go:13	  心跳  收到权威leader心跳,来自 0   leader 的commit index为338我的commit index为338
2023-09-22T14:50:57.735+0800	info	raft/util.go:13	  日志对齐  本节点日志和leader已经对齐,本节点日志为|  index:329 term:19 cmd:-1 |  index:330 term:19 cmd:3970028414035015204 |  index:331 term:19 cmd:981658252748729242 |  index:332 term:19 cmd:8530776975303915377 |  index:333 term:19 cmd:5788257578301531638 |  index:334 term:19 cmd:3064467717353805147 |  index:335 term:19 cmd:4010462558601503527 |  index:336 term:19 cmd:8876240536674060793 |  index:337 term:19 cmd:1951454375402955014 |  index:338 term:19 cmd:4849770913061692021 | 
2023-09-22T14:50:57.795+0800	info	raft/util.go:13	  心跳  收到权威leader心跳,来自 0   leader 的commit index为338我的commit index为338
2023-09-22T14:50:57.795+0800	info	raft/util.go:13	  日志对齐  本节点日志和leader已经对齐,本节点日志为|  index:329 term:19 cmd:-1 |  index:330 term:19 cmd:3970028414035015204 |  index:331 term:19 cmd:981658252748729242 |  index:332 term:19 cmd:8530776975303915377 |  index:333 term:19 cmd:5788257578301531638 |  index:334 term:19 cmd:3064467717353805147 |  index:335 term:19 cmd:4010462558601503527 |  index:336 term:19 cmd:8876240536674060793 |  index:337 term:19 cmd:1951454375402955014 |  index:338 term:19 cmd:4849770913061692021 | 
2023-09-22T14:50:57.861+0800	info	raft/util.go:13	  心跳  收到权威leader心跳,来自 0   leader 的commit index为338我的commit index为338
2023-09-22T14:50:57.861+0800	info	raft/util.go:13	  日志对齐  本节点日志和leader已经对齐,本节点日志为|  index:329 term:19 cmd:-1 |  index:330 term:19 cmd:3970028414035015204 |  index:331 term:19 cmd:981658252748729242 |  index:332 term:19 cmd:8530776975303915377 |  index:333 term:19 cmd:5788257578301531638 |  index:334 term:19 cmd:3064467717353805147 |  index:335 term:19 cmd:4010462558601503527 |  index:336 term:19 cmd:8876240536674060793 |  index:337 term:19 cmd:1951454375402955014 |  index:338 term:19 cmd:4849770913061692021 | 
2023-09-22T14:50:58.067+0800	info	raft/util.go:13	  投票  发起term为 20 的选举
2023-09-22T14:50:58.067+0800	info	raft/util.go:13	  投票  向节点1发送投票邀请
2023-09-22T14:50:58.067+0800	info	raft/util.go:13	  投票  向节点0发送投票邀请
2023-09-22T14:50:58.092+0800	info	raft/util.go:13	  投票  收到 1 的投票
2023-09-22T14:50:58.092+0800	info	raft/util.go:13	  投票  节点 2 成为leader
2023-09-22T14:50:58.117+0800	info	raft/util.go:13	  心跳  给节点 1 发送心跳成功
2023-09-22T14:50:58.117+0800	info	raft/util.go:13	  日志对齐  1 日志没有冲突
2023-09-22T14:50:58.143+0800	info	raft/util.go:13	  新日志  leader接收到新的cmd,新的log为 : |  index:329 term:19 cmd:-1 |  index:330 term:19 cmd:3970028414035015204 |  index:331 term:19 cmd:981658252748729242 |  index:332 term:19 cmd:8530776975303915377 |  index:333 term:19 cmd:5788257578301531638 |  index:334 term:19 cmd:3064467717353805147 |  index:335 term:19 cmd:4010462558601503527 |  index:336 term:19 cmd:8876240536674060793 |  index:337 term:19 cmd:1951454375402955014 |  index:338 term:19 cmd:4849770913061692021 |  index:339 term:20 cmd:9178425330705222348 | 
2023-09-22T14:50:58.163+0800	info	raft/util.go:13	  心跳  给节点 1 发送心跳成功
2023-09-22T14:50:58.163+0800	info	raft/util.go:13	  日志对齐  1 日志没有冲突
2023-09-22T14:50:58.163+0800	info	raft/util.go:13	  日志提交  leader尝试发起commitindex=339
2023-09-22T14:50:58.163+0800	info	raft/util.go:13	  日志提交  提交的index: 338
2023-09-22T14:50:58.163+0800	info	raft/util.go:13	  snapshot  收到的index为 339 安装snapshot,新的log为 : |  index:339 term:20 cmd:-1 | 
2023-09-22T14:50:58.203+0800	info	raft/util.go:13	  心跳  给节点 1 发送心跳成功
2023-09-22T14:50:58.203+0800	info	raft/util.go:13	  日志对齐  1 日志没有冲突
2023-09-22T14:50:58.223+0800	info	raft/util.go:13	  新日志  leader接收到新的cmd,新的log为 : |  index:339 term:20 cmd:-1 |  index:340 term:20 cmd:7666498226681951939 | 
2023-09-22T14:50:58.263+0800	info	raft/util.go:13	  心跳  给节点 1 发送心跳成功
2023-09-22T14:50:58.263+0800	info	raft/util.go:13	  日志对齐  1 日志没有冲突
2023-09-22T14:50:58.263+0800	info	raft/util.go:13	  日志提交  leader尝试发起commitindex=340
2023-09-22T14:50:58.263+0800	info	raft/util.go:13	  心跳  给节点 1 发送心跳成功
2023-09-22T14:50:58.263+0800	info	raft/util.go:13	  日志对齐  1 日志没有冲突
2023-09-22T14:50:58.263+0800	info	raft/util.go:13	  日志提交  提交的index: 339
2023-09-22T14:50:58.325+0800	info	raft/util.go:13	  心跳  给节点 1 发送心跳成功
2023-09-22T14:50:58.325+0800	info	raft/util.go:13	  日志对齐  1 日志没有冲突
2023-09-22T14:50:58.349+0800	info	raft/util.go:13	  新日志  leader接收到新的cmd,新的log为 : |  index:339 term:20 cmd:-1 |  index:340 term:20 cmd:7666498226681951939 |  index:341 term:20 cmd:7518701356234315967 | 
2023-09-22T14:50:58.370+0800	info	raft/util.go:13	  心跳  给节点 1 发送心跳成功
2023-09-22T14:50:58.370+0800	info	raft/util.go:13	  日志对齐  1 日志没有冲突
2023-09-22T14:50:58.370+0800	info	raft/util.go:13	  日志提交  leader尝试发起commitindex=341
2023-09-22T14:50:58.370+0800	info	raft/util.go:13	  日志提交  提交的index: 340
2023-09-22T14:50:58.456+0800	info	raft/util.go:13	  心跳  给节点 0 发送心跳成功
2023-09-22T14:50:58.456+0800	info	raft/util.go:13	  心跳  给节点 1 发送心跳成功
2023-09-22T14:50:58.456+0800	info	raft/util.go:13	  日志对齐  1 日志没有冲突
2023-09-22T14:50:58.506+0800	info	raft/util.go:13	  心跳  给节点 1 发送心跳成功
2023-09-22T14:50:58.506+0800	info	raft/util.go:13	  日志对齐  1 日志没有冲突
2023-09-22T14:50:58.526+0800	info	raft/util.go:13	  心跳  给节点 0 发送心跳成功
2023-09-22T14:50:58.526+0800	info	raft/util.go:13	  日志对齐  0 日志没有冲突
2023-09-22T14:50:58.577+0800	info	raft/util.go:13	  心跳  给节点 1 发送心跳成功
2023-09-22T14:50:58.577+0800	info	raft/util.go:13	  日志对齐  1 日志没有冲突
2023-09-22T14:50:58.597+0800	info	raft/util.go:13	  心跳  给节点 0 发送心跳成功
2023-09-22T14:50:58.597+0800	info	raft/util.go:13	  日志对齐  0 日志没有冲突
2023-09-22T14:50:58.637+0800	info	raft/util.go:13	  心跳  给节点 1 发送心跳成功
2023-09-22T14:50:58.637+0800	info	raft/util.go:13	  日志对齐  1 日志没有冲突
2023-09-22T14:50:58.657+0800	info	raft/util.go:13	  心跳  给节点 0 发送心跳成功
2023-09-22T14:50:58.657+0800	info	raft/util.go:13	  日志对齐  0 日志没有冲突
2023-09-22T14:50:58.688+0800	info	raft/util.go:13	  心跳  给节点 0 发送心跳成功
2023-09-22T14:50:58.688+0800	info	raft/util.go:13	  日志对齐  0 日志没有冲突
2023-09-22T14:50:58.759+0800	info	raft/util.go:13	  心跳  给节点 0 发送心跳成功
2023-09-22T14:50:58.759+0800	info	raft/util.go:13	  日志对齐  0 日志没有冲突
2023-09-22T14:50:58.759+0800	info	raft/util.go:13	  心跳  给节点 1 发送心跳成功
2023-09-22T14:50:58.759+0800	info	raft/util.go:13	  日志对齐  1 日志没有冲突
2023-09-22T14:50:58.805+0800	info	raft/util.go:13	  心跳  给节点 1 发送心跳成功
2023-09-22T14:50:58.805+0800	info	raft/util.go:13	  日志对齐  1 日志没有冲突
2023-09-22T14:50:58.825+0800	info	raft/util.go:13	  心跳  给节点 0 发送心跳成功
2023-09-22T14:50:58.825+0800	info	raft/util.go:13	  日志对齐  0 日志没有冲突
2023-09-22T14:50:58.866+0800	info	raft/util.go:13	  心跳  给节点 1 发送心跳成功
2023-09-22T14:50:58.866+0800	info	raft/util.go:13	  日志对齐  1 日志没有冲突
2023-09-22T14:50:58.886+0800	info	raft/util.go:13	  心跳  给节点 0 发送心跳成功
2023-09-22T14:50:58.886+0800	info	raft/util.go:13	  日志对齐  0 日志没有冲突
2023-09-22T14:50:58.924+0800	info	raft/util.go:13	  心跳  给节点 0 发送心跳成功
2023-09-22T14:50:58.924+0800	info	raft/util.go:13	  日志对齐  0 日志没有冲突
2023-09-22T14:50:58.941+0800	info	raft/util.go:13	  心跳  给节点 1 发送心跳成功
2023-09-22T14:50:58.941+0800	info	raft/util.go:13	  日志对齐  1 日志没有冲突
2023-09-22T14:50:58.987+0800	info	raft/util.go:13	  心跳  给节点 0 发送心跳成功
2023-09-22T14:50:58.987+0800	info	raft/util.go:13	  日志对齐  0 日志没有冲突
2023-09-22T14:50:58.987+0800	info	raft/util.go:13	  心跳  给节点 1 发送心跳成功
2023-09-22T14:50:58.987+0800	info	raft/util.go:13	  日志对齐  1 日志没有冲突
2023-09-22T14:50:59.048+0800	info	raft/util.go:13	  心跳  给节点 1 发送心跳成功
2023-09-22T14:50:59.048+0800	info	raft/util.go:13	  日志对齐  1 日志没有冲突
2023-09-22T14:50:59.105+0800	info	raft/util.go:13	  新日志  leader接收到新的cmd,新的log为 : |  index:339 term:20 cmd:-1 |  index:340 term:20 cmd:7666498226681951939 |  index:341 term:20 cmd:7518701356234315967 |  index:342 term:20 cmd:624120644354777849 | 
2023-09-22T14:50:59.105+0800	info	raft/util.go:13	  心跳  给节点 1 发送心跳成功
2023-09-22T14:50:59.105+0800	info	raft/util.go:13	  日志对齐  1 日志没有冲突
2023-09-22T14:50:59.171+0800	info	raft/util.go:13	  心跳  给节点 1 发送心跳成功
2023-09-22T14:50:59.171+0800	info	raft/util.go:13	  日志对齐  1 日志没有冲突
2023-09-22T14:50:59.171+0800	info	raft/util.go:13	  日志提交  leader尝试发起commitindex=342
2023-09-22T14:50:59.171+0800	info	raft/util.go:13	  日志提交  提交的index: 341
2023-09-22T14:50:59.216+0800	info	raft/util.go:13	  心跳  给节点 1 发送心跳成功
2023-09-22T14:50:59.216+0800	info	raft/util.go:13	  日志对齐  1 日志没有冲突
2023-09-22T14:50:59.242+0800	info	raft/util.go:13	  新日志  leader接收到新的cmd,新的log为 : |  index:339 term:20 cmd:-1 |  index:340 term:20 cmd:7666498226681951939 |  index:341 term:20 cmd:7518701356234315967 |  index:342 term:20 cmd:624120644354777849 |  index:343 term:20 cmd:1802859763384115630 | 
2023-09-22T14:50:59.242+0800	info	raft/util.go:13	  新日志  leader接收到新的cmd,新的log为 : |  index:339 term:20 cmd:-1 |  index:340 term:20 cmd:7666498226681951939 |  index:341 term:20 cmd:7518701356234315967 |  index:342 term:20 cmd:624120644354777849 |  index:343 term:20 cmd:1802859763384115630 |  index:344 term:20 cmd:1829064280682102684 | 
2023-09-22T14:50:59.242+0800	info	raft/util.go:13	  新日志  leader接收到新的cmd,新的log为 : |  index:339 term:20 cmd:-1 |  index:340 term:20 cmd:7666498226681951939 |  index:341 term:20 cmd:7518701356234315967 |  index:342 term:20 cmd:624120644354777849 |  index:343 term:20 cmd:1802859763384115630 |  index:344 term:20 cmd:1829064280682102684 |  index:345 term:20 cmd:8813796893057235438 | 
2023-09-22T14:50:59.242+0800	info	raft/util.go:13	  新日志  leader接收到新的cmd,新的log为 : |  index:339 term:20 cmd:-1 |  index:340 term:20 cmd:7666498226681951939 |  index:341 term:20 cmd:7518701356234315967 |  index:342 term:20 cmd:624120644354777849 |  index:343 term:20 cmd:1802859763384115630 |  index:344 term:20 cmd:1829064280682102684 |  i2023-09-22T14:50:59.414+0800	info	raft/util.go:13	  snapshot  给 0 发送snapshot RPC超时
-09-22T14:50:59.242+0800	info	raft/util.go:13	  新日志  leader接收到新的cmd,新的log为 : |  index:339 term:20 cmd:-1 |  index:340 term:20 cmd:7666498226681951939 |  index:341 term:20 cmd:7518701356234315967 |  index:342 term:20 cmd:624120644354777849 |  index:343 term:20 cmd:1802859763384115630 |  index:344 term:20 cmd:1829064280682102684 |  index:345 term:20 cmd:8813796893057235438 |  index:346 term:20 cmd:1339755200466700229 |  index:347 term:20 cmd:7071731664569688794 | 
2023-09-22T14:50:59.242+0800	info	raft/util.go:13	  新日志  leader接收到新的cmd,新的log为 : |  index:339 term:20 cmd:-1 |  index:340 term:20 cmd:7666498226681951939 |  index:341 term:20 cmd:7518701356234315967 |  index:342 term:20 cmd:624120644354777849 |  index:343 term:20 cmd:1802859763384115630 |  index:344 term:20 cmd:1829064280682102684 |  index:345 term:20 cmd:8813796893057235438 |  index:346 term:20 cmd:1339755200466700229 |  index:347 term:20 cmd:7071731664569688794 |  index:348 term:20 cmd:6255742992425836879 | 
2023-09-22T14:50:59.242+0800	info	raft/util.go:13	  新日志  leader接收到新的cmd,新的log为 : |  index:339 term:20 cmd:-1 |  index:340 term:20 cmd:7666498226681951939 |  index:341 term:20 cmd:7518701356234315967 |  index:342 term:20 cmd:624120644354777849 |  index:343 term:20 cmd:1802859763384115630 |  index:344 term:20 cmd:1829064280682102684 |  index:345 term:20 cmd:8813796893057235438 |  index:346 term:20 cmd:1339755200466700229 |  index:347 term:20 cmd:7071731664569688794 |  index:348 term:20 cmd:6255742992425836879 |  index:349 term:20 cmd:8586827600141625484 | 
2023-09-22T14:50:59.242+0800	info	raft/util.go:13	  新日志  leader接收到新的cmd,新的log为 : |  index:339 term:20 cmd:-1 |  index:340 term:20 cmd:7666498226681951939 |  index:341 term:20 cmd:7518701356234315967 |  index:342 term:20 cmd:624120644354777849 |  index:343 term:20 cmd:1802859763384115630 |  index:344 term:20 cmd:1829064280682102684 |  index:345 term:20 cmd:8813796893057235438 |  index:346 term:20 cmd:1339755200466700229 |  index:347 term:20 cmd:7071731664569688794 |  index:348 term:20 cmd:6255742992425836879 |  index:349 term:20 cmd:8586827600141625484 |  index:350 term:20 cmd:9064865897330177887 | 
2023-09-22T14:50:59.242+0800	info	raft/util.go:13	  新日志  leader接收到新的cmd,新的log为 : |  index:339 term:20 cmd:-1 |  index:340 term:20 cmd:7666498226681951939 |  index:341 term:20 cmd:7518701356234315967 |  index:342 term:20 cmd:624120644354777849 |  index:343 term:20 cmd:1802859763384115630 |  index:344 term:20 cmd:1829064280682102684 |  index:345 term:20 cmd:8813796893057235438 |  index:346 term:20 cmd:1339755200466700229 |  index:347 term:20 cmd:7071731664569688794 |  index:348 term:20 cmd:6255742992425836879 |  index:349 term:20 cmd:8586827600141625484 |  index:350 term:20 cmd:9064865897330177887 |  index:351 term:20 cmd:8144128539622483892 | 
2023-09-22T14:50:59.242+0800	info	raft/util.go:13	  新日志  leader接收到新的cmd,新的log为 : |  index:339 term:20 cmd:-1 |  index:340 term:20 cmd:7666498226681951939 |  index:341 term:20 cmd:7518701356234315967 |  index:342 term:20 cmd:624120644354777849 |  index:343 term:20 cmd:1802859763384115630 |  index:344 term:20 cmd:1829064280682102684 |  index:345 term:20 cmd:8813796893057235438 |  index:346 term:20 cmd:1339755200466700229 |  index:347 term:20 cmd:7071731664569688794 |  index:348 term:20 cmd:6255742992425836879 |  index:349 term:20 cmd:8586827600141625484 |  index:350 term:20 cmd:9064865897330177887 |  index:351 term:20 cmd:8144128539622483892 |  index:352 term:20 cmd:3494373300543358969 | 
2023-09-22T14:50:59.242+0800	info	raft/util.go:13	  新日志  leader接收到新的cmd,新的log为 : |  index:339 term:20 cmd:-1 |  index:340 term:20 cmd:7666498226681951939 |  index:341 term:20 cmd:7518701356234315967 |  index:342 term:20 cmd:624120644354777849 |  index:343 term:20 cmd:1802859763384115630 |  index:344 term:20 cmd:1829064280682102684 |  index:345 term:20 cmd:8813796893057235438 |  index:346 term:20 cmd:1339755200466700229 |  index:347 term:20 cmd:7071731664569688794 |  index:348 term:20 cmd:6255742992425836879 |  index:349 term:20 cmd:8586827600141625484 |  index:350 term:20 cmd:9064865897330177887 |  index:351 term:20 cmd:8144128539622483892 |  index:352 term:20 cmd:3494373300543358969 |  index:353 term:20 cmd:8159306033740496317 | 
2023-09-22T14:50:59.242+0800	info	raft/util.go:13	  新日志  leader接收到新的cmd,新的log为 : |  index:339 term:20 cmd:-1 |  index:340 term:20 cmd:7666498226681951939 |  index:341 term:20 cmd:7518701356234315967 |  index:342 term:20 cmd:624120644354777849 |  index:343 term:20 cmd:1802859763384115630 |  index:344 term:20 cmd:1829064280682102684 |  index:345 term:20 cmd:8813796893057235438 |  index:346 term:20 cmd:1339755200466700229 |  index:347 term:20 cmd:7071731664569688794 |  index:348 term:20 cmd:6255742992425836879 |  index:349 term:20 cmd:8586827600141625484 |  index:350 term:20 cmd:9064865897330177887 |  index:351 term:20 cmd:8144128539622483892 |  index:352 term:20 cmd:3494373300543358969 |  index:353 term:20 cmd:8159306033740496317 |  index:354 term:20 cmd:7134766540700781178 | 
2023-09-22T14:50:59.262+0800	info	raft/util.go:13	  心跳  给节点 1 发送心跳成功
2023-09-22T14:50:59.262+0800	info	raft/util.go:13	  日志对齐  1 日志没有冲突
2023-09-22T14:50:59.262+0800	info	raft/util.go:13	  日志提交  leader尝试发起commitindex=343
2023-09-22T14:50:59.262+0800	info	raft/util.go:13	  日志提交  leader尝试发起commitindex=344
2023-09-22T14:50:59.262+0800	info	raft/util.go:13	  日志提交  提交的index: 342
2023-09-22T14:50:59.262+0800	info	raft/util.go:13	  日志提交  提交的index: 343
2023-09-22T14:50:59.262+0800	info	raft/util.go:13	  心跳  给节点 1 发送心跳成功
2023-09-22T14:50:59.262+0800	info	raft/util.go:13	  日志对齐  1 日志没有冲突
2023-09-22T14:50:59.262+0800	info	raft/util.go:13	  日志提交  leader尝试发起commitindex=345
2023-09-22T14:50:59.262+0800	info	raft/util.go:13	  日志提交  leader尝试发起commitindex=346
2023-09-22T14:50:59.262+0800	info	raft/util.go:13	  心跳  给节点 1 发送心跳成功
2023-09-22T14:50:59.262+0800	info	raft/util.go:13	  日志对齐  1 日志没有冲突
2023-09-22T14:50:59.262+0800	info	raft/util.go:13	  日志提交  leader尝试发起commitindex=347
2023-09-22T14:50:59.262+0800	info	raft/util.go:13	  日志提交  leader尝试发起commitindex=348
2023-09-22T14:50:59.262+0800	info	raft/util.go:13	  日志提交  leader尝试发起commitindex=349
2023-09-22T14:50:59.262+0800	info	raft/util.go:13	  日志提交  leader尝试发起commitindex=350
2023-09-22T14:50:59.262+0800	info	raft/util.go:13	  日志提交  leader尝试发起commitindex=351
2023-09-22T14:50:59.262+0800	info	raft/util.go:13	  日志提交  leader尝试发起commitindex=352
2023-09-22T14:50:59.262+0800	info	raft/util.go:13	  日志提交  leader尝试发起commitindex=348
2023-09-22T14:50:59.262+0800	info	raft/util.go:13	  日志提交  leader尝试发起commitindex=349
2023-09-22T14:50:59.262+0800	info	raft/util.go:13	  日志提交  leader尝试发起commitindex=350
2023-09-22T14:50:59.262+0800	info	raft/util.go:13	  日志提交  leader尝试发起commitindex=351
2023-09-22T14:50:59.262+0800	info	raft/util.go:13	  心跳  给节点 1 发送心跳成功
2023-09-22T14:50:59.262+0800	info	raft/util.go:13	  日志提交  leader尝试发起commitindex=353
2023-09-22T14:50:59.262+0800	info	raft/util.go:13	  心跳  给节点 1 发送心跳成功
2023-09-22T14:50:59.262+0800	info	raft/util.go:13	  日志对齐  1 日志没有冲突
2023-09-22T14:50:59.262+0800	info	raft/util.go:13	  日志提交  leader尝试发起commitindex=352
2023-09-22T14:50:59.262+0800	info	raft/util.go:13	  日志对齐  1 日志没有冲突
2023-09-22T14:50:59.262+0800	info	raft/util.go:13	  心跳  给节点 1 发送心跳成功
2023-09-22T14:50:59.262+0800	info	raft/util.go:13	  日志提交  提交的index: 344
2023-09-22T14:50:59.262+0800	info	raft/util.go:13	  日志提交  leader尝试发起commitindex=353
2023-09-22T14:50:59.262+0800	info	raft/util.go:13	  日志提交  leader尝试发起commitindex=353
2023-09-22T14:50:59.262+0800	info	raft/util.go:13	  心跳  给节点 1 发送心跳成功
2023-09-22T14:50:59.262+0800	info	raft/util.go:13	  日志对齐  1 日志没有冲突
2023-09-22T14:50:59.262+0800	info	raft/util.go:13	  日志提交  提交的index: 345
2023-09-22T14:50:59.262+0800	info	raft/util.go:13	  心跳  给节点 1 发送心跳成功
2023-09-22T14:50:59.262+0800	info	raft/util.go:13	  日志对齐  1 日志没有冲突
2023-09-22T14:50:59.262+0800	info	raft/util.go:13	  心跳  给节点 1 发送心跳成功
2023-09-22T14:50:59.262+0800	info	raft/util.go:13	  日志对齐  1 日志没有冲突
2023-09-22T14:50:59.262+0800	info	raft/util.go:13	  日志对齐  1 日志没有冲突
2023-09-22T14:50:59.262+0800	info	raft/util.go:13	  心跳  给节点 1 发送心跳成功
2023-09-22T14:50:59.262+0800	info	raft/util.go:13	  日志提交  提交的index: 346
2023-09-22T14:50:59.262+0800	info	raft/util.go:13	  日志对齐  1 日志没有冲突
2023-09-22T14:50:59.262+0800	info	raft/util.go:13	  日志提交  提交的index: 347
2023-09-22T14:50:59.262+0800	info	raft/util.go:13	  日志提交  提交的index: 348
2023-09-22T14:50:59.262+0800	info	raft/util.go:13	  日志提交  提交的index: 349
2023-09-22T14:50:59.262+0800	info	raft/util.go:13	  snapshot  收到的index为 349 安装snapshot,新的log为 : |  index:349 term:20 cmd:-1 |  index:350 term:20 cmd:9064865897330177887 |  index:351 term:20 cmd:8144128539622483892 |  index:352 term:20 cmd:3494373300543358969 |  index:353 term:20 cmd:8159306033740496317 |  index:354 term:20 cmd:7134766540700781178 | 
2023-09-22T14:50:59.262+0800	info	raft/util.go:13	  日志提交  提交的index: 350
2023-09-22T14:50:59.262+0800	info	raft/util.go:13	  日志提交  提交的index: 351
2023-09-22T14:50:59.262+0800	info	raft/util.go:13	  日志提交  提交的index: 352
2023-09-22T14:50:59.282+0800	info	raft/util.go:13	  心跳  给节点 1 发送心跳成功
2023-09-22T14:50:59.282+0800	info	raft/util.go:13	  日志对齐  1 日志没有冲突
2023-09-22T14:50:59.282+0800	info	raft/util.go:13	  心跳  给节点 1 发送心跳成功
2023-09-22T14:50:59.282+0800	info	raft/util.go:13	  日志对齐  1 日志没有冲突
2023-09-22T14:50:59.282+0800	info	raft/util.go:13	  日志提交  leader尝试发起commitindex=354
2023-09-22T14:50:59.282+0800	info	raft/util.go:13	  日志提交  提交的index: 353
2023-09-22T14:50:59.348+0800	info	raft/util.go:13	  心跳  给节点 1 发送心跳成功
2023-09-22T14:50:59.348+0800	info	raft/util.go:13	  日志对齐  1 日志没有冲突
2023-09-22T14:50:59.374+0800	info	raft/util.go:13	  新日志  leader接收到新的cmd,新的log为 : |  index:349 term:20 cmd:-1 |  index:350 term:20 cmd:9064865897330177887 |  index:351 term:20 cmd:8144128539622483892 |  index:352 term:20 cmd:3494373300543358969 |  index:353 term:20 cmd:8159306033740496317 |  index:354 term:20 cmd:7134766540700781178 |  index:355 term:20 cmd:1061674037814945118 | 
2023-09-22T14:50:59.394+0800	info	raft/util.go:13	  心跳  给节点 1 发送心跳成功
2023-09-22T14:50:59.394+0800	info	raft/util.go:13	  日志对齐  1 日志没有冲突
2023-09-22T14:50:59.394+0800	info	raft/util.go:13	  日志提交  leader尝试发起commitindex=355
2023-09-22T14:50:59.394+0800	info	raft/util.go:13	  日志提交  提交的index: 354
2023-09-22T14:50:59.414+0800	info	raft/util.go:13	  心跳  给节点 1 发送心跳成功
2023-09-22T14:50:59.414+0800	info	raft/util.go:13	  日志对齐  1 日志没有冲突
2023-09-22T14:50:59.475+0800	info	raft/util.go:13	  心跳  给节点 0 发送心跳成功
2023-09-22T14:50:59.475+0800	info	raft/util.go:13	  日志对齐  0 日志没有冲突
2023-09-22T14:50:59.475+0800	info	raft/util.go:13	  心跳  给节点 1 发送心跳成功
2023-09-22T14:50:59.475+0800	info	raft/util.go:13	  日志对齐  1 日志没有冲突
2023-09-22T14:50:59.604+0800	info	raft/util.go:13	  心跳  给节点 0 发送心跳成功
2023-09-22T14:50:59.604+0800	info	raft/util.go:13	  日志对齐  0 日志没有冲突
2023-09-22T14:50:59.604+0800	info	raft/util.go:13	  心跳  给节点 1 发送心跳成功
2023-09-22T14:50:59.604+0800	info	raft/util.go:13	  日志对齐  1 日志没有冲突
2023-09-22T14:50:59.746+0800	info	raft/util.go:13	  心跳  给节点 0 发送心跳成功
2023-09-22T14:50:59.746+0800	info	raft/util.go:13	  日志对齐  0 日志没有冲突
2023-09-22T14:50:59.746+0800	info	raft/util.go:13	  心跳  给节点 1 发送心跳成功
2023-09-22T14:50:59.746+0800	info	raft/util.go:13	  日志对齐  1 日志没有冲突
2023-09-22T14:50:59.804+0800	info	raft/util.go:13	  心跳  给节点 0 发送心跳成功
2023-09-22T14:50:59.804+0800	info	raft/util.go:13	  日志对齐  0 日志没有冲突
2023-09-22T14:50:59.850+0800	info	raft/util.go:13	  心跳  给节点 1 发送心跳成功
2023-09-22T14:50:59.850+0800	info	raft/util.go:13	  日志对齐  1 日志没有冲突
2023-09-22T14:50:59.916+0800	info	raft/util.go:13	  心跳  给节点 1 发送心跳成功
2023-09-22T14:50:59.916+0800	info	raft/util.go:13	  日志对齐  1 日志没有冲突
2023-09-22T14:50:59.972+0800	info	raft/util.go:13	  节点生命  节点2死亡
2023-09-22T14:50:59.972+0800	info	raft/util.go:13	  心跳  给节点 0 发送心跳成功
2023-09-22T14:50:59.972+0800	info	raft/util.go:13	  日志对齐  0 日志没有冲突
2023-09-22T14:50:59.987+0800	info	raft/util.go:13	  心跳  给节点 1 发送心跳成功
2023-09-22T14:50:59.987+0800	info	raft/util.go:13	  日志对齐  1 日志没有冲突
2023-09-22T14:51:00.223+0800	info	raft/util.go:13	  snapshot  给 0 发送snapshot RPC超时
2023-09-22T14:51:00.776+0800	info	raft/util.go:13	  snapshot  给 0 发送snapshot RPC超时
2023-09-22T14:51:01.073+0800	info	raft/util.go:13	  snapshot  给 0 发送snapshot RPC超时
2023-09-22T14:51:04.318+0800	info	raft/util.go:13	  snapshot  给 0 发送snapshot RPC超时
2023-09-22T14:51:04.837+0800	info	raft/util.go:13	  snapshot  给 0 发送snapshot RPC超时
