2023-08-15T09:00:48.883+0800	info	raft/raft.go:281	节点生成
2023-08-15T09:00:48.883+0800	info	raft/raft.go:252	节点更新发起选举时间为 35ms后
2023-08-15T09:00:49.058+0800	info	raft/election.go:41	收到 1 的投票邀请
2023-08-15T09:00:49.058+0800	info	raft/raft.go:319	节点更新term
2023-08-15T09:00:49.058+0800	info	raft/election.go:66	符合要求,投给 1
2023-08-15T09:00:49.058+0800	info	raft/raft.go:252	节点更新发起选举时间为 37ms后
2023-08-15T09:00:49.058+0800	info	raft/appendentry.go:45	收到心跳,来自1
2023-08-15T09:00:49.058+0800	info	raft/raft.go:252	节点更新发起选举时间为 0ms后
2023-08-15T09:00:49.058+0800	info	raft/appendentry.go:45	收到心跳,来自1
2023-08-15T09:00:49.058+0800	info	raft/raft.go:252	节点更新发起选举时间为 72ms后
2023-08-15T09:00:49.058+0800	info	raft/appendentry.go:45	收到心跳,来自1
2023-08-15T09:00:49.058+0800	info	raft/raft.go:252	节点更新发起选举时间为 136ms后
2023-08-15T09:00:49.125+0800	info	raft/appendentry.go:45	收到心跳,来自1
2023-08-15T09:00:49.125+0800	info	raft/raft.go:252	节点更新发起选举时间为 11ms后
2023-08-15T09:00:49.189+0800	info	raft/appendentry.go:45	收到心跳,来自1
2023-08-15T09:00:49.189+0800	info	raft/raft.go:252	节点更新发起选举时间为 49ms后
2023-08-15T09:00:49.255+0800	info	raft/appendentry.go:45	收到心跳,来自1
2023-08-15T09:00:49.255+0800	info	raft/raft.go:252	节点更新发起选举时间为 39ms后
2023-08-15T09:00:49.320+0800	info	raft/appendentry.go:45	收到心跳,来自1
2023-08-15T09:00:49.320+0800	info	raft/raft.go:252	节点更新发起选举时间为 69ms后
2023-08-15T09:00:49.370+0800	info	raft/appendentry.go:45	收到心跳,来自1
2023-08-15T09:00:49.370+0800	info	raft/raft.go:252	节点更新发起选举时间为 131ms后
2023-08-15T09:00:49.421+0800	info	raft/appendentry.go:45	收到心跳,来自1
2023-08-15T09:00:49.421+0800	info	raft/raft.go:252	节点更新发起选举时间为 133ms后
2023-08-15T09:00:49.485+0800	info	raft/appendentry.go:45	收到心跳,来自1
2023-08-15T09:00:49.485+0800	info	raft/raft.go:252	节点更新发起选举时间为 90ms后
2023-08-15T09:00:49.549+0800	info	raft/appendentry.go:45	收到心跳,来自1
2023-08-15T09:00:49.549+0800	info	raft/raft.go:252	节点更新发起选举时间为 145ms后
2023-08-15T09:00:49.608+0800	info	raft/appendentry.go:45	收到心跳,来自1
2023-08-15T09:00:49.608+0800	info	raft/raft.go:252	节点更新发起选举时间为 12ms后
2023-08-15T09:00:49.670+0800	info	raft/appendentry.go:45	收到心跳,来自1
2023-08-15T09:00:49.670+0800	info	raft/raft.go:252	节点更新发起选举时间为 13ms后
2023-08-15T09:00:49.733+0800	info	raft/appendentry.go:45	收到心跳,来自1
2023-08-15T09:00:49.733+0800	info	raft/raft.go:252	节点更新发起选举时间为 84ms后
2023-08-15T09:00:49.795+0800	info	raft/appendentry.go:45	收到心跳,来自1
2023-08-15T09:00:49.795+0800	info	raft/raft.go:252	节点更新发起选举时间为 17ms后
2023-08-15T09:00:49.853+0800	info	raft/appendentry.go:45	收到心跳,来自1
2023-08-15T09:00:49.853+0800	info	raft/raft.go:252	节点更新发起选举时间为 41ms后
2023-08-15T09:00:50.044+0800	info	raft/raft.go:252	节点更新发起选举时间为 0ms后
2023-08-15T09:00:50.044+0800	info	raft/election.go:147	发起term为 2 的选举
2023-08-15T09:00:50.220+0800	info	raft/raft.go:252	节点更新发起选举时间为 84ms后
2023-08-15T09:00:50.220+0800	info	raft/election.go:147	发起term为 3 的选举
2023-08-15T09:00:50.475+0800	info	raft/raft.go:252	节点更新发起选举时间为 97ms后
2023-08-15T09:00:50.475+0800	info	raft/election.go:147	发起term为 4 的选举
2023-08-15T09:00:50.774+0800	info	raft/raft.go:252	节点更新发起选举时间为 75ms后
2023-08-15T09:00:50.774+0800	info	raft/election.go:147	发起term为 5 的选举
2023-08-15T09:00:50.963+0800	info	raft/appendentry.go:22	收到新leader的心跳,放弃竞选
2023-08-15T09:00:50.963+0800	info	raft/raft.go:319	节点更新term
2023-08-15T09:00:50.963+0800	info	raft/appendentry.go:45	收到心跳,来自6
2023-08-15T09:00:50.963+0800	info	raft/raft.go:252	节点更新发起选举时间为 45ms后
2023-08-15T09:00:50.963+0800	info	raft/appendentry.go:45	收到心跳,来自1
2023-08-15T09:00:50.963+0800	info	raft/raft.go:252	节点更新发起选举时间为 146ms后
2023-08-15T09:00:51.030+0800	info	raft/appendentry.go:45	收到心跳,来自6
2023-08-15T09:00:51.030+0800	info	raft/raft.go:252	节点更新发起选举时间为 124ms后
2023-08-15T09:00:51.091+0800	info	raft/appendentry.go:45	收到心跳,来自6
2023-08-15T09:00:51.091+0800	info	raft/raft.go:252	节点更新发起选举时间为 109ms后
2023-08-15T09:00:51.157+0800	info	raft/appendentry.go:45	收到心跳,来自6
2023-08-15T09:00:51.157+0800	info	raft/raft.go:252	节点更新发起选举时间为 116ms后
2023-08-15T09:00:51.217+0800	info	raft/appendentry.go:45	收到心跳,来自6
2023-08-15T09:00:51.217+0800	info	raft/raft.go:252	节点更新发起选举时间为 55ms后
2023-08-15T09:00:51.284+0800	info	raft/appendentry.go:45	收到心跳,来自6
2023-08-15T09:00:51.284+0800	info	raft/raft.go:252	节点更新发起选举时间为 13ms后
2023-08-15T09:00:51.340+0800	info	raft/appendentry.go:45	收到心跳,来自6
2023-08-15T09:00:51.340+0800	info	raft/raft.go:252	节点更新发起选举时间为 136ms后
2023-08-15T09:00:51.391+0800	info	raft/appendentry.go:45	收到心跳,来自6
2023-08-15T09:00:51.391+0800	info	raft/raft.go:252	节点更新发起选举时间为 120ms后
2023-08-15T09:00:51.447+0800	info	raft/appendentry.go:45	收到心跳,来自6
2023-08-15T09:00:51.447+0800	info	raft/raft.go:252	节点更新发起选举时间为 18ms后
2023-08-15T09:00:51.634+0800	info	raft/raft.go:252	节点更新发起选举时间为 119ms后
2023-08-15T09:00:51.634+0800	info	raft/election.go:147	发起term为 7 的选举
2023-08-15T09:00:51.634+0800	info	raft/election.go:41	收到 3 的投票邀请
2023-08-15T09:00:51.634+0800	info	raft/raft.go:319	节点更新term
2023-08-15T09:00:51.634+0800	info	raft/election.go:66	符合要求,投给 3
2023-08-15T09:00:51.634+0800	info	raft/raft.go:252	节点更新发起选举时间为 52ms后
2023-08-15T09:00:51.634+0800	info	raft/appendentry.go:45	收到心跳,来自3
2023-08-15T09:00:51.634+0800	info	raft/raft.go:252	节点更新发起选举时间为 100ms后
2023-08-15T09:00:51.696+0800	info	raft/appendentry.go:45	收到心跳,来自3
2023-08-15T09:00:51.696+0800	info	raft/raft.go:252	节点更新发起选举时间为 49ms后
2023-08-15T09:00:51.758+0800	info	raft/appendentry.go:45	收到心跳,来自3
2023-08-15T09:00:51.758+0800	info	raft/raft.go:252	节点更新发起选举时间为 0ms后
2023-08-15T09:00:51.824+0800	info	raft/appendentry.go:45	收到心跳,来自3
2023-08-15T09:00:51.824+0800	info	raft/raft.go:252	节点更新发起选举时间为 62ms后
2023-08-15T09:00:51.886+0800	info	raft/appendentry.go:45	收到心跳,来自3
2023-08-15T09:00:51.886+0800	info	raft/raft.go:252	节点更新发起选举时间为 5ms后
2023-08-15T09:00:51.943+0800	info	raft/appendentry.go:45	收到心跳,来自3
2023-08-15T09:00:51.943+0800	info	raft/raft.go:252	节点更新发起选举时间为 44ms后
2023-08-15T09:00:51.999+0800	info	raft/appendentry.go:45	收到心跳,来自3
2023-08-15T09:00:51.999+0800	info	raft/raft.go:252	节点更新发起选举时间为 142ms后
2023-08-15T09:00:52.173+0800	info	raft/election.go:41	收到 5 的投票邀请
2023-08-15T09:00:52.173+0800	info	raft/raft.go:319	节点更新term
2023-08-15T09:00:52.173+0800	info	raft/election.go:66	符合要求,投给 5
2023-08-15T09:00:52.173+0800	info	raft/raft.go:252	节点更新发起选举时间为 46ms后
2023-08-15T09:00:52.173+0800	info	raft/appendentry.go:45	收到心跳,来自5
2023-08-15T09:00:52.173+0800	info	raft/raft.go:252	节点更新发起选举时间为 64ms后
2023-08-15T09:00:52.173+0800	info	raft/appendentry.go:45	收到心跳,来自5
2023-08-15T09:00:52.173+0800	info	raft/raft.go:252	节点更新发起选举时间为 131ms后
2023-08-15T09:00:52.173+0800	info	raft/appendentry.go:45	收到心跳,来自5
2023-08-15T09:00:52.173+0800	info	raft/raft.go:252	节点更新发起选举时间为 136ms后
2023-08-15T09:00:52.225+0800	info	raft/appendentry.go:45	收到心跳,来自5
2023-08-15T09:00:52.225+0800	info	raft/raft.go:252	节点更新发起选举时间为 117ms后
2023-08-15T09:00:52.287+0800	info	raft/appendentry.go:45	收到心跳,来自5
2023-08-15T09:00:52.287+0800	info	raft/raft.go:252	节点更新发起选举时间为 147ms后
2023-08-15T09:00:52.339+0800	info	raft/appendentry.go:45	收到心跳,来自5
2023-08-15T09:00:52.339+0800	info	raft/raft.go:252	节点更新发起选举时间为 28ms后
2023-08-15T09:00:52.406+0800	info	raft/appendentry.go:45	收到心跳,来自5
2023-08-15T09:00:52.406+0800	info	raft/raft.go:252	节点更新发起选举时间为 65ms后
2023-08-15T09:00:52.473+0800	info	raft/appendentry.go:45	收到心跳,来自5
2023-08-15T09:00:52.473+0800	info	raft/raft.go:252	节点更新发起选举时间为 80ms后
2023-08-15T09:00:52.731+0800	info	raft/raft.go:252	节点更新发起选举时间为 24ms后
2023-08-15T09:00:52.731+0800	info	raft/election.go:147	发起term为 12 的选举
2023-08-15T09:00:52.912+0800	info	raft/raft.go:252	节点更新发起选举时间为 32ms后
2023-08-15T09:00:52.912+0800	info	raft/election.go:147	发起term为 13 的选举
2023-08-15T09:00:53.104+0800	info	raft/raft.go:252	节点更新发起选举时间为 118ms后
2023-08-15T09:00:53.104+0800	info	raft/election.go:147	发起term为 14 的选举
2023-08-15T09:00:53.419+0800	info	raft/raft.go:252	节点更新发起选举时间为 130ms后
2023-08-15T09:00:53.419+0800	info	raft/election.go:147	发起term为 15 的选举
2023-08-15T09:00:53.739+0800	info	raft/raft.go:252	节点更新发起选举时间为 104ms后
2023-08-15T09:00:53.739+0800	info	raft/election.go:147	发起term为 16 的选举
2023-08-15T09:00:53.739+0800	info	raft/election.go:128	收到 6 的投票
2023-08-15T09:00:53.739+0800	info	raft/election.go:128	收到 1 的投票
2023-08-15T09:00:53.739+0800	info	raft/election.go:128	收到 3 的投票
2023-08-15T09:00:53.739+0800	info	raft/election.go:167	节点成为leader
2023-08-15T09:00:53.739+0800	info	raft/election.go:167	节点成为leader
2023-08-15T09:00:53.791+0800	info	raft/raft.go:230	leader 发送心跳
2023-08-15T09:00:53.791+0800	info	raft/raft.go:252	节点更新发起选举时间为 53ms后
2023-08-15T09:00:53.853+0800	info	raft/raft.go:230	leader 发送心跳
2023-08-15T09:00:53.853+0800	info	raft/raft.go:252	节点更新发起选举时间为 135ms后
2023-08-15T09:00:53.918+0800	info	raft/raft.go:230	leader 发送心跳
2023-08-15T09:00:53.918+0800	info	raft/raft.go:252	节点更新发起选举时间为 122ms后
2023-08-15T09:00:53.985+0800	info	raft/raft.go:230	leader 发送心跳
2023-08-15T09:00:53.985+0800	info	raft/raft.go:252	节点更新发起选举时间为 18ms后
2023-08-15T09:00:54.051+0800	info	raft/raft.go:230	leader 发送心跳
2023-08-15T09:00:54.051+0800	info	raft/raft.go:252	节点更新发起选举时间为 93ms后
2023-08-15T09:00:54.123+0800	info	raft/raft.go:230	leader 发送心跳
2023-08-15T09:00:54.123+0800	info	raft/raft.go:252	节点更新发起选举时间为 145ms后
2023-08-15T09:00:54.184+0800	info	raft/raft.go:230	leader 发送心跳
2023-08-15T09:00:54.185+0800	info	raft/raft.go:252	节点更新发起选举时间为 31ms后
2023-08-15T09:00:54.246+0800	info	raft/raft.go:230	leader 发送心跳
2023-08-15T09:00:54.246+0800	info	raft/raft.go:252	节点更新发起选举时间为 16ms后
2023-08-15T09:00:54.302+0800	info	raft/raft.go:230	leader 发送心跳
2023-08-15T09:00:54.302+0800	info	raft/raft.go:252	节点更新发起选举时间为 47ms后
2023-08-15T09:00:54.353+0800	info	raft/raft.go:230	leader 发送心跳
2023-08-15T09:00:54.353+0800	info	raft/raft.go:252	节点更新发起选举时间为 127ms后
2023-08-15T09:00:54.414+0800	info	raft/raft.go:230	leader 发送心跳
2023-08-15T09:00:54.414+0800	info	raft/raft.go:252	节点更新发起选举时间为 118ms后
2023-08-15T09:00:54.470+0800	info	raft/raft.go:230	leader 发送心跳
2023-08-15T09:00:54.470+0800	info	raft/raft.go:252	节点更新发起选举时间为 88ms后
2023-08-15T09:00:54.530+0800	info	raft/raft.go:230	leader 发送心跳
2023-08-15T09:00:54.530+0800	info	raft/raft.go:252	节点更新发起选举时间为 6ms后
2023-08-15T09:00:54.596+0800	info	raft/raft.go:230	leader 发送心跳
2023-08-15T09:00:54.596+0800	info	raft/raft.go:252	节点更新发起选举时间为 8ms后
2023-08-15T09:00:54.653+0800	info	raft/raft.go:230	leader 发送心跳
2023-08-15T09:00:54.653+0800	info	raft/raft.go:252	节点更新发起选举时间为 14ms后
2023-08-15T09:00:54.653+0800	info	raft/election.go:41	收到 1 的投票邀请
2023-08-15T09:00:54.653+0800	info	raft/raft.go:319	节点更新term
2023-08-15T09:00:54.653+0800	info	raft/election.go:66	符合要求,投给 1
2023-08-15T09:00:54.653+0800	info	raft/appendentry.go:64	遇到更大的term,leader下线
2023-08-15T09:00:54.653+0800	info	raft/raft.go:319	节点更新term
2023-08-15T09:00:54.653+0800	info	raft/raft.go:252	节点更新发起选举时间为 137ms后
2023-08-15T09:00:54.775+0800	info	raft/election.go:41	收到 3 的投票邀请
2023-08-15T09:00:54.775+0800	info	raft/election.go:66	符合要求,投给 3
2023-08-15T09:00:54.775+0800	info	raft/raft.go:252	节点更新发起选举时间为 34ms后
2023-08-15T09:00:54.775+0800	info	raft/election.go:41	收到 0 的投票邀请
2023-08-15T09:00:54.775+0800	info	raft/raft.go:319	节点更新term
2023-08-15T09:00:54.775+0800	info	raft/election.go:66	符合要求,投给 0
2023-08-15T09:00:54.775+0800	info	raft/raft.go:252	节点更新发起选举时间为 8ms后
2023-08-15T09:00:54.775+0800	info	raft/appendentry.go:45	收到心跳,来自3
2023-08-15T09:00:54.775+0800	info	raft/raft.go:252	节点更新发起选举时间为 140ms后
2023-08-15T09:00:54.775+0800	info	raft/appendentry.go:45	收到心跳,来自0
2023-08-15T09:00:54.775+0800	info	raft/raft.go:252	节点更新发起选举时间为 141ms后
2023-08-15T09:00:54.835+0800	info	raft/appendentry.go:45	收到心跳,来自0
2023-08-15T09:00:54.835+0800	info	raft/raft.go:252	节点更新发起选举时间为 73ms后
2023-08-15T09:00:54.893+0800	info	raft/appendentry.go:45	收到心跳,来自0
2023-08-15T09:00:54.893+0800	info	raft/raft.go:252	节点更新发起选举时间为 112ms后
2023-08-15T09:00:54.948+0800	info	raft/appendentry.go:45	收到心跳,来自0
2023-08-15T09:00:54.948+0800	info	raft/raft.go:252	节点更新发起选举时间为 42ms后
2023-08-15T09:00:55.011+0800	info	raft/appendentry.go:45	收到心跳,来自0
2023-08-15T09:00:55.011+0800	info	raft/raft.go:252	节点更新发起选举时间为 0ms后
2023-08-15T09:00:55.063+0800	info	raft/appendentry.go:45	收到心跳,来自0
2023-08-15T09:00:55.063+0800	info	raft/raft.go:252	节点更新发起选举时间为 20ms后
2023-08-15T09:00:55.125+0800	info	raft/appendentry.go:45	收到心跳,来自0
2023-08-15T09:00:55.125+0800	info	raft/raft.go:252	节点更新发起选举时间为 68ms后
2023-08-15T09:00:55.146+0800	info	raft/raft.go:210	节点死亡
